mode: set
github.com/SimoKiihamaki/autodev/internal/utils/utils.go:4.28,6.2 1 1
github.com/SimoKiihamaki/autodev/internal/utils/utils.go:9.25,11.2 1 1
github.com/SimoKiihamaki/autodev/internal/config/config.go:133.24,183.2 1 1
github.com/SimoKiihamaki/autodev/internal/config/config.go:185.34,187.16 2 1
github.com/SimoKiihamaki/autodev/internal/config/config.go:187.16,189.3 1 1
github.com/SimoKiihamaki/autodev/internal/config/config.go:190.2,190.52 1 1
github.com/SimoKiihamaki/autodev/internal/config/config.go:193.29,195.16 2 1
github.com/SimoKiihamaki/autodev/internal/config/config.go:195.16,197.3 1 0
github.com/SimoKiihamaki/autodev/internal/config/config.go:198.2,198.47 1 1
github.com/SimoKiihamaki/autodev/internal/config/config.go:201.34,203.16 2 1
github.com/SimoKiihamaki/autodev/internal/config/config.go:203.16,205.3 1 0
github.com/SimoKiihamaki/autodev/internal/config/config.go:206.2,206.48 1 1
github.com/SimoKiihamaki/autodev/internal/config/config.go:206.48,208.3 1 0
github.com/SimoKiihamaki/autodev/internal/config/config.go:209.2,209.45 1 1
github.com/SimoKiihamaki/autodev/internal/config/config.go:209.45,211.3 1 0
github.com/SimoKiihamaki/autodev/internal/config/config.go:212.2,212.17 1 1
github.com/SimoKiihamaki/autodev/internal/config/config.go:217.49,221.21 2 1
github.com/SimoKiihamaki/autodev/internal/config/config.go:221.21,226.3 2 1
github.com/SimoKiihamaki/autodev/internal/config/config.go:226.8,226.58 1 1
github.com/SimoKiihamaki/autodev/internal/config/config.go:226.58,233.3 2 0
github.com/SimoKiihamaki/autodev/internal/config/config.go:235.2,235.20 1 1
github.com/SimoKiihamaki/autodev/internal/config/config.go:241.41,242.42 1 1
github.com/SimoKiihamaki/autodev/internal/config/config.go:242.42,245.22 3 1
github.com/SimoKiihamaki/autodev/internal/config/config.go:245.22,247.4 1 1
github.com/SimoKiihamaki/autodev/internal/config/config.go:248.3,248.22 1 1
github.com/SimoKiihamaki/autodev/internal/config/config.go:248.22,250.4 1 1
github.com/SimoKiihamaki/autodev/internal/config/config.go:251.3,251.22 1 1
github.com/SimoKiihamaki/autodev/internal/config/config.go:251.22,253.4 1 1
github.com/SimoKiihamaki/autodev/internal/config/config.go:254.3,254.29 1 1
github.com/SimoKiihamaki/autodev/internal/config/config.go:257.2,260.18 3 1
github.com/SimoKiihamaki/autodev/internal/config/config.go:260.18,261.18 1 1
github.com/SimoKiihamaki/autodev/internal/config/config.go:261.18,263.4 1 0
github.com/SimoKiihamaki/autodev/internal/config/config.go:264.3,264.11 1 1
github.com/SimoKiihamaki/autodev/internal/config/config.go:266.2,266.18 1 1
github.com/SimoKiihamaki/autodev/internal/config/config.go:266.18,267.18 1 0
github.com/SimoKiihamaki/autodev/internal/config/config.go:267.18,269.4 1 0
github.com/SimoKiihamaki/autodev/internal/config/config.go:270.3,270.11 1 0
github.com/SimoKiihamaki/autodev/internal/config/config.go:272.2,272.18 1 1
github.com/SimoKiihamaki/autodev/internal/config/config.go:272.18,273.18 1 0
github.com/SimoKiihamaki/autodev/internal/config/config.go:273.18,275.4 1 0
github.com/SimoKiihamaki/autodev/internal/config/config.go:276.3,276.11 1 0
github.com/SimoKiihamaki/autodev/internal/config/config.go:278.2,278.10 1 1
github.com/SimoKiihamaki/autodev/internal/config/config.go:294.20,296.42 2 1
github.com/SimoKiihamaki/autodev/internal/config/config.go:296.42,298.3 1 0
github.com/SimoKiihamaki/autodev/internal/config/config.go:299.2,299.25 1 1
github.com/SimoKiihamaki/autodev/internal/config/config.go:299.25,301.3 1 0
github.com/SimoKiihamaki/autodev/internal/config/config.go:302.2,302.22 1 1
github.com/SimoKiihamaki/autodev/internal/config/config.go:308.36,310.16 2 1
github.com/SimoKiihamaki/autodev/internal/config/config.go:310.16,315.3 1 0
github.com/SimoKiihamaki/autodev/internal/config/config.go:316.2,317.36 2 1
github.com/SimoKiihamaki/autodev/internal/config/config.go:317.36,319.3 1 1
github.com/SimoKiihamaki/autodev/internal/config/config.go:320.2,320.16 1 1
github.com/SimoKiihamaki/autodev/internal/config/config.go:320.16,325.3 1 0
github.com/SimoKiihamaki/autodev/internal/config/config.go:328.2,330.46 3 1
github.com/SimoKiihamaki/autodev/internal/config/config.go:330.46,336.3 1 0
github.com/SimoKiihamaki/autodev/internal/config/config.go:339.2,346.82 4 1
github.com/SimoKiihamaki/autodev/internal/config/config.go:346.82,347.54 1 1
github.com/SimoKiihamaki/autodev/internal/config/config.go:347.54,349.4 1 0
github.com/SimoKiihamaki/autodev/internal/config/config.go:353.2,361.25 7 1
github.com/SimoKiihamaki/autodev/internal/config/config.go:361.25,363.3 1 0
github.com/SimoKiihamaki/autodev/internal/config/config.go:366.2,366.34 1 1
github.com/SimoKiihamaki/autodev/internal/config/config.go:366.34,368.3 1 0
github.com/SimoKiihamaki/autodev/internal/config/config.go:369.2,369.40 1 1
github.com/SimoKiihamaki/autodev/internal/config/config.go:369.40,371.3 1 0
github.com/SimoKiihamaki/autodev/internal/config/config.go:372.2,372.39 1 1
github.com/SimoKiihamaki/autodev/internal/config/config.go:372.39,374.3 1 0
github.com/SimoKiihamaki/autodev/internal/config/config.go:375.2,375.36 1 1
github.com/SimoKiihamaki/autodev/internal/config/config.go:375.36,377.3 1 0
github.com/SimoKiihamaki/autodev/internal/config/config.go:378.2,378.43 1 1
github.com/SimoKiihamaki/autodev/internal/config/config.go:378.43,380.3 1 0
github.com/SimoKiihamaki/autodev/internal/config/config.go:381.2,381.45 1 1
github.com/SimoKiihamaki/autodev/internal/config/config.go:381.45,383.3 1 0
github.com/SimoKiihamaki/autodev/internal/config/config.go:384.2,384.47 1 1
github.com/SimoKiihamaki/autodev/internal/config/config.go:384.47,386.3 1 0
github.com/SimoKiihamaki/autodev/internal/config/config.go:387.2,387.29 1 1
github.com/SimoKiihamaki/autodev/internal/config/config.go:387.29,389.3 1 0
github.com/SimoKiihamaki/autodev/internal/config/config.go:390.2,390.28 1 1
github.com/SimoKiihamaki/autodev/internal/config/config.go:390.28,392.3 1 0
github.com/SimoKiihamaki/autodev/internal/config/config.go:397.2,402.39 2 1
github.com/SimoKiihamaki/autodev/internal/config/config.go:402.39,404.3 1 0
github.com/SimoKiihamaki/autodev/internal/config/config.go:405.2,405.43 1 1
github.com/SimoKiihamaki/autodev/internal/config/config.go:405.43,407.3 1 0
github.com/SimoKiihamaki/autodev/internal/config/config.go:408.2,408.43 1 1
github.com/SimoKiihamaki/autodev/internal/config/config.go:408.43,410.3 1 0
github.com/SimoKiihamaki/autodev/internal/config/config.go:411.2,411.42 1 1
github.com/SimoKiihamaki/autodev/internal/config/config.go:411.42,413.3 1 0
github.com/SimoKiihamaki/autodev/internal/config/config.go:417.2,417.25 1 1
github.com/SimoKiihamaki/autodev/internal/config/config.go:417.25,422.3 4 0
github.com/SimoKiihamaki/autodev/internal/config/config.go:425.2,425.32 1 1
github.com/SimoKiihamaki/autodev/internal/config/config.go:425.32,427.3 1 0
github.com/SimoKiihamaki/autodev/internal/config/config.go:428.2,428.29 1 1
github.com/SimoKiihamaki/autodev/internal/config/config.go:428.29,430.3 1 0
github.com/SimoKiihamaki/autodev/internal/config/config.go:431.2,431.19 1 1
github.com/SimoKiihamaki/autodev/internal/config/config.go:431.19,433.3 1 0
github.com/SimoKiihamaki/autodev/internal/config/config.go:436.2,437.16 2 1
github.com/SimoKiihamaki/autodev/internal/config/config.go:437.16,439.3 1 0
github.com/SimoKiihamaki/autodev/internal/config/config.go:439.8,441.22 2 1
github.com/SimoKiihamaki/autodev/internal/config/config.go:441.22,443.4 1 0
github.com/SimoKiihamaki/autodev/internal/config/config.go:443.9,445.4 1 1
github.com/SimoKiihamaki/autodev/internal/config/config.go:449.2,449.83 1 1
github.com/SimoKiihamaki/autodev/internal/config/config.go:449.83,451.44 2 0
github.com/SimoKiihamaki/autodev/internal/config/config.go:451.44,453.4 1 0
github.com/SimoKiihamaki/autodev/internal/config/config.go:456.3,456.34 1 0
github.com/SimoKiihamaki/autodev/internal/config/config.go:456.34,462.4 1 0
github.com/SimoKiihamaki/autodev/internal/config/config.go:465.3,466.63 2 0
github.com/SimoKiihamaki/autodev/internal/config/config.go:469.2,469.50 1 1
github.com/SimoKiihamaki/autodev/internal/config/config.go:477.27,479.2 1 1
github.com/SimoKiihamaki/autodev/internal/config/config.go:483.61,484.39 1 1
github.com/SimoKiihamaki/autodev/internal/config/config.go:484.39,486.3 1 0
github.com/SimoKiihamaki/autodev/internal/config/config.go:487.2,488.16 2 1
github.com/SimoKiihamaki/autodev/internal/config/config.go:488.16,490.3 1 0
github.com/SimoKiihamaki/autodev/internal/config/config.go:491.2,492.16 2 1
github.com/SimoKiihamaki/autodev/internal/config/config.go:492.16,494.3 1 0
github.com/SimoKiihamaki/autodev/internal/config/config.go:497.2,498.12 2 1
github.com/SimoKiihamaki/autodev/internal/config/config.go:498.12,500.3 1 1
github.com/SimoKiihamaki/autodev/internal/config/config.go:503.2,503.9 1 1
github.com/SimoKiihamaki/autodev/internal/config/config.go:504.21,505.13 1 1
github.com/SimoKiihamaki/autodev/internal/config/config.go:506.29,507.71 1 1
github.com/SimoKiihamaki/autodev/internal/config/config.go:513.32,515.32 2 1
github.com/SimoKiihamaki/autodev/internal/config/config.go:515.32,517.3 1 1
github.com/SimoKiihamaki/autodev/internal/config/config.go:518.2,518.29 1 1
github.com/SimoKiihamaki/autodev/internal/config/config.go:518.29,520.3 1 1
github.com/SimoKiihamaki/autodev/internal/config/config.go:521.2,521.25 1 1
github.com/SimoKiihamaki/autodev/internal/config/config.go:521.25,523.3 1 1
github.com/SimoKiihamaki/autodev/internal/config/config.go:526.2,526.34 1 1
github.com/SimoKiihamaki/autodev/internal/config/config.go:526.34,528.3 1 1
github.com/SimoKiihamaki/autodev/internal/config/config.go:529.2,529.40 1 1
github.com/SimoKiihamaki/autodev/internal/config/config.go:529.40,531.3 1 1
github.com/SimoKiihamaki/autodev/internal/config/config.go:532.2,532.39 1 1
github.com/SimoKiihamaki/autodev/internal/config/config.go:532.39,534.3 1 1
github.com/SimoKiihamaki/autodev/internal/config/config.go:535.2,535.36 1 1
github.com/SimoKiihamaki/autodev/internal/config/config.go:535.36,537.3 1 1
github.com/SimoKiihamaki/autodev/internal/config/config.go:538.2,538.42 1 1
github.com/SimoKiihamaki/autodev/internal/config/config.go:538.42,540.3 1 0
github.com/SimoKiihamaki/autodev/internal/config/config.go:541.2,541.43 1 1
github.com/SimoKiihamaki/autodev/internal/config/config.go:541.43,543.3 1 0
github.com/SimoKiihamaki/autodev/internal/config/config.go:544.2,544.43 1 1
github.com/SimoKiihamaki/autodev/internal/config/config.go:544.43,546.3 1 1
github.com/SimoKiihamaki/autodev/internal/config/config.go:547.2,547.45 1 1
github.com/SimoKiihamaki/autodev/internal/config/config.go:547.45,549.3 1 1
github.com/SimoKiihamaki/autodev/internal/config/config.go:550.2,550.47 1 1
github.com/SimoKiihamaki/autodev/internal/config/config.go:550.47,552.3 1 1
github.com/SimoKiihamaki/autodev/internal/config/config.go:553.2,553.29 1 1
github.com/SimoKiihamaki/autodev/internal/config/config.go:553.29,555.3 1 1
github.com/SimoKiihamaki/autodev/internal/config/config.go:556.2,556.28 1 1
github.com/SimoKiihamaki/autodev/internal/config/config.go:556.28,558.3 1 1
github.com/SimoKiihamaki/autodev/internal/config/config.go:561.2,561.39 1 1
github.com/SimoKiihamaki/autodev/internal/config/config.go:561.39,563.3 1 1
github.com/SimoKiihamaki/autodev/internal/config/config.go:564.2,564.43 1 1
github.com/SimoKiihamaki/autodev/internal/config/config.go:564.43,566.3 1 1
github.com/SimoKiihamaki/autodev/internal/config/config.go:567.2,567.43 1 1
github.com/SimoKiihamaki/autodev/internal/config/config.go:567.43,569.3 1 1
github.com/SimoKiihamaki/autodev/internal/config/config.go:570.2,570.42 1 1
github.com/SimoKiihamaki/autodev/internal/config/config.go:570.42,572.3 1 1
github.com/SimoKiihamaki/autodev/internal/config/config.go:574.2,574.19 1 1
github.com/SimoKiihamaki/autodev/internal/config/config.go:574.19,576.31 2 1
github.com/SimoKiihamaki/autodev/internal/config/config.go:576.31,578.24 2 1
github.com/SimoKiihamaki/autodev/internal/config/config.go:578.24,580.5 1 1
github.com/SimoKiihamaki/autodev/internal/config/config.go:581.4,581.23 1 1
github.com/SimoKiihamaki/autodev/internal/config/config.go:583.3,583.23 1 1
github.com/SimoKiihamaki/autodev/internal/config/config.go:585.2,585.16 1 1
github.com/SimoKiihamaki/autodev/internal/config/config.go:591.42,602.36 1 1
github.com/SimoKiihamaki/autodev/internal/config/config.go:602.36,604.3 1 0
github.com/SimoKiihamaki/autodev/internal/config/config.go:607.2,607.56 1 1
github.com/SimoKiihamaki/autodev/internal/config/config.go:607.56,609.3 1 0
github.com/SimoKiihamaki/autodev/internal/config/config.go:610.2,610.90 1 1
github.com/SimoKiihamaki/autodev/internal/config/config.go:610.90,612.3 1 1
github.com/SimoKiihamaki/autodev/internal/config/config.go:614.2,614.28 1 1
github.com/SimoKiihamaki/autodev/internal/config/config.go:614.28,616.3 1 1
github.com/SimoKiihamaki/autodev/internal/config/config.go:619.2,624.89 1 1
github.com/SimoKiihamaki/autodev/internal/config/config.go:624.89,626.3 1 0
github.com/SimoKiihamaki/autodev/internal/config/config.go:629.2,631.97 1 1
github.com/SimoKiihamaki/autodev/internal/config/config.go:631.97,633.3 1 0
github.com/SimoKiihamaki/autodev/internal/config/config.go:635.2,636.59 1 1
github.com/SimoKiihamaki/autodev/internal/config/config.go:636.59,638.3 1 0
github.com/SimoKiihamaki/autodev/internal/config/config.go:640.2,643.87 1 1
github.com/SimoKiihamaki/autodev/internal/config/config.go:643.87,645.3 1 0
github.com/SimoKiihamaki/autodev/internal/config/config.go:647.2,650.56 1 1
github.com/SimoKiihamaki/autodev/internal/config/config.go:650.56,652.3 1 0
github.com/SimoKiihamaki/autodev/internal/config/config.go:653.2,653.46 1 1
github.com/SimoKiihamaki/autodev/internal/config/config.go:653.46,655.3 1 0
github.com/SimoKiihamaki/autodev/internal/config/config.go:656.2,656.36 1 1
github.com/SimoKiihamaki/autodev/internal/config/config.go:656.36,658.3 1 0
github.com/SimoKiihamaki/autodev/internal/config/config.go:660.2,660.70 1 1
github.com/SimoKiihamaki/autodev/internal/config/config.go:660.70,662.3 1 0
github.com/SimoKiihamaki/autodev/internal/config/config.go:663.2,663.64 1 1
github.com/SimoKiihamaki/autodev/internal/config/config.go:663.64,665.3 1 0
github.com/SimoKiihamaki/autodev/internal/config/config.go:667.2,667.43 1 1
github.com/SimoKiihamaki/autodev/internal/config/config.go:667.43,669.3 1 1
github.com/SimoKiihamaki/autodev/internal/config/config.go:671.2,671.13 1 1
github.com/SimoKiihamaki/autodev/internal/config/config.go:674.44,676.32 1 1
github.com/SimoKiihamaki/autodev/internal/config/config.go:676.32,678.3 1 1
github.com/SimoKiihamaki/autodev/internal/config/config.go:679.2,679.22 1 1
github.com/SimoKiihamaki/autodev/internal/config/config.go:679.22,681.3 1 0
github.com/SimoKiihamaki/autodev/internal/config/config.go:682.2,682.19 1 1
github.com/SimoKiihamaki/autodev/internal/config/config.go:682.19,683.19 1 1
github.com/SimoKiihamaki/autodev/internal/config/config.go:683.19,685.4 1 0
github.com/SimoKiihamaki/autodev/internal/config/config.go:687.2,687.13 1 1
github.com/SimoKiihamaki/autodev/internal/config/config.go:690.53,691.22 1 1
github.com/SimoKiihamaki/autodev/internal/config/config.go:691.22,693.3 1 0
github.com/SimoKiihamaki/autodev/internal/config/config.go:694.2,694.32 1 1
github.com/SimoKiihamaki/autodev/internal/config/config.go:694.32,696.3 1 1
github.com/SimoKiihamaki/autodev/internal/config/config.go:697.2,697.28 1 1
github.com/SimoKiihamaki/autodev/internal/config/config.go:697.28,699.10 2 1
github.com/SimoKiihamaki/autodev/internal/config/config.go:699.10,701.4 1 0
github.com/SimoKiihamaki/autodev/internal/config/config.go:702.3,702.49 1 1
github.com/SimoKiihamaki/autodev/internal/config/config.go:702.49,704.4 1 0
github.com/SimoKiihamaki/autodev/internal/config/config.go:705.3,705.50 1 1
github.com/SimoKiihamaki/autodev/internal/config/config.go:705.50,707.4 1 1
github.com/SimoKiihamaki/autodev/internal/config/config.go:709.2,709.13 1 1
github.com/SimoKiihamaki/autodev/internal/config/config.go:712.38,713.30 1 1
github.com/SimoKiihamaki/autodev/internal/config/config.go:713.30,715.3 1 1
github.com/SimoKiihamaki/autodev/internal/config/config.go:716.2,716.30 1 1
github.com/SimoKiihamaki/autodev/internal/config/config.go:716.30,718.3 1 1
github.com/SimoKiihamaki/autodev/internal/config/config.go:719.2,719.19 1 1
github.com/SimoKiihamaki/autodev/internal/config/config.go:725.49,726.32 1 0
github.com/SimoKiihamaki/autodev/internal/config/config.go:726.32,728.3 1 0
github.com/SimoKiihamaki/autodev/internal/config/config.go:729.2,729.54 1 0
github.com/SimoKiihamaki/autodev/internal/config/config.go:734.46,735.29 1 0
github.com/SimoKiihamaki/autodev/internal/config/config.go:735.29,737.3 1 0
github.com/SimoKiihamaki/autodev/internal/config/config.go:738.2,738.51 1 0
github.com/SimoKiihamaki/autodev/internal/config/config.go:742.25,744.2 1 1
github.com/SimoKiihamaki/autodev/internal/config/config.go:749.39,750.26 1 1
github.com/SimoKiihamaki/autodev/internal/config/config.go:750.26,752.3 1 1
github.com/SimoKiihamaki/autodev/internal/config/config.go:753.2,753.26 1 1
github.com/SimoKiihamaki/autodev/internal/config/config.go:753.26,755.3 1 0
github.com/SimoKiihamaki/autodev/internal/config/config.go:756.2,756.17 1 1
github.com/SimoKiihamaki/autodev/internal/config/config.go:773.60,780.2 2 1
github.com/SimoKiihamaki/autodev/internal/config/config.go:783.62,789.2 1 1
github.com/SimoKiihamaki/autodev/internal/config/config.go:792.59,798.2 1 1
github.com/SimoKiihamaki/autodev/internal/config/config.go:801.55,803.33 2 1
github.com/SimoKiihamaki/autodev/internal/config/config.go:803.33,804.32 1 1
github.com/SimoKiihamaki/autodev/internal/config/config.go:804.32,806.4 1 1
github.com/SimoKiihamaki/autodev/internal/config/config.go:808.2,808.13 1 1
github.com/SimoKiihamaki/autodev/internal/config/config.go:812.57,814.33 2 1
github.com/SimoKiihamaki/autodev/internal/config/config.go:814.33,815.34 1 1
github.com/SimoKiihamaki/autodev/internal/config/config.go:815.34,817.4 1 1
github.com/SimoKiihamaki/autodev/internal/config/config.go:819.2,819.14 1 1
github.com/SimoKiihamaki/autodev/internal/config/config.go:824.55,828.69 2 1
github.com/SimoKiihamaki/autodev/internal/config/config.go:828.69,830.3 1 1
github.com/SimoKiihamaki/autodev/internal/config/config.go:833.2,833.55 1 1
github.com/SimoKiihamaki/autodev/internal/config/config.go:833.55,835.3 1 1
github.com/SimoKiihamaki/autodev/internal/config/config.go:838.2,838.43 1 1
github.com/SimoKiihamaki/autodev/internal/config/config.go:838.43,840.3 1 1
github.com/SimoKiihamaki/autodev/internal/config/config.go:843.2,843.77 1 1
github.com/SimoKiihamaki/autodev/internal/config/config.go:843.77,848.61 3 1
github.com/SimoKiihamaki/autodev/internal/config/config.go:848.61,850.4 1 1
github.com/SimoKiihamaki/autodev/internal/config/config.go:854.2,854.77 1 1
github.com/SimoKiihamaki/autodev/internal/config/config.go:854.77,856.3 1 1
github.com/SimoKiihamaki/autodev/internal/config/config.go:859.2,859.36 1 1
github.com/SimoKiihamaki/autodev/internal/config/config.go:859.36,860.36 1 1
github.com/SimoKiihamaki/autodev/internal/config/config.go:860.36,862.4 1 1
github.com/SimoKiihamaki/autodev/internal/config/config.go:862.9,862.44 1 1
github.com/SimoKiihamaki/autodev/internal/config/config.go:862.44,864.4 1 1
github.com/SimoKiihamaki/autodev/internal/config/config.go:868.2,868.92 1 1
github.com/SimoKiihamaki/autodev/internal/config/config.go:868.92,870.3 1 1
github.com/SimoKiihamaki/autodev/internal/config/config.go:873.2,873.80 1 1
github.com/SimoKiihamaki/autodev/internal/config/config.go:873.80,875.3 1 1
github.com/SimoKiihamaki/autodev/internal/config/config.go:876.2,876.82 1 1
github.com/SimoKiihamaki/autodev/internal/config/config.go:876.82,878.3 1 1
github.com/SimoKiihamaki/autodev/internal/config/config.go:881.2,881.119 1 1
github.com/SimoKiihamaki/autodev/internal/config/config.go:881.119,883.3 1 1
github.com/SimoKiihamaki/autodev/internal/config/config.go:884.2,884.122 1 1
github.com/SimoKiihamaki/autodev/internal/config/config.go:884.122,886.3 1 1
github.com/SimoKiihamaki/autodev/internal/config/config.go:889.2,889.28 1 1
github.com/SimoKiihamaki/autodev/internal/config/config.go:889.28,892.70 2 1
github.com/SimoKiihamaki/autodev/internal/config/config.go:892.70,894.4 1 1
github.com/SimoKiihamaki/autodev/internal/config/config.go:895.3,896.68 1 1
github.com/SimoKiihamaki/autodev/internal/config/config.go:896.68,898.4 1 1
github.com/SimoKiihamaki/autodev/internal/config/config.go:899.3,900.58 1 1
github.com/SimoKiihamaki/autodev/internal/config/config.go:900.58,902.4 1 1
github.com/SimoKiihamaki/autodev/internal/config/config.go:906.2,912.38 2 1
github.com/SimoKiihamaki/autodev/internal/config/config.go:912.38,914.3 1 1
github.com/SimoKiihamaki/autodev/internal/config/config.go:917.2,922.49 2 1
github.com/SimoKiihamaki/autodev/internal/config/config.go:922.49,924.3 1 1
github.com/SimoKiihamaki/autodev/internal/config/config.go:925.2,925.43 1 1
github.com/SimoKiihamaki/autodev/internal/config/config.go:925.43,927.3 1 1
github.com/SimoKiihamaki/autodev/internal/config/config.go:928.2,928.42 1 1
github.com/SimoKiihamaki/autodev/internal/config/config.go:928.42,930.3 1 1
github.com/SimoKiihamaki/autodev/internal/config/config.go:931.2,931.49 1 1
github.com/SimoKiihamaki/autodev/internal/config/config.go:931.49,933.3 1 1
github.com/SimoKiihamaki/autodev/internal/config/config.go:936.2,943.50 2 1
github.com/SimoKiihamaki/autodev/internal/config/config.go:943.50,945.3 1 1
github.com/SimoKiihamaki/autodev/internal/config/config.go:948.2,948.86 1 1
github.com/SimoKiihamaki/autodev/internal/config/config.go:948.86,950.3 1 1
github.com/SimoKiihamaki/autodev/internal/config/config.go:951.2,951.91 1 1
github.com/SimoKiihamaki/autodev/internal/config/config.go:951.91,953.3 1 0
github.com/SimoKiihamaki/autodev/internal/config/config.go:956.2,956.55 1 1
github.com/SimoKiihamaki/autodev/internal/config/config.go:956.55,958.3 1 1
github.com/SimoKiihamaki/autodev/internal/config/config.go:959.2,959.63 1 1
github.com/SimoKiihamaki/autodev/internal/config/config.go:959.63,961.3 1 1
github.com/SimoKiihamaki/autodev/internal/config/config.go:963.2,963.15 1 1
github.com/SimoKiihamaki/autodev/internal/config/config.go:977.45,978.16 1 1
github.com/SimoKiihamaki/autodev/internal/config/config.go:978.16,980.3 1 1
github.com/SimoKiihamaki/autodev/internal/config/config.go:983.2,983.98 1 1
github.com/SimoKiihamaki/autodev/internal/config/config.go:983.98,985.3 1 1
github.com/SimoKiihamaki/autodev/internal/config/config.go:987.2,987.102 1 1
github.com/SimoKiihamaki/autodev/internal/config/config.go:987.102,989.3 1 1
github.com/SimoKiihamaki/autodev/internal/config/config.go:998.2,999.42 2 1
github.com/SimoKiihamaki/autodev/internal/config/config.go:999.42,1000.38 1 1
github.com/SimoKiihamaki/autodev/internal/config/config.go:1000.38,1002.4 1 1
github.com/SimoKiihamaki/autodev/internal/config/config.go:1006.2,1007.25 2 1
github.com/SimoKiihamaki/autodev/internal/config/config.go:1007.25,1008.40 1 1
github.com/SimoKiihamaki/autodev/internal/config/config.go:1008.40,1009.20 1 1
github.com/SimoKiihamaki/autodev/internal/config/config.go:1009.20,1011.5 1 1
github.com/SimoKiihamaki/autodev/internal/config/config.go:1014.3,1014.25 1 1
github.com/SimoKiihamaki/autodev/internal/config/config.go:1014.25,1016.4 1 0
github.com/SimoKiihamaki/autodev/internal/config/config.go:1020.2,1020.21 1 1
github.com/SimoKiihamaki/autodev/internal/config/config.go:1020.21,1022.3 1 0
github.com/SimoKiihamaki/autodev/internal/config/config.go:1024.2,1024.13 1 1
github.com/SimoKiihamaki/autodev/cmd/api/main.go:18.13,20.16 2 0
github.com/SimoKiihamaki/autodev/cmd/api/main.go:20.16,22.3 1 0
github.com/SimoKiihamaki/autodev/cmd/api/main.go:23.2,32.12 6 0
github.com/SimoKiihamaki/autodev/cmd/api/main.go:32.12,34.71 2 0
github.com/SimoKiihamaki/autodev/cmd/api/main.go:34.71,37.4 2 0
github.com/SimoKiihamaki/autodev/cmd/api/main.go:41.2,41.9 1 0
github.com/SimoKiihamaki/autodev/cmd/api/main.go:42.20,42.20 0 0
github.com/SimoKiihamaki/autodev/cmd/api/main.go:44.22,46.47 1 0
github.com/SimoKiihamaki/autodev/cmd/api/main.go:49.2,52.53 3 0
github.com/SimoKiihamaki/autodev/cmd/api/main.go:52.53,55.3 2 0
github.com/SimoKiihamaki/autodev/cmd/api/main.go:57.2,57.41 1 0
github.com/SimoKiihamaki/autodev/internal/api/router.go:11.45,21.2 7 1
github.com/SimoKiihamaki/autodev/internal/api/router.go:23.60,28.2 3 1
github.com/SimoKiihamaki/autodev/internal/api/server.go:31.55,32.20 1 1
github.com/SimoKiihamaki/autodev/internal/api/server.go:32.20,34.3 1 1
github.com/SimoKiihamaki/autodev/internal/api/server.go:36.2,46.43 3 1
github.com/SimoKiihamaki/autodev/internal/api/server.go:50.32,52.2 1 0
github.com/SimoKiihamaki/autodev/internal/api/server.go:55.54,57.2 1 1
github.com/SimoKiihamaki/autodev/internal/api/server.go:60.54,62.2 1 1
github.com/SimoKiihamaki/autodev/internal/api/server.go:65.32,67.2 1 1
github.com/SimoKiihamaki/autodev/internal/api/server.go:70.41,72.2 1 1
github.com/SimoKiihamaki/autodev/internal/api/server.go:74.70,75.20 1 1
github.com/SimoKiihamaki/autodev/internal/api/server.go:75.20,77.3 1 1
github.com/SimoKiihamaki/autodev/internal/api/server.go:78.2,78.18 1 1
github.com/SimoKiihamaki/autodev/cmd/aprd/main.go:11.13,15.16 4 0
github.com/SimoKiihamaki/autodev/cmd/aprd/main.go:15.16,18.3 2 0
github.com/SimoKiihamaki/autodev/cmd/aprd/main.go:23.2,23.35 1 0
github.com/SimoKiihamaki/autodev/internal/runner/proc_unix.go:11.39,13.2 1 1
github.com/SimoKiihamaki/autodev/internal/runner/proc_unix.go:15.44,16.82 1 1
github.com/SimoKiihamaki/autodev/internal/runner/proc_unix.go:16.82,18.3 1 1
github.com/SimoKiihamaki/autodev/internal/runner/proc_unix.go:19.2,19.71 1 1
github.com/SimoKiihamaki/autodev/internal/runner/proc_unix.go:19.71,20.52 1 1
github.com/SimoKiihamaki/autodev/internal/runner/proc_unix.go:20.52,22.4 1 1
github.com/SimoKiihamaki/autodev/internal/runner/proc_unix.go:23.3,23.13 1 0
github.com/SimoKiihamaki/autodev/internal/runner/proc_unix.go:25.2,25.12 1 0
github.com/SimoKiihamaki/autodev/internal/runner/proc_unix.go:28.44,29.82 1 1
github.com/SimoKiihamaki/autodev/internal/runner/proc_unix.go:29.82,31.3 1 1
github.com/SimoKiihamaki/autodev/internal/runner/proc_unix.go:32.2,32.72 1 1
github.com/SimoKiihamaki/autodev/internal/runner/proc_unix.go:32.72,33.52 1 1
github.com/SimoKiihamaki/autodev/internal/runner/proc_unix.go:33.52,35.4 1 1
github.com/SimoKiihamaki/autodev/internal/runner/proc_unix.go:36.3,36.13 1 0
github.com/SimoKiihamaki/autodev/internal/runner/proc_unix.go:38.2,38.12 1 0
github.com/SimoKiihamaki/autodev/internal/runner/proc_unix.go:43.50,44.17 1 1
github.com/SimoKiihamaki/autodev/internal/runner/proc_unix.go:44.17,46.3 1 1
github.com/SimoKiihamaki/autodev/internal/runner/proc_unix.go:47.2,47.64 1 1
github.com/SimoKiihamaki/autodev/internal/runner/proc_unix.go:47.64,48.52 1 1
github.com/SimoKiihamaki/autodev/internal/runner/proc_unix.go:48.52,50.4 1 1
github.com/SimoKiihamaki/autodev/internal/runner/proc_unix.go:51.3,51.13 1 0
github.com/SimoKiihamaki/autodev/internal/runner/proc_unix.go:53.2,53.12 1 1
github.com/SimoKiihamaki/autodev/internal/runner/proc_unix.go:58.50,59.17 1 1
github.com/SimoKiihamaki/autodev/internal/runner/proc_unix.go:59.17,61.3 1 1
github.com/SimoKiihamaki/autodev/internal/runner/proc_unix.go:62.2,62.65 1 1
github.com/SimoKiihamaki/autodev/internal/runner/proc_unix.go:62.65,63.52 1 1
github.com/SimoKiihamaki/autodev/internal/runner/proc_unix.go:63.52,65.4 1 1
github.com/SimoKiihamaki/autodev/internal/runner/proc_unix.go:66.3,66.13 1 0
github.com/SimoKiihamaki/autodev/internal/runner/proc_unix.go:68.2,68.12 1 0
github.com/SimoKiihamaki/autodev/internal/runner/runner.go:25.26,28.3 2 1
github.com/SimoKiihamaki/autodev/internal/runner/runner.go:38.43,44.30 3 1
github.com/SimoKiihamaki/autodev/internal/runner/runner.go:44.30,46.3 1 0
github.com/SimoKiihamaki/autodev/internal/runner/runner.go:48.2,49.42 2 1
github.com/SimoKiihamaki/autodev/internal/runner/runner.go:49.42,51.3 1 1
github.com/SimoKiihamaki/autodev/internal/runner/runner.go:52.2,52.50 1 1
github.com/SimoKiihamaki/autodev/internal/runner/runner.go:56.45,57.29 1 1
github.com/SimoKiihamaki/autodev/internal/runner/runner.go:57.29,59.19 1 1
github.com/SimoKiihamaki/autodev/internal/runner/runner.go:59.19,61.4 1 1
github.com/SimoKiihamaki/autodev/internal/runner/runner.go:63.3,63.37 1 1
github.com/SimoKiihamaki/autodev/internal/runner/runner.go:63.37,65.4 1 0
github.com/SimoKiihamaki/autodev/internal/runner/runner.go:67.3,67.29 1 1
github.com/SimoKiihamaki/autodev/internal/runner/runner.go:67.29,69.4 1 0
github.com/SimoKiihamaki/autodev/internal/runner/runner.go:71.2,71.14 1 1
github.com/SimoKiihamaki/autodev/internal/runner/runner.go:110.46,111.17 1 1
github.com/SimoKiihamaki/autodev/internal/runner/runner.go:111.17,113.3 1 1
github.com/SimoKiihamaki/autodev/internal/runner/runner.go:114.2,114.9 1 1
github.com/SimoKiihamaki/autodev/internal/runner/runner.go:115.20,116.14 1 1
github.com/SimoKiihamaki/autodev/internal/runner/runner.go:117.10,118.15 1 1
github.com/SimoKiihamaki/autodev/internal/runner/runner.go:122.42,124.2 1 1
github.com/SimoKiihamaki/autodev/internal/runner/runner.go:130.66,131.37 1 1
github.com/SimoKiihamaki/autodev/internal/runner/runner.go:131.37,132.26 1 1
github.com/SimoKiihamaki/autodev/internal/runner/runner.go:132.27,132.28 0 1
github.com/SimoKiihamaki/autodev/internal/runner/runner.go:134.2,135.16 2 1
github.com/SimoKiihamaki/autodev/internal/runner/runner.go:135.16,137.3 1 1
github.com/SimoKiihamaki/autodev/internal/runner/runner.go:141.2,142.16 2 1
github.com/SimoKiihamaki/autodev/internal/runner/runner.go:142.16,144.3 1 0
github.com/SimoKiihamaki/autodev/internal/runner/runner.go:145.2,146.51 2 1
github.com/SimoKiihamaki/autodev/internal/runner/runner.go:146.51,148.3 1 0
github.com/SimoKiihamaki/autodev/internal/runner/runner.go:150.2,152.87 3 1
github.com/SimoKiihamaki/autodev/internal/runner/runner.go:152.87,154.3 1 0
github.com/SimoKiihamaki/autodev/internal/runner/runner.go:155.2,155.20 1 1
github.com/SimoKiihamaki/autodev/internal/runner/runner.go:155.20,156.67 1 1
github.com/SimoKiihamaki/autodev/internal/runner/runner.go:156.67,159.4 1 0
github.com/SimoKiihamaki/autodev/internal/runner/runner.go:161.2,161.30 1 1
github.com/SimoKiihamaki/autodev/internal/runner/runner.go:178.111,180.33 1 1
github.com/SimoKiihamaki/autodev/internal/runner/runner.go:180.33,182.3 1 0
github.com/SimoKiihamaki/autodev/internal/runner/runner.go:184.2,188.36 2 1
github.com/SimoKiihamaki/autodev/internal/runner/runner.go:188.36,189.39 1 1
github.com/SimoKiihamaki/autodev/internal/runner/runner.go:189.39,191.4 1 1
github.com/SimoKiihamaki/autodev/internal/runner/runner.go:195.2,195.20 1 1
github.com/SimoKiihamaki/autodev/internal/runner/runner.go:195.20,197.32 1 1
github.com/SimoKiihamaki/autodev/internal/runner/runner.go:197.32,199.4 1 0
github.com/SimoKiihamaki/autodev/internal/runner/runner.go:203.3,204.17 2 1
github.com/SimoKiihamaki/autodev/internal/runner/runner.go:204.17,206.4 1 0
github.com/SimoKiihamaki/autodev/internal/runner/runner.go:207.3,207.30 1 1
github.com/SimoKiihamaki/autodev/internal/runner/runner.go:207.30,209.4 1 0
github.com/SimoKiihamaki/autodev/internal/runner/runner.go:211.3,211.85 1 1
github.com/SimoKiihamaki/autodev/internal/runner/runner.go:211.85,212.33 1 1
github.com/SimoKiihamaki/autodev/internal/runner/runner.go:212.33,213.36 1 1
github.com/SimoKiihamaki/autodev/internal/runner/runner.go:213.36,215.6 1 1
github.com/SimoKiihamaki/autodev/internal/runner/runner.go:217.4,217.92 1 0
github.com/SimoKiihamaki/autodev/internal/runner/runner.go:219.3,219.13 1 1
github.com/SimoKiihamaki/autodev/internal/runner/runner.go:222.2,222.31 1 0
github.com/SimoKiihamaki/autodev/internal/runner/runner.go:222.31,223.34 1 0
github.com/SimoKiihamaki/autodev/internal/runner/runner.go:223.34,225.4 1 0
github.com/SimoKiihamaki/autodev/internal/runner/runner.go:229.2,230.131 1 0
github.com/SimoKiihamaki/autodev/internal/runner/runner.go:235.58,236.57 1 1
github.com/SimoKiihamaki/autodev/internal/runner/runner.go:236.57,237.17 1 1
github.com/SimoKiihamaki/autodev/internal/runner/runner.go:237.17,239.4 1 0
github.com/SimoKiihamaki/autodev/internal/runner/runner.go:240.3,241.34 2 1
github.com/SimoKiihamaki/autodev/internal/runner/runner.go:241.34,243.4 1 1
github.com/SimoKiihamaki/autodev/internal/runner/runner.go:244.3,245.17 2 1
github.com/SimoKiihamaki/autodev/internal/runner/runner.go:245.17,247.4 1 0
github.com/SimoKiihamaki/autodev/internal/runner/runner.go:248.3,248.29 1 1
github.com/SimoKiihamaki/autodev/internal/runner/runner.go:251.2,257.50 3 1
github.com/SimoKiihamaki/autodev/internal/runner/runner.go:257.50,259.3 1 1
github.com/SimoKiihamaki/autodev/internal/runner/runner.go:262.2,262.49 1 1
github.com/SimoKiihamaki/autodev/internal/runner/runner.go:262.49,263.69 1 1
github.com/SimoKiihamaki/autodev/internal/runner/runner.go:263.69,267.39 4 1
github.com/SimoKiihamaki/autodev/internal/runner/runner.go:267.39,270.5 2 1
github.com/SimoKiihamaki/autodev/internal/runner/runner.go:271.4,271.34 1 1
github.com/SimoKiihamaki/autodev/internal/runner/runner.go:271.34,273.5 1 1
github.com/SimoKiihamaki/autodev/internal/runner/runner.go:278.2,278.56 1 1
github.com/SimoKiihamaki/autodev/internal/runner/runner.go:278.56,280.50 2 0
github.com/SimoKiihamaki/autodev/internal/runner/runner.go:280.50,282.18 2 0
github.com/SimoKiihamaki/autodev/internal/runner/runner.go:282.18,283.13 1 0
github.com/SimoKiihamaki/autodev/internal/runner/runner.go:285.4,285.24 1 0
github.com/SimoKiihamaki/autodev/internal/runner/runner.go:290.2,290.16 1 1
github.com/SimoKiihamaki/autodev/internal/runner/runner.go:290.16,291.47 1 1
github.com/SimoKiihamaki/autodev/internal/runner/runner.go:291.47,293.4 1 0
github.com/SimoKiihamaki/autodev/internal/runner/runner.go:296.2,297.24 2 1
github.com/SimoKiihamaki/autodev/internal/runner/runner.go:297.24,299.3 1 1
github.com/SimoKiihamaki/autodev/internal/runner/runner.go:300.2,300.15 1 1
github.com/SimoKiihamaki/autodev/internal/runner/runner.go:303.50,304.34 1 1
github.com/SimoKiihamaki/autodev/internal/runner/runner.go:304.34,306.17 2 1
github.com/SimoKiihamaki/autodev/internal/runner/runner.go:306.17,307.12 1 0
github.com/SimoKiihamaki/autodev/internal/runner/runner.go:309.3,310.17 2 1
github.com/SimoKiihamaki/autodev/internal/runner/runner.go:310.17,311.12 1 1
github.com/SimoKiihamaki/autodev/internal/runner/runner.go:313.3,314.20 2 1
github.com/SimoKiihamaki/autodev/internal/runner/runner.go:314.20,316.4 1 1
github.com/SimoKiihamaki/autodev/internal/runner/runner.go:317.3,317.43 1 1
github.com/SimoKiihamaki/autodev/internal/runner/runner.go:317.43,319.4 1 1
github.com/SimoKiihamaki/autodev/internal/runner/runner.go:321.2,321.11 1 0
github.com/SimoKiihamaki/autodev/internal/runner/runner.go:324.39,326.6 2 1
github.com/SimoKiihamaki/autodev/internal/runner/runner.go:326.6,328.45 2 1
github.com/SimoKiihamaki/autodev/internal/runner/runner.go:328.45,329.67 1 1
github.com/SimoKiihamaki/autodev/internal/runner/runner.go:329.67,331.5 1 1
github.com/SimoKiihamaki/autodev/internal/runner/runner.go:332.4,332.18 1 0
github.com/SimoKiihamaki/autodev/internal/runner/runner.go:334.3,335.24 2 1
github.com/SimoKiihamaki/autodev/internal/runner/runner.go:335.24,336.9 1 1
github.com/SimoKiihamaki/autodev/internal/runner/runner.go:338.3,338.19 1 1
github.com/SimoKiihamaki/autodev/internal/runner/runner.go:340.2,340.11 1 1
github.com/SimoKiihamaki/autodev/internal/runner/runner.go:344.69,346.32 1 1
github.com/SimoKiihamaki/autodev/internal/runner/runner.go:346.32,348.17 2 1
github.com/SimoKiihamaki/autodev/internal/runner/runner.go:348.17,350.4 1 0
github.com/SimoKiihamaki/autodev/internal/runner/runner.go:351.3,351.23 1 1
github.com/SimoKiihamaki/autodev/internal/runner/runner.go:355.2,355.20 1 1
github.com/SimoKiihamaki/autodev/internal/runner/runner.go:355.20,357.3 1 0
github.com/SimoKiihamaki/autodev/internal/runner/runner.go:360.2,362.16 3 1
github.com/SimoKiihamaki/autodev/internal/runner/runner.go:362.16,364.3 1 0
github.com/SimoKiihamaki/autodev/internal/runner/runner.go:366.2,367.16 2 1
github.com/SimoKiihamaki/autodev/internal/runner/runner.go:367.16,369.3 1 0
github.com/SimoKiihamaki/autodev/internal/runner/runner.go:370.2,370.22 1 1
github.com/SimoKiihamaki/autodev/internal/runner/runner.go:400.106,405.24 3 1
github.com/SimoKiihamaki/autodev/internal/runner/runner.go:405.24,408.17 3 1
github.com/SimoKiihamaki/autodev/internal/runner/runner.go:408.17,410.4 1 0
github.com/SimoKiihamaki/autodev/internal/runner/runner.go:414.2,415.16 2 1
github.com/SimoKiihamaki/autodev/internal/runner/runner.go:415.16,417.3 1 0
github.com/SimoKiihamaki/autodev/internal/runner/runner.go:435.2,436.32 2 1
github.com/SimoKiihamaki/autodev/internal/runner/runner.go:436.32,438.3 1 0
github.com/SimoKiihamaki/autodev/internal/runner/runner.go:441.2,441.100 1 1
github.com/SimoKiihamaki/autodev/internal/runner/runner.go:441.100,443.3 1 0
github.com/SimoKiihamaki/autodev/internal/runner/runner.go:445.2,447.24 3 1
github.com/SimoKiihamaki/autodev/internal/runner/runner.go:447.24,449.3 1 1
github.com/SimoKiihamaki/autodev/internal/runner/runner.go:450.2,450.26 1 1
github.com/SimoKiihamaki/autodev/internal/runner/runner.go:450.26,452.3 1 1
github.com/SimoKiihamaki/autodev/internal/runner/runner.go:453.2,453.22 1 1
github.com/SimoKiihamaki/autodev/internal/runner/runner.go:453.22,455.3 1 1
github.com/SimoKiihamaki/autodev/internal/runner/runner.go:456.2,456.26 1 1
github.com/SimoKiihamaki/autodev/internal/runner/runner.go:456.26,458.3 1 1
github.com/SimoKiihamaki/autodev/internal/runner/runner.go:459.2,459.22 1 1
github.com/SimoKiihamaki/autodev/internal/runner/runner.go:459.22,461.3 1 1
github.com/SimoKiihamaki/autodev/internal/runner/runner.go:462.2,462.23 1 1
github.com/SimoKiihamaki/autodev/internal/runner/runner.go:462.23,464.3 1 1
github.com/SimoKiihamaki/autodev/internal/runner/runner.go:465.2,465.31 1 1
github.com/SimoKiihamaki/autodev/internal/runner/runner.go:465.31,467.3 1 1
github.com/SimoKiihamaki/autodev/internal/runner/runner.go:468.2,468.27 1 1
github.com/SimoKiihamaki/autodev/internal/runner/runner.go:468.27,470.3 1 1
github.com/SimoKiihamaki/autodev/internal/runner/runner.go:473.2,473.23 1 1
github.com/SimoKiihamaki/autodev/internal/runner/runner.go:473.23,475.42 2 1
github.com/SimoKiihamaki/autodev/internal/runner/runner.go:475.42,477.4 1 1
github.com/SimoKiihamaki/autodev/internal/runner/runner.go:478.3,478.46 1 1
github.com/SimoKiihamaki/autodev/internal/runner/runner.go:478.46,480.4 1 1
github.com/SimoKiihamaki/autodev/internal/runner/runner.go:481.3,481.29 1 1
github.com/SimoKiihamaki/autodev/internal/runner/runner.go:481.29,483.4 1 0
github.com/SimoKiihamaki/autodev/internal/runner/runner.go:483.9,485.4 1 1
github.com/SimoKiihamaki/autodev/internal/runner/runner.go:486.3,486.32 1 1
github.com/SimoKiihamaki/autodev/internal/runner/runner.go:486.32,488.4 1 1
github.com/SimoKiihamaki/autodev/internal/runner/runner.go:489.3,489.31 1 1
github.com/SimoKiihamaki/autodev/internal/runner/runner.go:489.31,491.4 1 1
github.com/SimoKiihamaki/autodev/internal/runner/runner.go:492.3,492.46 1 1
github.com/SimoKiihamaki/autodev/internal/runner/runner.go:492.46,494.4 1 1
github.com/SimoKiihamaki/autodev/internal/runner/runner.go:495.3,495.45 1 1
github.com/SimoKiihamaki/autodev/internal/runner/runner.go:495.45,497.4 1 1
github.com/SimoKiihamaki/autodev/internal/runner/runner.go:501.2,501.68 1 1
github.com/SimoKiihamaki/autodev/internal/runner/runner.go:501.68,503.3 1 1
github.com/SimoKiihamaki/autodev/internal/runner/runner.go:504.2,504.80 1 1
github.com/SimoKiihamaki/autodev/internal/runner/runner.go:504.80,506.3 1 1
github.com/SimoKiihamaki/autodev/internal/runner/runner.go:507.2,507.78 1 1
github.com/SimoKiihamaki/autodev/internal/runner/runner.go:507.78,509.3 1 1
github.com/SimoKiihamaki/autodev/internal/runner/runner.go:510.2,510.72 1 1
github.com/SimoKiihamaki/autodev/internal/runner/runner.go:510.72,512.3 1 1
github.com/SimoKiihamaki/autodev/internal/runner/runner.go:515.2,515.28 1 1
github.com/SimoKiihamaki/autodev/internal/runner/runner.go:515.28,517.26 2 1
github.com/SimoKiihamaki/autodev/internal/runner/runner.go:517.26,519.4 1 1
github.com/SimoKiihamaki/autodev/internal/runner/runner.go:520.3,520.23 1 1
github.com/SimoKiihamaki/autodev/internal/runner/runner.go:520.23,522.4 1 1
github.com/SimoKiihamaki/autodev/internal/runner/runner.go:523.3,523.30 1 1
github.com/SimoKiihamaki/autodev/internal/runner/runner.go:523.30,525.4 1 1
github.com/SimoKiihamaki/autodev/internal/runner/runner.go:526.3,526.22 1 1
github.com/SimoKiihamaki/autodev/internal/runner/runner.go:526.22,528.4 1 1
github.com/SimoKiihamaki/autodev/internal/runner/runner.go:532.2,532.30 1 1
github.com/SimoKiihamaki/autodev/internal/runner/runner.go:532.30,534.3 1 1
github.com/SimoKiihamaki/autodev/internal/runner/runner.go:537.2,537.27 1 1
github.com/SimoKiihamaki/autodev/internal/runner/runner.go:537.27,539.3 1 1
github.com/SimoKiihamaki/autodev/internal/runner/runner.go:541.2,541.23 1 1
github.com/SimoKiihamaki/autodev/internal/runner/runner.go:541.23,543.3 1 1
github.com/SimoKiihamaki/autodev/internal/runner/runner.go:545.2,546.17 2 1
github.com/SimoKiihamaki/autodev/internal/runner/runner.go:546.17,548.3 1 1
github.com/SimoKiihamaki/autodev/internal/runner/runner.go:549.2,549.17 1 1
github.com/SimoKiihamaki/autodev/internal/runner/runner.go:549.17,551.3 1 0
github.com/SimoKiihamaki/autodev/internal/runner/runner.go:552.2,555.26 3 1
github.com/SimoKiihamaki/autodev/internal/runner/runner.go:561.52,565.80 2 1
github.com/SimoKiihamaki/autodev/internal/runner/runner.go:565.80,567.3 1 0
github.com/SimoKiihamaki/autodev/internal/runner/runner.go:569.2,569.43 1 1
github.com/SimoKiihamaki/autodev/internal/runner/runner.go:569.43,571.26 2 1
github.com/SimoKiihamaki/autodev/internal/runner/runner.go:571.26,573.4 1 1
github.com/SimoKiihamaki/autodev/internal/runner/runner.go:574.3,574.30 1 1
github.com/SimoKiihamaki/autodev/internal/runner/runner.go:574.30,576.4 1 1
github.com/SimoKiihamaki/autodev/internal/runner/runner.go:577.3,577.40 1 1
github.com/SimoKiihamaki/autodev/internal/runner/runner.go:577.40,579.4 1 1
github.com/SimoKiihamaki/autodev/internal/runner/runner.go:580.3,580.64 1 1
github.com/SimoKiihamaki/autodev/internal/runner/runner.go:580.64,582.4 1 1
github.com/SimoKiihamaki/autodev/internal/runner/runner.go:585.2,586.16 2 1
github.com/SimoKiihamaki/autodev/internal/runner/runner.go:586.16,588.3 1 0
github.com/SimoKiihamaki/autodev/internal/runner/runner.go:593.2,607.30 3 1
github.com/SimoKiihamaki/autodev/internal/runner/runner.go:607.30,609.3 1 1
github.com/SimoKiihamaki/autodev/internal/runner/runner.go:611.2,611.106 1 1
github.com/SimoKiihamaki/autodev/internal/runner/runner.go:611.106,613.3 1 1
github.com/SimoKiihamaki/autodev/internal/runner/runner.go:614.2,614.100 1 1
github.com/SimoKiihamaki/autodev/internal/runner/runner.go:614.100,616.3 1 1
github.com/SimoKiihamaki/autodev/internal/runner/runner.go:617.2,617.99 1 1
github.com/SimoKiihamaki/autodev/internal/runner/runner.go:617.99,619.3 1 0
github.com/SimoKiihamaki/autodev/internal/runner/runner.go:620.2,620.106 1 1
github.com/SimoKiihamaki/autodev/internal/runner/runner.go:620.106,622.3 1 1
github.com/SimoKiihamaki/autodev/internal/runner/runner.go:624.2,624.27 1 1
github.com/SimoKiihamaki/autodev/internal/runner/runner.go:624.27,628.3 2 1
github.com/SimoKiihamaki/autodev/internal/runner/runner.go:631.2,631.84 1 1
github.com/SimoKiihamaki/autodev/internal/runner/runner.go:631.84,633.3 1 1
github.com/SimoKiihamaki/autodev/internal/runner/runner.go:634.2,634.86 1 1
github.com/SimoKiihamaki/autodev/internal/runner/runner.go:634.86,636.3 1 1
github.com/SimoKiihamaki/autodev/internal/runner/runner.go:638.2,649.16 5 1
github.com/SimoKiihamaki/autodev/internal/runner/runner.go:649.16,651.3 1 0
github.com/SimoKiihamaki/autodev/internal/runner/runner.go:652.2,652.23 1 1
github.com/SimoKiihamaki/autodev/internal/runner/runner.go:652.23,654.3 1 0
github.com/SimoKiihamaki/autodev/internal/runner/runner.go:655.2,658.53 2 1
github.com/SimoKiihamaki/autodev/internal/runner/runner.go:658.53,660.3 1 0
github.com/SimoKiihamaki/autodev/internal/runner/runner.go:663.2,665.20 3 1
github.com/SimoKiihamaki/autodev/internal/runner/runner.go:665.20,667.3 1 1
github.com/SimoKiihamaki/autodev/internal/runner/runner.go:668.2,670.20 3 1
github.com/SimoKiihamaki/autodev/internal/runner/runner.go:670.20,672.3 1 1
github.com/SimoKiihamaki/autodev/internal/runner/runner.go:674.2,680.8 2 1
github.com/SimoKiihamaki/autodev/internal/runner/runner.go:685.42,687.2 1 1
github.com/SimoKiihamaki/autodev/internal/runner/runner.go:690.48,692.34 2 1
github.com/SimoKiihamaki/autodev/internal/runner/runner.go:692.34,696.46 2 1
github.com/SimoKiihamaki/autodev/internal/runner/runner.go:696.46,697.29 1 1
github.com/SimoKiihamaki/autodev/internal/runner/runner.go:697.29,698.31 1 1
github.com/SimoKiihamaki/autodev/internal/runner/runner.go:698.31,700.6 1 1
github.com/SimoKiihamaki/autodev/internal/runner/runner.go:701.5,701.28 1 1
github.com/SimoKiihamaki/autodev/internal/runner/runner.go:701.28,703.6 1 1
github.com/SimoKiihamaki/autodev/internal/runner/runner.go:705.4,705.12 1 1
github.com/SimoKiihamaki/autodev/internal/runner/runner.go:708.3,708.12 1 1
github.com/SimoKiihamaki/autodev/internal/runner/runner.go:709.44,710.104 1 1
github.com/SimoKiihamaki/autodev/internal/runner/runner.go:712.3,712.33 1 1
github.com/SimoKiihamaki/autodev/internal/runner/runner.go:712.33,715.4 1 0
github.com/SimoKiihamaki/autodev/internal/runner/runner.go:718.3,718.95 1 1
github.com/SimoKiihamaki/autodev/internal/runner/runner.go:718.95,719.12 1 1
github.com/SimoKiihamaki/autodev/internal/runner/runner.go:721.3,721.16 1 1
github.com/SimoKiihamaki/autodev/internal/runner/runner.go:721.16,723.25 1 1
github.com/SimoKiihamaki/autodev/internal/runner/runner.go:723.25,725.5 1 1
github.com/SimoKiihamaki/autodev/internal/runner/runner.go:726.4,728.23 3 1
github.com/SimoKiihamaki/autodev/internal/runner/runner.go:728.23,730.5 1 1
github.com/SimoKiihamaki/autodev/internal/runner/runner.go:731.4,732.12 2 1
github.com/SimoKiihamaki/autodev/internal/runner/runner.go:735.3,735.16 1 1
github.com/SimoKiihamaki/autodev/internal/runner/runner.go:735.16,737.63 1 1
github.com/SimoKiihamaki/autodev/internal/runner/runner.go:737.63,739.5 1 1
github.com/SimoKiihamaki/autodev/internal/runner/runner.go:740.4,740.12 1 1
github.com/SimoKiihamaki/autodev/internal/runner/runner.go:742.3,742.63 1 1
github.com/SimoKiihamaki/autodev/internal/runner/runner.go:744.2,744.12 1 1
github.com/SimoKiihamaki/autodev/internal/runner/runner.go:748.55,750.2 1 1
github.com/SimoKiihamaki/autodev/internal/runner/runner.go:765.85,768.16 2 1
github.com/SimoKiihamaki/autodev/internal/runner/runner.go:768.16,770.3 1 0
github.com/SimoKiihamaki/autodev/internal/runner/runner.go:772.2,772.21 1 1
github.com/SimoKiihamaki/autodev/internal/runner/runner.go:772.21,774.3 1 0
github.com/SimoKiihamaki/autodev/internal/runner/runner.go:780.2,782.45 2 1
github.com/SimoKiihamaki/autodev/internal/runner/runner.go:782.45,784.35 1 0
github.com/SimoKiihamaki/autodev/internal/runner/runner.go:784.35,786.4 1 0
github.com/SimoKiihamaki/autodev/internal/runner/runner.go:787.3,788.17 2 0
github.com/SimoKiihamaki/autodev/internal/runner/runner.go:788.17,790.4 1 0
github.com/SimoKiihamaki/autodev/internal/runner/runner.go:801.3,806.48 2 0
github.com/SimoKiihamaki/autodev/internal/runner/runner.go:806.48,809.4 2 0
github.com/SimoKiihamaki/autodev/internal/runner/runner.go:812.3,826.49 4 0
github.com/SimoKiihamaki/autodev/internal/runner/runner.go:826.49,827.35 1 0
github.com/SimoKiihamaki/autodev/internal/runner/runner.go:827.35,829.10 2 0
github.com/SimoKiihamaki/autodev/internal/runner/runner.go:834.3,834.15 1 0
github.com/SimoKiihamaki/autodev/internal/runner/runner.go:834.15,835.51 1 0
github.com/SimoKiihamaki/autodev/internal/runner/runner.go:835.51,837.19 2 0
github.com/SimoKiihamaki/autodev/internal/runner/runner.go:837.19,839.6 1 0
github.com/SimoKiihamaki/autodev/internal/runner/runner.go:840.5,840.16 1 0
github.com/SimoKiihamaki/autodev/internal/runner/runner.go:840.16,842.11 2 0
github.com/SimoKiihamaki/autodev/internal/runner/runner.go:848.3,848.15 1 0
github.com/SimoKiihamaki/autodev/internal/runner/runner.go:848.15,849.40 1 0
github.com/SimoKiihamaki/autodev/internal/runner/runner.go:849.40,850.28 1 0
github.com/SimoKiihamaki/autodev/internal/runner/runner.go:850.28,853.20 2 0
github.com/SimoKiihamaki/autodev/internal/runner/runner.go:853.20,855.7 1 0
github.com/SimoKiihamaki/autodev/internal/runner/runner.go:856.6,856.17 1 0
github.com/SimoKiihamaki/autodev/internal/runner/runner.go:856.17,858.12 2 0
github.com/SimoKiihamaki/autodev/internal/runner/runner.go:860.11,862.34 1 0
github.com/SimoKiihamaki/autodev/internal/runner/runner.go:862.34,864.12 2 0
github.com/SimoKiihamaki/autodev/internal/runner/runner.go:869.3,869.15 1 0
github.com/SimoKiihamaki/autodev/internal/runner/runner.go:869.15,875.4 1 0
github.com/SimoKiihamaki/autodev/internal/runner/runner.go:876.8,879.51 1 1
github.com/SimoKiihamaki/autodev/internal/runner/runner.go:879.51,881.4 1 0
github.com/SimoKiihamaki/autodev/internal/runner/runner.go:884.2,884.12 1 1
github.com/SimoKiihamaki/autodev/internal/runner/runner.go:904.54,905.26 1 1
github.com/SimoKiihamaki/autodev/internal/runner/runner.go:905.26,907.3 1 0
github.com/SimoKiihamaki/autodev/internal/runner/runner.go:908.2,909.33 2 1
github.com/SimoKiihamaki/autodev/internal/runner/runner.go:909.33,911.3 1 1
github.com/SimoKiihamaki/autodev/internal/runner/runner.go:912.2,914.25 3 1
github.com/SimoKiihamaki/autodev/internal/runner/runner.go:914.25,916.50 2 1
github.com/SimoKiihamaki/autodev/internal/runner/runner.go:916.50,918.4 1 1
github.com/SimoKiihamaki/autodev/internal/runner/runner.go:919.3,919.34 1 1
github.com/SimoKiihamaki/autodev/internal/runner/runner.go:919.34,920.12 1 0
github.com/SimoKiihamaki/autodev/internal/runner/runner.go:922.3,922.24 1 1
github.com/SimoKiihamaki/autodev/internal/runner/runner.go:924.2,924.12 1 1
github.com/SimoKiihamaki/autodev/internal/runner/runner.go:937.76,941.39 3 1
github.com/SimoKiihamaki/autodev/internal/runner/runner.go:941.39,942.18 1 1
github.com/SimoKiihamaki/autodev/internal/runner/runner.go:942.18,944.4 1 1
github.com/SimoKiihamaki/autodev/internal/runner/runner.go:946.2,946.15 1 1
github.com/SimoKiihamaki/autodev/internal/runner/runner.go:955.68,956.21 1 1
github.com/SimoKiihamaki/autodev/internal/runner/runner.go:956.21,959.3 1 0
github.com/SimoKiihamaki/autodev/internal/runner/runner.go:960.2,960.32 1 1
github.com/SimoKiihamaki/autodev/internal/runner/runner.go:960.32,964.3 1 0
github.com/SimoKiihamaki/autodev/internal/runner/runner.go:966.2,970.20 4 1
github.com/SimoKiihamaki/autodev/internal/runner/runner.go:970.20,971.53 1 0
github.com/SimoKiihamaki/autodev/internal/runner/runner.go:971.53,973.18 2 0
github.com/SimoKiihamaki/autodev/internal/runner/runner.go:973.18,974.13 1 0
github.com/SimoKiihamaki/autodev/internal/runner/runner.go:976.4,977.30 2 0
github.com/SimoKiihamaki/autodev/internal/runner/runner.go:977.30,980.13 1 0
github.com/SimoKiihamaki/autodev/internal/runner/runner.go:982.4,982.40 1 0
github.com/SimoKiihamaki/autodev/internal/runner/runner.go:982.40,983.13 1 0
github.com/SimoKiihamaki/autodev/internal/runner/runner.go:985.4,986.32 2 0
github.com/SimoKiihamaki/autodev/internal/runner/runner.go:990.2,991.42 2 1
github.com/SimoKiihamaki/autodev/internal/runner/runner.go:991.42,995.3 3 1
github.com/SimoKiihamaki/autodev/internal/runner/runner.go:996.2,996.40 1 0
github.com/SimoKiihamaki/autodev/internal/runner/runner.go:1003.74,1005.21 2 1
github.com/SimoKiihamaki/autodev/internal/runner/runner.go:1005.21,1007.3 1 0
github.com/SimoKiihamaki/autodev/internal/runner/runner.go:1008.2,1009.31 2 1
github.com/SimoKiihamaki/autodev/internal/runner/runner.go:1009.31,1012.3 1 0
github.com/SimoKiihamaki/autodev/internal/runner/runner.go:1014.2,1018.25 2 1
github.com/SimoKiihamaki/autodev/internal/runner/runner.go:1018.25,1019.51 1 1
github.com/SimoKiihamaki/autodev/internal/runner/runner.go:1019.51,1022.9 3 1
github.com/SimoKiihamaki/autodev/internal/runner/runner.go:1028.2,1030.14 3 1
github.com/SimoKiihamaki/autodev/internal/runner/runner.go:1030.14,1035.3 4 1
github.com/SimoKiihamaki/autodev/internal/runner/runner.go:1038.2,1038.47 1 1
github.com/SimoKiihamaki/autodev/internal/runner/runner.go:1041.49,1044.16 3 1
github.com/SimoKiihamaki/autodev/internal/runner/runner.go:1044.16,1046.3 1 0
github.com/SimoKiihamaki/autodev/internal/runner/runner.go:1047.2,1055.16 3 1
github.com/SimoKiihamaki/autodev/internal/runner/runner.go:1055.16,1057.3 1 0
github.com/SimoKiihamaki/autodev/internal/runner/runner.go:1059.2,1060.25 2 1
github.com/SimoKiihamaki/autodev/internal/runner/runner.go:1060.25,1062.3 1 1
github.com/SimoKiihamaki/autodev/internal/runner/runner.go:1064.2,1069.16 5 1
github.com/SimoKiihamaki/autodev/internal/runner/runner.go:1069.16,1071.3 1 0
github.com/SimoKiihamaki/autodev/internal/runner/runner.go:1072.2,1074.16 3 1
github.com/SimoKiihamaki/autodev/internal/runner/runner.go:1074.16,1076.3 1 0
github.com/SimoKiihamaki/autodev/internal/runner/runner.go:1077.2,1079.36 2 1
github.com/SimoKiihamaki/autodev/internal/runner/runner.go:1079.36,1081.3 1 0
github.com/SimoKiihamaki/autodev/internal/runner/runner.go:1085.2,1090.22 3 1
github.com/SimoKiihamaki/autodev/internal/runner/runner.go:1090.22,1091.23 1 1
github.com/SimoKiihamaki/autodev/internal/runner/runner.go:1091.23,1092.21 1 1
github.com/SimoKiihamaki/autodev/internal/runner/runner.go:1092.21,1094.5 1 1
github.com/SimoKiihamaki/autodev/internal/runner/runner.go:1099.2,1106.20 3 1
github.com/SimoKiihamaki/autodev/internal/runner/runner.go:1106.20,1109.3 2 1
github.com/SimoKiihamaki/autodev/internal/runner/runner.go:1110.2,1110.20 1 1
github.com/SimoKiihamaki/autodev/internal/runner/runner.go:1110.20,1113.3 2 1
github.com/SimoKiihamaki/autodev/internal/runner/runner.go:1119.2,1120.12 2 1
github.com/SimoKiihamaki/autodev/internal/runner/runner.go:1120.12,1120.36 1 1
github.com/SimoKiihamaki/autodev/internal/runner/runner.go:1123.2,1123.39 1 1
github.com/SimoKiihamaki/autodev/internal/runner/runner.go:1123.39,1124.18 1 1
github.com/SimoKiihamaki/autodev/internal/runner/runner.go:1124.18,1126.4 1 0
github.com/SimoKiihamaki/autodev/internal/runner/runner.go:1127.3,1127.35 1 1
github.com/SimoKiihamaki/autodev/internal/runner/runner.go:1131.2,1131.39 1 1
github.com/SimoKiihamaki/autodev/internal/runner/runner.go:1131.39,1132.18 1 0
github.com/SimoKiihamaki/autodev/internal/runner/runner.go:1132.18,1134.4 1 0
github.com/SimoKiihamaki/autodev/internal/runner/runner.go:1135.3,1135.35 1 0
github.com/SimoKiihamaki/autodev/internal/runner/runner.go:1138.2,1138.9 1 1
github.com/SimoKiihamaki/autodev/internal/runner/runner.go:1139.26,1141.54 1 1
github.com/SimoKiihamaki/autodev/internal/runner/runner.go:1141.54,1143.4 1 0
github.com/SimoKiihamaki/autodev/internal/runner/runner.go:1145.3,1145.10 1 1
github.com/SimoKiihamaki/autodev/internal/runner/runner.go:1146.17,1146.17 0 1
github.com/SimoKiihamaki/autodev/internal/runner/runner.go:1148.38,1149.57 1 0
github.com/SimoKiihamaki/autodev/internal/runner/runner.go:1149.57,1151.5 1 0
github.com/SimoKiihamaki/autodev/internal/runner/runner.go:1152.4,1152.12 1 0
github.com/SimoKiihamaki/autodev/internal/runner/runner.go:1155.3,1158.57 4 1
github.com/SimoKiihamaki/autodev/internal/runner/runner.go:1159.23,1165.17 4 1
github.com/SimoKiihamaki/autodev/internal/runner/runner.go:1165.17,1167.4 1 0
github.com/SimoKiihamaki/autodev/internal/runner/runner.go:1168.3,1168.13 1 1
github.com/SimoKiihamaki/autodev/internal/runner/runner.go:1175.75,1176.17 1 1
github.com/SimoKiihamaki/autodev/internal/runner/runner.go:1176.17,1181.3 2 1
github.com/SimoKiihamaki/autodev/internal/runner/runner.go:1182.2,1186.15 4 1
github.com/SimoKiihamaki/autodev/internal/runner/runner.go:1186.15,1190.3 2 1
github.com/SimoKiihamaki/autodev/internal/runner/runner.go:1192.2,1193.16 2 1
github.com/SimoKiihamaki/autodev/internal/runner/runner.go:1193.16,1195.10 1 1
github.com/SimoKiihamaki/autodev/internal/runner/runner.go:1196.21,1197.10 1 1
github.com/SimoKiihamaki/autodev/internal/runner/runner.go:1198.11,1198.11 0 1
github.com/SimoKiihamaki/autodev/internal/runner/runner.go:1202.3,1203.26 2 1
github.com/SimoKiihamaki/autodev/internal/runner/runner.go:1203.26,1205.12 2 0
github.com/SimoKiihamaki/autodev/internal/runner/runner.go:1207.3,1207.16 1 1
github.com/SimoKiihamaki/autodev/internal/runner/runner.go:1207.16,1213.4 3 1
github.com/SimoKiihamaki/autodev/internal/runner/runner.go:1215.2,1215.33 1 1
github.com/SimoKiihamaki/autodev/internal/runner/runner.go:1215.33,1217.3 1 1
github.com/SimoKiihamaki/autodev/internal/tui/components.go:38.46,43.2 1 0
github.com/SimoKiihamaki/autodev/internal/tui/components.go:45.34,46.23 1 0
github.com/SimoKiihamaki/autodev/internal/tui/components.go:46.23,48.3 1 0
github.com/SimoKiihamaki/autodev/internal/tui/components.go:50.2,51.31 2 0
github.com/SimoKiihamaki/autodev/internal/tui/components.go:51.31,57.25 5 0
github.com/SimoKiihamaki/autodev/internal/tui/components.go:57.25,59.4 1 0
github.com/SimoKiihamaki/autodev/internal/tui/components.go:62.2,62.59 1 0
github.com/SimoKiihamaki/autodev/internal/tui/components.go:65.58,66.16 1 0
github.com/SimoKiihamaki/autodev/internal/tui/components.go:67.20,68.15 1 0
github.com/SimoKiihamaki/autodev/internal/tui/components.go:69.18,70.15 1 0
github.com/SimoKiihamaki/autodev/internal/tui/components.go:71.17,72.15 1 0
github.com/SimoKiihamaki/autodev/internal/tui/components.go:73.19,74.15 1 0
github.com/SimoKiihamaki/autodev/internal/tui/components.go:75.10,76.15 1 0
github.com/SimoKiihamaki/autodev/internal/tui/components.go:80.67,81.16 1 0
github.com/SimoKiihamaki/autodev/internal/tui/components.go:82.20,83.27 1 0
github.com/SimoKiihamaki/autodev/internal/tui/components.go:84.18,85.25 1 0
github.com/SimoKiihamaki/autodev/internal/tui/components.go:86.17,87.24 1 0
github.com/SimoKiihamaki/autodev/internal/tui/components.go:88.19,89.26 1 0
github.com/SimoKiihamaki/autodev/internal/tui/components.go:90.10,91.26 1 0
github.com/SimoKiihamaki/autodev/internal/tui/components.go:107.56,113.2 1 1
github.com/SimoKiihamaki/autodev/internal/tui/components.go:115.38,120.15 2 1
github.com/SimoKiihamaki/autodev/internal/tui/components.go:120.15,122.3 1 0
github.com/SimoKiihamaki/autodev/internal/tui/components.go:122.8,124.3 1 1
github.com/SimoKiihamaki/autodev/internal/tui/components.go:126.2,126.17 1 1
github.com/SimoKiihamaki/autodev/internal/tui/components.go:126.17,128.3 1 0
github.com/SimoKiihamaki/autodev/internal/tui/components.go:130.2,131.19 2 1
github.com/SimoKiihamaki/autodev/internal/tui/components.go:131.19,134.3 2 1
github.com/SimoKiihamaki/autodev/internal/tui/components.go:136.2,136.30 1 1
github.com/SimoKiihamaki/autodev/internal/tui/components.go:150.68,151.38 1 1
github.com/SimoKiihamaki/autodev/internal/tui/components.go:151.38,153.3 1 1
github.com/SimoKiihamaki/autodev/internal/tui/components.go:154.2,159.3 1 1
github.com/SimoKiihamaki/autodev/internal/tui/components.go:162.50,163.21 1 1
github.com/SimoKiihamaki/autodev/internal/tui/components.go:163.21,165.3 1 1
github.com/SimoKiihamaki/autodev/internal/tui/components.go:167.2,169.25 3 1
github.com/SimoKiihamaki/autodev/internal/tui/components.go:169.25,171.3 1 0
github.com/SimoKiihamaki/autodev/internal/tui/components.go:173.2,176.20 3 1
github.com/SimoKiihamaki/autodev/internal/tui/components.go:176.20,178.3 1 0
github.com/SimoKiihamaki/autodev/internal/tui/components.go:179.2,179.21 1 1
github.com/SimoKiihamaki/autodev/internal/tui/components.go:179.21,181.3 1 0
github.com/SimoKiihamaki/autodev/internal/tui/components.go:183.2,191.3 3 1
github.com/SimoKiihamaki/autodev/internal/tui/components.go:208.64,213.2 1 0
github.com/SimoKiihamaki/autodev/internal/tui/components.go:215.39,216.26 1 0
github.com/SimoKiihamaki/autodev/internal/tui/components.go:216.26,218.3 1 0
github.com/SimoKiihamaki/autodev/internal/tui/components.go:220.2,221.33 2 0
github.com/SimoKiihamaki/autodev/internal/tui/components.go:221.33,222.21 1 0
github.com/SimoKiihamaki/autodev/internal/tui/components.go:222.21,223.12 1 0
github.com/SimoKiihamaki/autodev/internal/tui/components.go:225.3,225.52 1 0
github.com/SimoKiihamaki/autodev/internal/tui/components.go:228.2,228.59 1 0
github.com/SimoKiihamaki/autodev/internal/tui/components.go:232.57,233.26 1 0
github.com/SimoKiihamaki/autodev/internal/tui/components.go:233.26,235.3 1 0
github.com/SimoKiihamaki/autodev/internal/tui/components.go:238.2,239.33 2 0
github.com/SimoKiihamaki/autodev/internal/tui/components.go:239.33,240.21 1 0
github.com/SimoKiihamaki/autodev/internal/tui/components.go:240.21,241.12 1 0
github.com/SimoKiihamaki/autodev/internal/tui/components.go:243.3,244.48 2 0
github.com/SimoKiihamaki/autodev/internal/tui/components.go:247.2,251.26 3 0
github.com/SimoKiihamaki/autodev/internal/tui/components.go:251.26,254.3 2 0
github.com/SimoKiihamaki/autodev/internal/tui/components.go:256.2,256.16 1 0
github.com/SimoKiihamaki/autodev/internal/tui/components.go:275.71,280.2 1 0
github.com/SimoKiihamaki/autodev/internal/tui/components.go:282.38,284.32 2 0
github.com/SimoKiihamaki/autodev/internal/tui/components.go:284.32,287.19 3 0
github.com/SimoKiihamaki/autodev/internal/tui/components.go:287.19,290.4 2 0
github.com/SimoKiihamaki/autodev/internal/tui/components.go:290.9,292.4 1 0
github.com/SimoKiihamaki/autodev/internal/tui/components.go:293.3,293.44 1 0
github.com/SimoKiihamaki/autodev/internal/tui/components.go:296.2,299.15 3 0
github.com/SimoKiihamaki/autodev/internal/tui/components.go:299.15,301.3 1 0
github.com/SimoKiihamaki/autodev/internal/tui/components.go:302.2,302.15 1 0
github.com/SimoKiihamaki/autodev/internal/tui/components.go:314.42,318.18 3 0
github.com/SimoKiihamaki/autodev/internal/tui/components.go:319.12,321.18 2 0
github.com/SimoKiihamaki/autodev/internal/tui/components.go:322.15,324.21 2 0
github.com/SimoKiihamaki/autodev/internal/tui/components.go:325.14,327.23 2 0
github.com/SimoKiihamaki/autodev/internal/tui/components.go:328.10,330.26 2 0
github.com/SimoKiihamaki/autodev/internal/tui/components.go:333.2,333.58 1 0
github.com/SimoKiihamaki/autodev/internal/tui/helpers.go:15.38,17.13 2 1
github.com/SimoKiihamaki/autodev/internal/tui/helpers.go:17.13,19.3 1 1
github.com/SimoKiihamaki/autodev/internal/tui/helpers.go:20.2,21.16 2 1
github.com/SimoKiihamaki/autodev/internal/tui/helpers.go:21.16,23.3 1 0
github.com/SimoKiihamaki/autodev/internal/tui/helpers.go:24.2,24.15 1 1
github.com/SimoKiihamaki/autodev/internal/tui/helpers.go:29.44,31.13 2 1
github.com/SimoKiihamaki/autodev/internal/tui/helpers.go:31.13,33.3 1 1
github.com/SimoKiihamaki/autodev/internal/tui/helpers.go:34.2,34.11 1 1
github.com/SimoKiihamaki/autodev/internal/tui/helpers.go:35.43,36.19 1 1
github.com/SimoKiihamaki/autodev/internal/tui/helpers.go:37.45,38.20 1 1
github.com/SimoKiihamaki/autodev/internal/tui/helpers.go:39.10,40.107 1 0
github.com/SimoKiihamaki/autodev/internal/tui/helpers.go:53.51,55.12 1 1
github.com/SimoKiihamaki/autodev/internal/tui/helpers.go:55.12,57.3 1 1
github.com/SimoKiihamaki/autodev/internal/tui/helpers.go:59.2,59.33 1 1
github.com/SimoKiihamaki/autodev/internal/tui/helpers.go:59.33,61.3 1 1
github.com/SimoKiihamaki/autodev/internal/tui/helpers.go:65.2,65.61 1 1
github.com/SimoKiihamaki/autodev/internal/tui/helpers.go:65.61,67.3 1 1
github.com/SimoKiihamaki/autodev/internal/tui/helpers.go:71.2,72.13 2 1
github.com/SimoKiihamaki/autodev/internal/tui/helpers.go:72.13,74.3 1 1
github.com/SimoKiihamaki/autodev/internal/tui/helpers.go:75.2,75.18 1 1
github.com/SimoKiihamaki/autodev/internal/tui/helpers.go:80.39,81.21 1 1
github.com/SimoKiihamaki/autodev/internal/tui/helpers.go:81.21,83.3 1 1
github.com/SimoKiihamaki/autodev/internal/tui/helpers.go:84.2,84.58 1 1
github.com/SimoKiihamaki/autodev/internal/tui/helpers.go:89.41,91.15 2 1
github.com/SimoKiihamaki/autodev/internal/tui/helpers.go:91.15,93.3 1 1
github.com/SimoKiihamaki/autodev/internal/tui/helpers.go:94.2,97.29 4 1
github.com/SimoKiihamaki/autodev/internal/tui/helpers.go:97.29,98.56 1 1
github.com/SimoKiihamaki/autodev/internal/tui/helpers.go:98.56,100.4 1 1
github.com/SimoKiihamaki/autodev/internal/tui/helpers.go:102.2,102.15 1 1
github.com/SimoKiihamaki/autodev/internal/tui/inputs.go:41.33,71.2 27 1
github.com/SimoKiihamaki/autodev/internal/tui/inputs.go:73.46,77.19 3 1
github.com/SimoKiihamaki/autodev/internal/tui/inputs.go:78.14,79.19 1 1
github.com/SimoKiihamaki/autodev/internal/tui/inputs.go:80.14,81.19 1 1
github.com/SimoKiihamaki/autodev/internal/tui/inputs.go:82.16,83.21 1 0
github.com/SimoKiihamaki/autodev/internal/tui/inputs.go:84.15,85.25 1 0
github.com/SimoKiihamaki/autodev/internal/tui/inputs.go:86.15,87.20 1 0
github.com/SimoKiihamaki/autodev/internal/tui/inputs.go:88.18,89.23 1 0
github.com/SimoKiihamaki/autodev/internal/tui/inputs.go:90.16,91.21 1 0
github.com/SimoKiihamaki/autodev/internal/tui/inputs.go:92.49,94.9 1 0
github.com/SimoKiihamaki/autodev/internal/tui/inputs.go:95.17,96.22 1 0
github.com/SimoKiihamaki/autodev/internal/tui/inputs.go:97.17,98.22 1 0
github.com/SimoKiihamaki/autodev/internal/tui/inputs.go:99.17,100.22 1 0
github.com/SimoKiihamaki/autodev/internal/tui/inputs.go:101.18,102.23 1 0
github.com/SimoKiihamaki/autodev/internal/tui/inputs.go:103.22,104.27 1 0
github.com/SimoKiihamaki/autodev/internal/tui/inputs.go:105.23,106.28 1 0
github.com/SimoKiihamaki/autodev/internal/tui/inputs.go:108.22,109.27 1 1
github.com/SimoKiihamaki/autodev/internal/tui/inputs.go:110.28,111.33 1 0
github.com/SimoKiihamaki/autodev/internal/tui/inputs.go:112.29,113.34 1 0
github.com/SimoKiihamaki/autodev/internal/tui/inputs.go:114.27,115.32 1 0
github.com/SimoKiihamaki/autodev/internal/tui/inputs.go:116.30,117.35 1 0
github.com/SimoKiihamaki/autodev/internal/tui/inputs.go:118.29,119.34 1 0
github.com/SimoKiihamaki/autodev/internal/tui/inputs.go:120.28,121.33 1 0
github.com/SimoKiihamaki/autodev/internal/tui/inputs.go:122.31,123.36 1 0
github.com/SimoKiihamaki/autodev/internal/tui/inputs.go:125.24,126.29 1 0
github.com/SimoKiihamaki/autodev/internal/tui/inputs.go:127.27,128.32 1 1
github.com/SimoKiihamaki/autodev/internal/tui/inputs.go:129.16,130.19 1 0
github.com/SimoKiihamaki/autodev/internal/tui/inputs.go:131.10,136.9 4 0
github.com/SimoKiihamaki/autodev/internal/tui/inputs.go:140.92,144.25 3 0
github.com/SimoKiihamaki/autodev/internal/tui/inputs.go:144.25,145.15 1 0
github.com/SimoKiihamaki/autodev/internal/tui/inputs.go:145.15,147.4 1 0
github.com/SimoKiihamaki/autodev/internal/tui/inputs.go:148.3,150.12 3 0
github.com/SimoKiihamaki/autodev/internal/tui/inputs.go:151.8,152.22 1 0
github.com/SimoKiihamaki/autodev/internal/tui/inputs.go:152.22,154.4 1 0
github.com/SimoKiihamaki/autodev/internal/tui/inputs.go:155.3,157.11 3 0
github.com/SimoKiihamaki/autodev/internal/tui/inputs.go:161.2,161.76 1 0
github.com/SimoKiihamaki/autodev/internal/tui/inputs.go:161.76,164.3 2 0
github.com/SimoKiihamaki/autodev/internal/tui/inputs.go:167.2,167.44 1 0
github.com/SimoKiihamaki/autodev/internal/tui/inputs.go:167.44,168.32 1 0
github.com/SimoKiihamaki/autodev/internal/tui/inputs.go:168.32,171.4 2 0
github.com/SimoKiihamaki/autodev/internal/tui/inputs.go:175.90,177.15 2 1
github.com/SimoKiihamaki/autodev/internal/tui/inputs.go:177.15,179.3 1 0
github.com/SimoKiihamaki/autodev/internal/tui/inputs.go:181.2,182.19 2 1
github.com/SimoKiihamaki/autodev/internal/tui/inputs.go:183.12,184.12 1 1
github.com/SimoKiihamaki/autodev/internal/tui/inputs.go:185.10,185.10 0 1
github.com/SimoKiihamaki/autodev/internal/tui/inputs.go:189.2,189.43 1 1
github.com/SimoKiihamaki/autodev/internal/tui/inputs.go:189.43,191.28 2 1
github.com/SimoKiihamaki/autodev/internal/tui/inputs.go:191.28,192.9 1 0
github.com/SimoKiihamaki/autodev/internal/tui/inputs.go:195.3,195.73 1 1
github.com/SimoKiihamaki/autodev/internal/tui/inputs.go:195.73,198.4 2 1
github.com/SimoKiihamaki/autodev/internal/tui/inputs.go:200.3,200.57 1 0
github.com/SimoKiihamaki/autodev/internal/tui/inputs.go:200.57,202.4 1 0
github.com/SimoKiihamaki/autodev/internal/tui/inputs.go:206.52,207.26 1 1
github.com/SimoKiihamaki/autodev/internal/tui/inputs.go:207.26,210.3 2 0
github.com/SimoKiihamaki/autodev/internal/tui/inputs.go:212.2,213.35 2 1
github.com/SimoKiihamaki/autodev/internal/tui/inputs.go:213.35,214.22 1 1
github.com/SimoKiihamaki/autodev/internal/tui/inputs.go:214.22,216.4 1 1
github.com/SimoKiihamaki/autodev/internal/tui/inputs.go:217.3,217.22 1 1
github.com/SimoKiihamaki/autodev/internal/tui/inputs.go:217.22,219.4 1 1
github.com/SimoKiihamaki/autodev/internal/tui/inputs.go:222.2,223.29 2 1
github.com/SimoKiihamaki/autodev/internal/tui/inputs.go:223.29,225.3 1 1
github.com/SimoKiihamaki/autodev/internal/tui/inputs.go:226.2,226.39 1 1
github.com/SimoKiihamaki/autodev/internal/tui/inputs.go:226.39,228.84 2 1
github.com/SimoKiihamaki/autodev/internal/tui/inputs.go:228.84,230.4 1 1
github.com/SimoKiihamaki/autodev/internal/tui/inputs.go:233.2,234.13 2 1
github.com/SimoKiihamaki/autodev/internal/tui/inputs.go:234.13,237.3 2 0
github.com/SimoKiihamaki/autodev/internal/tui/inputs.go:239.2,240.40 2 1
github.com/SimoKiihamaki/autodev/internal/tui/inputs.go:240.40,244.3 3 0
github.com/SimoKiihamaki/autodev/internal/tui/inputs.go:245.2,245.45 1 1
github.com/SimoKiihamaki/autodev/internal/tui/inputs.go:245.45,249.3 3 0
github.com/SimoKiihamaki/autodev/internal/tui/inputs.go:251.2,251.19 1 1
github.com/SimoKiihamaki/autodev/internal/tui/inputs.go:252.20,253.55 1 1
github.com/SimoKiihamaki/autodev/internal/tui/inputs.go:254.23,255.57 1 0
github.com/SimoKiihamaki/autodev/internal/tui/inputs.go:259.93,260.52 1 0
github.com/SimoKiihamaki/autodev/internal/tui/inputs.go:260.52,262.3 1 0
github.com/SimoKiihamaki/autodev/internal/tui/inputs.go:263.2,264.19 2 0
github.com/SimoKiihamaki/autodev/internal/tui/inputs.go:264.19,266.3 1 0
github.com/SimoKiihamaki/autodev/internal/tui/inputs.go:267.2,267.65 1 0
github.com/SimoKiihamaki/autodev/internal/tui/inputs.go:267.65,270.3 2 0
github.com/SimoKiihamaki/autodev/internal/tui/inputs.go:271.2,271.47 1 0
github.com/SimoKiihamaki/autodev/internal/tui/inputs.go:271.47,273.54 2 0
github.com/SimoKiihamaki/autodev/internal/tui/inputs.go:273.54,276.4 2 0
github.com/SimoKiihamaki/autodev/internal/tui/inputs.go:277.3,278.57 2 0
github.com/SimoKiihamaki/autodev/internal/tui/inputs.go:278.57,281.4 2 0
github.com/SimoKiihamaki/autodev/internal/tui/inputs.go:283.2,283.14 1 0
github.com/SimoKiihamaki/autodev/internal/tui/inputs.go:286.44,288.2 1 1
github.com/SimoKiihamaki/autodev/internal/tui/inputs.go:290.49,294.21 2 1
github.com/SimoKiihamaki/autodev/internal/tui/inputs.go:294.21,296.3 1 0
github.com/SimoKiihamaki/autodev/internal/tui/inputs.go:298.2,298.25 1 1
github.com/SimoKiihamaki/autodev/internal/tui/inputs.go:298.25,301.3 2 1
github.com/SimoKiihamaki/autodev/internal/tui/inputs.go:303.2,304.29 2 1
github.com/SimoKiihamaki/autodev/internal/tui/inputs.go:304.29,305.28 1 1
github.com/SimoKiihamaki/autodev/internal/tui/inputs.go:305.28,307.9 2 1
github.com/SimoKiihamaki/autodev/internal/tui/inputs.go:311.2,311.24 1 1
github.com/SimoKiihamaki/autodev/internal/tui/inputs.go:311.24,314.3 2 0
github.com/SimoKiihamaki/autodev/internal/tui/inputs.go:316.2,316.19 1 1
github.com/SimoKiihamaki/autodev/internal/tui/inputs.go:317.12,319.9 2 1
github.com/SimoKiihamaki/autodev/internal/tui/inputs.go:319.9,321.4 1 1
github.com/SimoKiihamaki/autodev/internal/tui/inputs.go:322.14,324.9 2 1
github.com/SimoKiihamaki/autodev/internal/tui/inputs.go:324.9,326.4 1 1
github.com/SimoKiihamaki/autodev/internal/tui/inputs.go:327.23,328.24 1 1
github.com/SimoKiihamaki/autodev/internal/tui/inputs.go:332.37,333.23 1 1
github.com/SimoKiihamaki/autodev/internal/tui/inputs.go:334.15,335.27 1 1
github.com/SimoKiihamaki/autodev/internal/tui/inputs.go:336.12,337.21 1 1
github.com/SimoKiihamaki/autodev/internal/tui/inputs.go:338.16,339.29 1 1
github.com/SimoKiihamaki/autodev/internal/tui/inputs.go:340.16,341.41 1 1
github.com/SimoKiihamaki/autodev/internal/tui/inputs.go:342.16,343.31 1 1
github.com/SimoKiihamaki/autodev/internal/tui/inputs.go:344.17,345.33 1 1
github.com/SimoKiihamaki/autodev/internal/tui/inputs.go:346.18,347.35 1 1
github.com/SimoKiihamaki/autodev/internal/tui/inputs.go:348.17,349.33 1 1
github.com/SimoKiihamaki/autodev/internal/tui/inputs.go:351.2,351.22 1 1
github.com/SimoKiihamaki/autodev/internal/tui/inputs.go:354.66,356.2 1 1
github.com/SimoKiihamaki/autodev/internal/tui/inputs.go:363.65,366.14 2 1
github.com/SimoKiihamaki/autodev/internal/tui/inputs.go:367.21,368.30 1 1
github.com/SimoKiihamaki/autodev/internal/tui/inputs.go:369.18,370.27 1 1
github.com/SimoKiihamaki/autodev/internal/tui/inputs.go:371.22,372.31 1 0
github.com/SimoKiihamaki/autodev/internal/tui/inputs.go:373.10,374.9 1 0
github.com/SimoKiihamaki/autodev/internal/tui/inputs.go:378.2,379.12 2 1
github.com/SimoKiihamaki/autodev/internal/tui/inputs.go:379.12,381.3 1 0
github.com/SimoKiihamaki/autodev/internal/tui/inputs.go:384.2,386.41 3 1
github.com/SimoKiihamaki/autodev/internal/tui/inputs.go:386.41,387.24 1 1
github.com/SimoKiihamaki/autodev/internal/tui/inputs.go:387.24,389.9 2 1
github.com/SimoKiihamaki/autodev/internal/tui/inputs.go:392.2,392.15 1 1
github.com/SimoKiihamaki/autodev/internal/tui/inputs.go:392.15,395.3 1 0
github.com/SimoKiihamaki/autodev/internal/tui/inputs.go:397.2,398.8 2 1
github.com/SimoKiihamaki/autodev/internal/tui/inputs.go:398.8,401.3 2 1
github.com/SimoKiihamaki/autodev/internal/tui/inputs.go:404.41,405.14 1 1
github.com/SimoKiihamaki/autodev/internal/tui/inputs.go:406.49,407.14 1 1
github.com/SimoKiihamaki/autodev/internal/tui/inputs.go:408.10,409.15 1 1
github.com/SimoKiihamaki/autodev/internal/tui/keys.go:79.46,80.43 1 0
github.com/SimoKiihamaki/autodev/internal/tui/keys.go:80.43,82.3 1 0
github.com/SimoKiihamaki/autodev/internal/tui/keys.go:83.2,83.18 1 0
github.com/SimoKiihamaki/autodev/internal/tui/keys.go:93.36,95.13 2 0
github.com/SimoKiihamaki/autodev/internal/tui/keys.go:95.13,97.3 1 0
github.com/SimoKiihamaki/autodev/internal/tui/keys.go:98.2,98.12 1 0
github.com/SimoKiihamaki/autodev/internal/tui/keys.go:98.12,100.3 1 0
github.com/SimoKiihamaki/autodev/internal/tui/keys.go:101.2,101.14 1 0
github.com/SimoKiihamaki/autodev/internal/tui/keys.go:101.14,103.3 1 0
github.com/SimoKiihamaki/autodev/internal/tui/keys.go:104.2,106.33 3 0
github.com/SimoKiihamaki/autodev/internal/tui/keys.go:109.37,111.13 2 1
github.com/SimoKiihamaki/autodev/internal/tui/keys.go:111.13,113.3 1 1
github.com/SimoKiihamaki/autodev/internal/tui/keys.go:114.2,114.12 1 1
github.com/SimoKiihamaki/autodev/internal/tui/keys.go:114.12,116.3 1 0
github.com/SimoKiihamaki/autodev/internal/tui/keys.go:117.2,117.14 1 1
github.com/SimoKiihamaki/autodev/internal/tui/keys.go:117.14,119.3 1 1
github.com/SimoKiihamaki/autodev/internal/tui/keys.go:120.2,121.14 2 1
github.com/SimoKiihamaki/autodev/internal/tui/keys.go:122.14,123.16 1 1
github.com/SimoKiihamaki/autodev/internal/tui/keys.go:124.16,125.16 1 1
github.com/SimoKiihamaki/autodev/internal/tui/keys.go:126.13,127.15 1 0
github.com/SimoKiihamaki/autodev/internal/tui/keys.go:128.14,129.16 1 1
github.com/SimoKiihamaki/autodev/internal/tui/keys.go:130.13,131.15 1 1
github.com/SimoKiihamaki/autodev/internal/tui/keys.go:132.13,133.15 1 0
github.com/SimoKiihamaki/autodev/internal/tui/keys.go:134.11,135.17 1 0
github.com/SimoKiihamaki/autodev/internal/tui/keys.go:136.15,137.17 1 1
github.com/SimoKiihamaki/autodev/internal/tui/keys.go:138.12,139.15 1 1
github.com/SimoKiihamaki/autodev/internal/tui/keys.go:140.14,141.15 1 1
github.com/SimoKiihamaki/autodev/internal/tui/keys.go:142.14,143.15 1 0
github.com/SimoKiihamaki/autodev/internal/tui/keys.go:144.15,145.15 1 0
github.com/SimoKiihamaki/autodev/internal/tui/keys.go:146.19,147.21 1 1
github.com/SimoKiihamaki/autodev/internal/tui/keys.go:148.15,149.17 1 0
github.com/SimoKiihamaki/autodev/internal/tui/keys.go:150.10,151.21 1 1
github.com/SimoKiihamaki/autodev/internal/tui/keys.go:151.21,153.4 1 1
github.com/SimoKiihamaki/autodev/internal/tui/keys.go:153.9,155.4 1 1
github.com/SimoKiihamaki/autodev/internal/tui/keys.go:157.2,157.21 1 1
github.com/SimoKiihamaki/autodev/internal/tui/keys.go:157.21,159.3 1 1
github.com/SimoKiihamaki/autodev/internal/tui/keys.go:160.2,161.33 2 1
github.com/SimoKiihamaki/autodev/internal/tui/keys.go:164.49,166.2 1 1
github.com/SimoKiihamaki/autodev/internal/tui/keys.go:169.41,171.13 2 1
github.com/SimoKiihamaki/autodev/internal/tui/keys.go:171.13,173.3 1 1
github.com/SimoKiihamaki/autodev/internal/tui/keys.go:174.2,174.12 1 1
github.com/SimoKiihamaki/autodev/internal/tui/keys.go:174.12,176.3 1 1
github.com/SimoKiihamaki/autodev/internal/tui/keys.go:177.2,177.14 1 1
github.com/SimoKiihamaki/autodev/internal/tui/keys.go:177.14,179.3 1 1
github.com/SimoKiihamaki/autodev/internal/tui/keys.go:180.2,182.16 3 1
github.com/SimoKiihamaki/autodev/internal/tui/keys.go:182.16,184.3 1 1
github.com/SimoKiihamaki/autodev/internal/tui/keys.go:185.2,185.32 1 1
github.com/SimoKiihamaki/autodev/internal/tui/keys.go:189.42,193.26 4 1
github.com/SimoKiihamaki/autodev/internal/tui/keys.go:193.26,195.12 2 1
github.com/SimoKiihamaki/autodev/internal/tui/keys.go:196.31,197.26 1 1
github.com/SimoKiihamaki/autodev/internal/tui/keys.go:198.11,199.30 1 1
github.com/SimoKiihamaki/autodev/internal/tui/keys.go:202.2,203.16 2 1
github.com/SimoKiihamaki/autodev/internal/tui/keys.go:203.16,205.3 1 1
github.com/SimoKiihamaki/autodev/internal/tui/keys.go:206.2,206.32 1 1
github.com/SimoKiihamaki/autodev/internal/tui/keys.go:210.40,211.11 1 1
github.com/SimoKiihamaki/autodev/internal/tui/keys.go:212.11,213.17 1 0
github.com/SimoKiihamaki/autodev/internal/tui/keys.go:214.15,215.17 1 0
github.com/SimoKiihamaki/autodev/internal/tui/keys.go:216.24,217.18 1 1
github.com/SimoKiihamaki/autodev/internal/tui/keys.go:218.14,219.16 1 1
github.com/SimoKiihamaki/autodev/internal/tui/keys.go:220.23,221.15 1 1
github.com/SimoKiihamaki/autodev/internal/tui/keys.go:222.10,223.11 1 1
github.com/SimoKiihamaki/autodev/internal/tui/keys.go:240.57,242.2 1 1
github.com/SimoKiihamaki/autodev/internal/tui/keys.go:244.68,246.2 1 1
github.com/SimoKiihamaki/autodev/internal/tui/keys.go:248.89,249.22 1 1
github.com/SimoKiihamaki/autodev/internal/tui/keys.go:249.22,251.3 1 0
github.com/SimoKiihamaki/autodev/internal/tui/keys.go:252.2,253.34 2 1
github.com/SimoKiihamaki/autodev/internal/tui/keys.go:253.34,254.32 1 1
github.com/SimoKiihamaki/autodev/internal/tui/keys.go:254.32,255.26 1 1
github.com/SimoKiihamaki/autodev/internal/tui/keys.go:255.26,257.10 2 1
github.com/SimoKiihamaki/autodev/internal/tui/keys.go:261.2,261.42 1 1
github.com/SimoKiihamaki/autodev/internal/tui/keys.go:261.42,263.3 1 0
github.com/SimoKiihamaki/autodev/internal/tui/keys.go:264.2,264.16 1 1
github.com/SimoKiihamaki/autodev/internal/tui/keys.go:267.43,268.37 1 1
github.com/SimoKiihamaki/autodev/internal/tui/keys.go:268.37,270.3 1 1
github.com/SimoKiihamaki/autodev/internal/tui/keys.go:271.2,271.20 1 0
github.com/SimoKiihamaki/autodev/internal/tui/keys.go:274.53,276.2 1 0
github.com/SimoKiihamaki/autodev/internal/tui/keys.go:278.50,280.2 1 1
github.com/SimoKiihamaki/autodev/internal/tui/keys.go:282.62,284.2 1 1
github.com/SimoKiihamaki/autodev/internal/tui/keys.go:286.72,287.22 1 1
github.com/SimoKiihamaki/autodev/internal/tui/keys.go:287.22,289.3 1 1
github.com/SimoKiihamaki/autodev/internal/tui/keys.go:290.2,291.34 2 1
github.com/SimoKiihamaki/autodev/internal/tui/keys.go:291.34,292.23 1 1
github.com/SimoKiihamaki/autodev/internal/tui/keys.go:292.23,293.12 1 0
github.com/SimoKiihamaki/autodev/internal/tui/keys.go:295.3,300.35 2 1
[...]
github.com/SimoKiihamaki/autodev/internal/tui/view_help.go:10.50,13.62 2 0
github.com/SimoKiihamaki/autodev/internal/tui/view_help.go:13.62,14.24 1 0
github.com/SimoKiihamaki/autodev/internal/tui/view_help.go:14.24,16.4 1 0
github.com/SimoKiihamaki/autodev/internal/tui/view_help.go:17.3,18.33 2 0
github.com/SimoKiihamaki/autodev/internal/tui/view_help.go:18.33,20.39 2 0
github.com/SimoKiihamaki/autodev/internal/tui/view_help.go:20.39,22.5 1 0
github.com/SimoKiihamaki/autodev/internal/tui/view_help.go:23.4,23.87 1 0
github.com/SimoKiihamaki/autodev/internal/tui/view_help.go:27.2,29.35 2 0
github.com/SimoKiihamaki/autodev/internal/tui/view_help.go:29.35,31.46 2 0
github.com/SimoKiihamaki/autodev/internal/tui/view_help.go:31.46,32.12 1 0
github.com/SimoKiihamaki/autodev/internal/tui/view_help.go:34.3,34.45 1 0
github.com/SimoKiihamaki/autodev/internal/tui/view_help.go:37.2,37.71 1 0
github.com/SimoKiihamaki/autodev/internal/tui/view_help.go:41.53,42.17 1 0
github.com/SimoKiihamaki/autodev/internal/tui/view_help.go:42.17,44.3 1 0
github.com/SimoKiihamaki/autodev/internal/tui/view_help.go:46.2,47.17 2 0
github.com/SimoKiihamaki/autodev/internal/tui/view_help.go:47.17,49.3 1 0
github.com/SimoKiihamaki/autodev/internal/tui/view_help.go:51.2,51.17 1 0
github.com/SimoKiihamaki/autodev/internal/tui/view_help.go:51.17,53.3 1 0
github.com/SimoKiihamaki/autodev/internal/tui/view_help.go:54.2,54.22 1 0
github.com/SimoKiihamaki/autodev/internal/tui/view_help.go:58.46,62.86 3 1
github.com/SimoKiihamaki/autodev/internal/tui/view_help.go:62.86,64.3 1 1
github.com/SimoKiihamaki/autodev/internal/tui/view_help.go:66.2,66.106 1 1
github.com/SimoKiihamaki/autodev/internal/tui/view_help.go:66.106,68.3 1 1
github.com/SimoKiihamaki/autodev/internal/tui/view_help.go:70.2,70.24 1 1
github.com/SimoKiihamaki/autodev/internal/tui/view_help.go:70.24,72.3 1 0
github.com/SimoKiihamaki/autodev/internal/tui/view_help.go:74.2,75.37 2 1
github.com/SimoKiihamaki/autodev/internal/tui/view_help.go:79.67,80.23 1 1
github.com/SimoKiihamaki/autodev/internal/tui/view_help.go:80.23,82.3 1 1
github.com/SimoKiihamaki/autodev/internal/tui/view_help.go:84.2,85.32 2 1
github.com/SimoKiihamaki/autodev/internal/tui/view_help.go:85.32,87.38 2 1
github.com/SimoKiihamaki/autodev/internal/tui/view_help.go:87.38,89.4 1 1
github.com/SimoKiihamaki/autodev/internal/tui/view_help.go:90.3,96.30 3 1
github.com/SimoKiihamaki/autodev/internal/tui/view_help.go:99.2,103.3 2 1
github.com/SimoKiihamaki/autodev/internal/tui/view_logs.go:8.50,14.2 4 0
github.com/SimoKiihamaki/autodev/internal/tui/view_logs.go:17.53,18.25 1 0
github.com/SimoKiihamaki/autodev/internal/tui/view_logs.go:18.25,20.3 1 0
github.com/SimoKiihamaki/autodev/internal/tui/view_logs.go:20.8,20.30 1 0
github.com/SimoKiihamaki/autodev/internal/tui/view_logs.go:20.30,22.3 1 0
github.com/SimoKiihamaki/autodev/internal/tui/view_prd.go:8.49,16.25 4 1
github.com/SimoKiihamaki/autodev/internal/tui/view_prd.go:16.25,19.3 2 0
github.com/SimoKiihamaki/autodev/internal/tui/view_prd.go:19.8,21.3 1 1
github.com/SimoKiihamaki/autodev/internal/tui/view_prd.go:24.2,30.64 4 1
github.com/SimoKiihamaki/autodev/internal/tui/view_prd.go:34.58,35.25 1 1
github.com/SimoKiihamaki/autodev/internal/tui/view_prd.go:35.25,37.3 1 1
github.com/SimoKiihamaki/autodev/internal/tui/view_prd.go:37.8,39.3 1 1
github.com/SimoKiihamaki/autodev/internal/tui/view_prd.go:40.2,40.21 1 1
github.com/SimoKiihamaki/autodev/internal/tui/view_prd.go:40.21,42.3 1 1
github.com/SimoKiihamaki/autodev/internal/tui/view_progress.go:64.53,65.20 1 1
github.com/SimoKiihamaki/autodev/internal/tui/view_progress.go:65.20,67.3 1 1
github.com/SimoKiihamaki/autodev/internal/tui/view_progress.go:69.2,71.16 3 1
github.com/SimoKiihamaki/autodev/internal/tui/view_progress.go:71.16,73.3 1 1
github.com/SimoKiihamaki/autodev/internal/tui/view_progress.go:75.2,76.55 2 0
github.com/SimoKiihamaki/autodev/internal/tui/view_progress.go:76.55,78.3 1 0
github.com/SimoKiihamaki/autodev/internal/tui/view_progress.go:80.2,80.22 1 0
github.com/SimoKiihamaki/autodev/internal/tui/view_progress.go:84.46,85.24 1 1
github.com/SimoKiihamaki/autodev/internal/tui/view_progress.go:85.24,88.3 2 1
github.com/SimoKiihamaki/autodev/internal/tui/view_progress.go:92.54,96.22 2 1
github.com/SimoKiihamaki/autodev/internal/tui/view_progress.go:96.22,99.3 2 1
github.com/SimoKiihamaki/autodev/internal/tui/view_progress.go:101.2,101.25 1 0
github.com/SimoKiihamaki/autodev/internal/tui/view_progress.go:101.25,104.3 2 0
github.com/SimoKiihamaki/autodev/internal/tui/view_progress.go:106.2,108.28 3 0
github.com/SimoKiihamaki/autodev/internal/tui/view_progress.go:112.62,115.26 2 1
github.com/SimoKiihamaki/autodev/internal/tui/view_progress.go:115.26,117.3 1 1
github.com/SimoKiihamaki/autodev/internal/tui/view_progress.go:117.8,120.3 2 1
github.com/SimoKiihamaki/autodev/internal/tui/view_progress.go:122.2,132.58 10 1
github.com/SimoKiihamaki/autodev/internal/tui/view_progress.go:136.66,143.47 5 1
github.com/SimoKiihamaki/autodev/internal/tui/view_progress.go:143.47,147.3 1 1
github.com/SimoKiihamaki/autodev/internal/tui/view_progress.go:148.2,156.19 6 1
github.com/SimoKiihamaki/autodev/internal/tui/view_progress.go:156.19,158.3 1 1
github.com/SimoKiihamaki/autodev/internal/tui/view_progress.go:159.2,159.20 1 1
github.com/SimoKiihamaki/autodev/internal/tui/view_progress.go:159.20,161.3 1 1
github.com/SimoKiihamaki/autodev/internal/tui/view_progress.go:162.2,162.16 1 1
github.com/SimoKiihamaki/autodev/internal/tui/view_progress.go:162.16,164.3 1 0
github.com/SimoKiihamaki/autodev/internal/tui/view_progress.go:165.2,165.17 1 1
github.com/SimoKiihamaki/autodev/internal/tui/view_progress.go:165.17,167.3 1 1
github.com/SimoKiihamaki/autodev/internal/tui/view_progress.go:168.2,173.15 4 1
github.com/SimoKiihamaki/autodev/internal/tui/view_progress.go:173.15,176.3 2 1
github.com/SimoKiihamaki/autodev/internal/tui/view_progress.go:180.62,183.43 2 1
github.com/SimoKiihamaki/autodev/internal/tui/view_progress.go:183.43,193.38 5 1
github.com/SimoKiihamaki/autodev/internal/tui/view_progress.go:193.38,196.4 2 1
github.com/SimoKiihamaki/autodev/internal/tui/view_progress.go:201.56,204.2 2 1
github.com/SimoKiihamaki/autodev/internal/tui/view_progress.go:207.99,208.29 1 1
github.com/SimoKiihamaki/autodev/internal/tui/view_progress.go:208.29,209.19 1 1
github.com/SimoKiihamaki/autodev/internal/tui/view_progress.go:210.32,211.15 1 1
github.com/SimoKiihamaki/autodev/internal/tui/view_progress.go:212.22,213.16 1 1
github.com/SimoKiihamaki/autodev/internal/tui/view_progress.go:214.29,215.13 1 1
github.com/SimoKiihamaki/autodev/internal/tui/view_progress.go:216.17,217.12 1 1
github.com/SimoKiihamaki/autodev/internal/tui/view_progress.go:220.2,220.8 1 1
github.com/SimoKiihamaki/autodev/internal/tui/view_progress.go:228.27,230.26 2 1
github.com/SimoKiihamaki/autodev/internal/tui/view_progress.go:230.26,231.30 1 1
github.com/SimoKiihamaki/autodev/internal/tui/view_progress.go:231.30,233.4 1 1
github.com/SimoKiihamaki/autodev/internal/tui/view_progress.go:235.2,235.8 1 1
github.com/SimoKiihamaki/autodev/internal/tui/view_progress.go:239.46,240.16 1 1
github.com/SimoKiihamaki/autodev/internal/tui/view_progress.go:241.31,242.31 1 1
github.com/SimoKiihamaki/autodev/internal/tui/view_progress.go:243.21,244.39 1 1
github.com/SimoKiihamaki/autodev/internal/tui/view_progress.go:245.16,246.34 1 1
github.com/SimoKiihamaki/autodev/internal/tui/view_progress.go:247.17,248.34 1 1
github.com/SimoKiihamaki/autodev/internal/tui/view_progress.go:249.10,250.33 1 1
github.com/SimoKiihamaki/autodev/internal/tui/view_progress.go:255.44,256.18 1 1
github.com/SimoKiihamaki/autodev/internal/tui/view_progress.go:257.18,258.37 1 1
github.com/SimoKiihamaki/autodev/internal/tui/view_progress.go:259.14,260.42 1 1
github.com/SimoKiihamaki/autodev/internal/tui/view_progress.go:261.16,262.35 1 1
github.com/SimoKiihamaki/autodev/internal/tui/view_progress.go:263.10,264.35 1 1
github.com/SimoKiihamaki/autodev/internal/tui/view_progress.go:269.48,270.20 1 1
github.com/SimoKiihamaki/autodev/internal/tui/view_progress.go:271.12,272.33 1 1
github.com/SimoKiihamaki/autodev/internal/tui/view_progress.go:273.11,274.37 1 1
github.com/SimoKiihamaki/autodev/internal/tui/view_progress.go:275.11,276.31 1 1
github.com/SimoKiihamaki/autodev/internal/tui/view_progress.go:277.10,278.31 1 1
github.com/SimoKiihamaki/autodev/internal/tui/view_progress.go:283.62,285.20 2 1
github.com/SimoKiihamaki/autodev/internal/tui/view_progress.go:285.20,287.3 1 1
github.com/SimoKiihamaki/autodev/internal/tui/view_progress.go:288.2,288.16 1 1
github.com/SimoKiihamaki/autodev/internal/tui/view_progress.go:288.16,290.3 1 1
github.com/SimoKiihamaki/autodev/internal/tui/view_progress.go:292.2,293.52 2 1
github.com/SimoKiihamaki/autodev/internal/tui/view_progress.go:297.40,299.19 1 1
github.com/SimoKiihamaki/autodev/internal/tui/view_progress.go:299.19,301.3 1 1
github.com/SimoKiihamaki/autodev/internal/tui/view_progress.go:302.2,302.11 1 1
github.com/SimoKiihamaki/autodev/internal/tui/view_prompt.go:8.52,12.24 3 0
github.com/SimoKiihamaki/autodev/internal/tui/view_prompt.go:12.24,14.3 1 0
github.com/SimoKiihamaki/autodev/internal/tui/view_prompt.go:14.8,16.3 1 0
github.com/SimoKiihamaki/autodev/internal/tui/view_run.go:9.49,10.40 1 1
github.com/SimoKiihamaki/autodev/internal/tui/view_run.go:10.40,13.3 2 1
github.com/SimoKiihamaki/autodev/internal/tui/view_run.go:14.2,14.21 1 0
github.com/SimoKiihamaki/autodev/internal/tui/view_run.go:18.54,22.56 2 1
github.com/SimoKiihamaki/autodev/internal/tui/view_run.go:22.56,24.3 1 0
github.com/SimoKiihamaki/autodev/internal/tui/view_run.go:26.2,29.19 4 1
github.com/SimoKiihamaki/autodev/internal/tui/view_run.go:29.19,31.3 1 0
github.com/SimoKiihamaki/autodev/internal/tui/view_run.go:32.2,39.27 7 1
github.com/SimoKiihamaki/autodev/internal/tui/view_run.go:43.49,47.56 2 0
github.com/SimoKiihamaki/autodev/internal/tui/view_run.go:47.56,49.3 1 0
github.com/SimoKiihamaki/autodev/internal/tui/view_run.go:51.2,54.19 4 0
github.com/SimoKiihamaki/autodev/internal/tui/view_run.go:54.19,56.3 1 0
github.com/SimoKiihamaki/autodev/internal/tui/view_run.go:57.2,60.20 3 0
github.com/SimoKiihamaki/autodev/internal/tui/view_run.go:60.20,62.3 1 0
github.com/SimoKiihamaki/autodev/internal/tui/view_run.go:62.8,62.27 1 0
github.com/SimoKiihamaki/autodev/internal/tui/view_run.go:62.27,64.3 1 0
github.com/SimoKiihamaki/autodev/internal/tui/view_run.go:64.8,66.3 1 0
github.com/SimoKiihamaki/autodev/internal/tui/view_run.go:67.2,67.102 1 0
github.com/SimoKiihamaki/autodev/internal/tui/view_run.go:71.51,72.9 1 1
github.com/SimoKiihamaki/autodev/internal/tui/view_run.go:73.17,74.100 1 0
github.com/SimoKiihamaki/autodev/internal/tui/view_run.go:75.22,76.96 1 1
github.com/SimoKiihamaki/autodev/internal/tui/view_run.go:77.22,78.70 1 0
github.com/SimoKiihamaki/autodev/internal/tui/view_run.go:79.10,80.65 1 0
github.com/SimoKiihamaki/autodev/internal/tui/view_run.go:85.51,87.23 2 1
github.com/SimoKiihamaki/autodev/internal/tui/view_run.go:87.23,89.3 1 0
github.com/SimoKiihamaki/autodev/internal/tui/view_run.go:91.2,92.57 2 1
github.com/SimoKiihamaki/autodev/internal/tui/view_run.go:92.57,94.3 1 0
github.com/SimoKiihamaki/autodev/internal/tui/view_run.go:95.2,99.80 4 1
github.com/SimoKiihamaki/autodev/internal/tui/view_run.go:99.80,101.3 1 1
github.com/SimoKiihamaki/autodev/internal/tui/view_run.go:102.2,102.87 1 1
github.com/SimoKiihamaki/autodev/internal/tui/view_run.go:102.87,104.3 1 1
github.com/SimoKiihamaki/autodev/internal/tui/view_run.go:105.2,105.99 1 1
github.com/SimoKiihamaki/autodev/internal/tui/view_run.go:105.99,107.3 1 1
github.com/SimoKiihamaki/autodev/internal/tui/view_run.go:108.2,108.80 1 1
github.com/SimoKiihamaki/autodev/internal/tui/view_run.go:108.80,110.3 1 1
github.com/SimoKiihamaki/autodev/internal/tui/view_run.go:111.2,111.20 1 1
github.com/SimoKiihamaki/autodev/internal/tui/view_run.go:111.20,113.3 1 1
github.com/SimoKiihamaki/autodev/internal/tui/view_run.go:117.54,119.17 2 1
github.com/SimoKiihamaki/autodev/internal/tui/view_run.go:119.17,120.16 1 1
github.com/SimoKiihamaki/autodev/internal/tui/view_run.go:120.16,122.4 1 0
github.com/SimoKiihamaki/autodev/internal/tui/view_run.go:122.9,124.4 1 1
github.com/SimoKiihamaki/autodev/internal/tui/view_run.go:127.2,128.19 2 1
github.com/SimoKiihamaki/autodev/internal/tui/view_run.go:128.19,129.16 1 1
github.com/SimoKiihamaki/autodev/internal/tui/view_run.go:129.16,131.4 1 0
github.com/SimoKiihamaki/autodev/internal/tui/view_run.go:131.9,133.4 1 1
github.com/SimoKiihamaki/autodev/internal/tui/view_run.go:136.2,137.20 2 1
github.com/SimoKiihamaki/autodev/internal/tui/view_run.go:137.20,139.3 1 1
github.com/SimoKiihamaki/autodev/internal/tui/view_run.go:141.2,142.24 2 1
github.com/SimoKiihamaki/autodev/internal/tui/view_run.go:142.24,144.3 1 1
github.com/SimoKiihamaki/autodev/internal/tui/view_run.go:146.2,152.48 6 1
github.com/SimoKiihamaki/autodev/internal/tui/view_run.go:156.45,157.9 1 1
github.com/SimoKiihamaki/autodev/internal/tui/view_run.go:158.44,159.24 1 0
github.com/SimoKiihamaki/autodev/internal/tui/view_run.go:160.28,162.10 2 0
github.com/SimoKiihamaki/autodev/internal/tui/view_run.go:163.27,164.70 1 0
github.com/SimoKiihamaki/autodev/internal/tui/view_run.go:165.43,166.53 1 0
github.com/SimoKiihamaki/autodev/internal/tui/view_run.go:167.11,168.51 1 0
github.com/SimoKiihamaki/autodev/internal/tui/view_run.go:170.3,170.27 1 0
github.com/SimoKiihamaki/autodev/internal/tui/view_run.go:170.27,172.4 1 0
github.com/SimoKiihamaki/autodev/internal/tui/view_run.go:173.3,173.19 1 0
github.com/SimoKiihamaki/autodev/internal/tui/view_run.go:174.28,175.24 1 0
github.com/SimoKiihamaki/autodev/internal/tui/view_run.go:176.10,177.12 1 1
github.com/SimoKiihamaki/autodev/internal/tui/view_run.go:182.50,184.9 2 1
github.com/SimoKiihamaki/autodev/internal/tui/view_run.go:185.43,186.22 1 1
github.com/SimoKiihamaki/autodev/internal/tui/view_run.go:187.20,188.24 1 0
github.com/SimoKiihamaki/autodev/internal/tui/view_run.go:190.2,193.25 3 1
github.com/SimoKiihamaki/autodev/internal/tui/view_run.go:193.25,195.3 1 0
github.com/SimoKiihamaki/autodev/internal/tui/view_run.go:195.8,195.30 1 1
github.com/SimoKiihamaki/autodev/internal/tui/view_run.go:195.30,197.3 1 0
github.com/SimoKiihamaki/autodev/internal/tui/view_run.go:201.55,202.15 1 1
github.com/SimoKiihamaki/autodev/internal/tui/view_run.go:202.15,204.3 1 0
github.com/SimoKiihamaki/autodev/internal/tui/view_run.go:204.8,207.3 2 1
github.com/SimoKiihamaki/autodev/internal/tui/view_run.go:211.44,212.19 1 1
github.com/SimoKiihamaki/autodev/internal/tui/view_run.go:212.19,214.16 2 0
github.com/SimoKiihamaki/autodev/internal/tui/view_run.go:214.16,216.4 1 0
github.com/SimoKiihamaki/autodev/internal/tui/view_run.go:217.3,217.80 1 0
github.com/SimoKiihamaki/autodev/internal/tui/view_run.go:219.2,221.16 2 1
github.com/SimoKiihamaki/autodev/internal/tui/view_run.go:221.16,223.3 1 0
github.com/SimoKiihamaki/autodev/internal/tui/view_run.go:224.2,224.13 1 1
github.com/SimoKiihamaki/autodev/internal/tui/view_run.go:224.13,226.3 1 0
github.com/SimoKiihamaki/autodev/internal/tui/view_run.go:227.2,227.17 1 1
github.com/SimoKiihamaki/autodev/internal/tui/view_run.go:227.17,229.3 1 0
github.com/SimoKiihamaki/autodev/internal/tui/view_run.go:231.2,231.21 1 1
github.com/SimoKiihamaki/autodev/internal/tui/view_run.go:231.21,233.3 1 1
github.com/SimoKiihamaki/autodev/internal/tui/view_run.go:235.2,235.35 1 0
github.com/SimoKiihamaki/autodev/internal/tui/view_run.go:239.59,240.16 1 0
github.com/SimoKiihamaki/autodev/internal/tui/view_run.go:240.16,242.3 1 0
github.com/SimoKiihamaki/autodev/internal/tui/view_run.go:244.2,252.16 3 0
github.com/SimoKiihamaki/autodev/internal/tui/view_run.go:252.16,254.3 1 0
github.com/SimoKiihamaki/autodev/internal/tui/view_run.go:255.2,255.13 1 0
github.com/SimoKiihamaki/autodev/internal/tui/view_run.go:255.13,257.3 1 0
github.com/SimoKiihamaki/autodev/internal/tui/view_run.go:258.2,258.17 1 0
github.com/SimoKiihamaki/autodev/internal/tui/view_run.go:258.17,260.3 1 0
github.com/SimoKiihamaki/autodev/internal/tui/view_run.go:263.2,264.31 2 0
github.com/SimoKiihamaki/autodev/internal/tui/view_run.go:264.31,265.17 1 0
github.com/SimoKiihamaki/autodev/internal/tui/view_run.go:265.17,267.9 2 0
github.com/SimoKiihamaki/autodev/internal/tui/view_run.go:270.2,270.21 1 0
github.com/SimoKiihamaki/autodev/internal/tui/view_run.go:270.21,272.3 1 0
github.com/SimoKiihamaki/autodev/internal/tui/view_run.go:275.2,279.31 3 0
github.com/SimoKiihamaki/autodev/internal/tui/view_run.go:279.31,280.29 1 0
github.com/SimoKiihamaki/autodev/internal/tui/view_run.go:280.29,282.9 2 0
github.com/SimoKiihamaki/autodev/internal/tui/view_run.go:287.2,287.22 1 0
github.com/SimoKiihamaki/autodev/internal/tui/view_run.go:287.22,288.21 1 0
github.com/SimoKiihamaki/autodev/internal/tui/view_run.go:288.21,290.4 1 0
github.com/SimoKiihamaki/autodev/internal/tui/view_run.go:291.3,291.21 1 0
github.com/SimoKiihamaki/autodev/internal/tui/view_run.go:295.2,295.28 1 0
github.com/SimoKiihamaki/autodev/internal/tui/view_run.go:295.28,297.3 1 0
github.com/SimoKiihamaki/autodev/internal/tui/view_run.go:298.2,298.29 1 0
github.com/SimoKiihamaki/autodev/internal/tui/view_run.go:298.29,300.3 1 0
github.com/SimoKiihamaki/autodev/internal/tui/view_run.go:301.2,301.20 1 0
github.com/SimoKiihamaki/autodev/internal/tui/view_run.go:307.53,311.9 2 0
github.com/SimoKiihamaki/autodev/internal/tui/view_run.go:317.20,318.17 1 0
github.com/SimoKiihamaki/autodev/internal/tui/view_run.go:324.41,325.14 1 0
github.com/SimoKiihamaki/autodev/internal/tui/view_run.go:331.81,332.18 1 0
github.com/SimoKiihamaki/autodev/internal/tui/view_run.go:334.10,335.12 1 0
github.com/SimoKiihamaki/autodev/internal/tui/view_settings.go:24.54,33.2 7 1
github.com/SimoKiihamaki/autodev/internal/tui/view_settings.go:36.57,45.2 4 1
github.com/SimoKiihamaki/autodev/internal/tui/view_settings.go:48.56,56.30 6 1
github.com/SimoKiihamaki/autodev/internal/tui/view_settings.go:56.30,60.3 1 0
github.com/SimoKiihamaki/autodev/internal/tui/view_settings.go:62.2,71.42 4 1
github.com/SimoKiihamaki/autodev/internal/tui/view_settings.go:75.54,90.2 6 1
github.com/SimoKiihamaki/autodev/internal/tui/view_settings.go:95.52,118.2 7 1
github.com/SimoKiihamaki/autodev/internal/tui/view_settings.go:121.55,129.2 4 1
github.com/SimoKiihamaki/autodev/internal/tui/view_settings.go:132.54,133.26 1 1
github.com/SimoKiihamaki/autodev/internal/tui/view_settings.go:133.26,134.39 1 1
github.com/SimoKiihamaki/autodev/internal/tui/view_settings.go:134.39,136.4 1 1
github.com/SimoKiihamaki/autodev/internal/tui/view_settings.go:136.9,138.4 1 1
github.com/SimoKiihamaki/autodev/internal/tui/view_settings.go:139.8,141.3 1 1
github.com/SimoKiihamaki/autodev/internal/tui/view_settings.go:144.2,144.102 1 1
github.com/SimoKiihamaki/autodev/internal/tui/view_settings.go:144.102,146.3 1 0
github.com/SimoKiihamaki/autodev/internal/tui/view_settings.go:150.59,151.26 1 1
github.com/SimoKiihamaki/autodev/internal/tui/view_settings.go:151.26,152.17 1 1
github.com/SimoKiihamaki/autodev/internal/tui/view_settings.go:152.17,154.4 1 1
github.com/SimoKiihamaki/autodev/internal/tui/view_settings.go:156.2,156.14 1 1
github.com/SimoKiihamaki/autodev/internal/tui/view_settings.go:160.85,165.2 4 1
github.com/SimoKiihamaki/autodev/internal/tui/view_settings.go:168.62,170.14 2 1
github.com/SimoKiihamaki/autodev/internal/tui/view_settings.go:170.14,172.3 1 1
github.com/SimoKiihamaki/autodev/internal/tui/view_settings.go:173.2,173.27 1 1
github.com/SimoKiihamaki/autodev/internal/tui/view_settings.go:177.46,178.14 1 1
github.com/SimoKiihamaki/autodev/internal/tui/view_settings.go:179.21,180.28 1 1
github.com/SimoKiihamaki/autodev/internal/tui/view_settings.go:181.18,182.25 1 1
github.com/SimoKiihamaki/autodev/internal/tui/view_settings.go:183.22,184.29 1 1
github.com/SimoKiihamaki/autodev/internal/tui/view_settings.go:185.10,186.14 1 1
