{"meta": {"format": 3, "version": "7.8.0", "timestamp": "2026-01-19T23:33:19.573597", "branch_coverage": false, "show_contexts": false}, "files": {"tools/auto_prd/__init__.py": {"executed_lines": [1, 3, 5], "summary": {"covered_lines": 2, "num_statements": 2, "percent_covered": 100.0, "percent_covered_display": "100", "missing_lines": 0, "excluded_lines": 0}, "missing_lines": [], "excluded_lines": [], "functions": {"": {"executed_lines": [1, 3, 5], "summary": {"covered_lines": 2, "num_statements": 2, "percent_covered": 100.0, "percent_covered_display": "100", "missing_lines": 0, "excluded_lines": 0}, "missing_lines": [], "excluded_lines": []}}, "classes": {"": {"executed_lines": [1, 3, 5], "summary": {"covered_lines": 2, "num_statements": 2, "percent_covered": 100.0, "percent_covered_display": "100", "missing_lines": 0, "excluded_lines": 0}, "missing_lines": [], "excluded_lines": []}}}, "tools/auto_prd/agents.py": {"executed_lines": [1, 3, 5, 6, 7, 8, 9, 10, 11, 12, 13, 14, 15, 16, 17, 18, 19, 20, 22, 28, 29, 35, 36, 38, 42, 43, 44, 45, 46, 52, 57, 62, 84, 131, 145, 148, 149, 150, 152, 154, 172, 173, 174, 193, 198, 199, 200, 219, 222, 223, 224, 225, 227, 228, 229, 231, 232, 233, 234, 235, 238, 240, 241, 242, 245, 254, 260, 263, 277, 282, 283, 284, 304, 305, 306, 307, 308, 309, 310, 311, 313, 323, 324, 325, 326, 329, 330, 331, 332, 336, 337, 354, 355, 356, 357, 358, 362, 363, 364, 377, 378, 379, 380, 381, 386, 387, 392, 393, 397, 398, 413, 414, 415, 418, 419, 427, 428, 444, 445, 446, 449, 450, 456, 457, 473, 474, 475, 478, 479, 485, 486, 502, 503, 504, 507, 508, 514, 515, 533, 534, 535, 540, 541, 553, 592, 593, 594, 595, 596, 597, 599, 600, 601, 607, 608, 609, 610, 613, 614, 619, 623, 626, 680, 752, 800, 820, 826, 827, 828, 829, 830, 833, 845, 846, 864, 911, 912, 915, 921, 922, 923, 924, 925, 926, 927, 928, 931, 932, 933, 934, 935, 936, 939, 940, 942, 943, 944, 945, 946, 949, 950, 953, 955, 956, 959, 960, 962, 967, 968, 969, 970, 973, 1065, 1083, 1103, 1104, 1105, 1106, 1107, 1108, 1111, 1135, 1138, 1164, 1165, 1166, 1167, 1171, 1172, 1173, 1184, 1202, 1205, 1228, 1230, 1232, 1242, 1243, 1257, 1258, 1261, 1269, 1278, 1279, 1288, 1385, 1391, 1394, 1395, 1396, 1397, 1398, 1399, 1401, 1411, 1414, 1419, 1423, 1433, 1434, 1435, 1437, 1438, 1439, 1443, 1445, 1446, 1451, 1466, 1467, 1468, 1469, 1472, 1482, 1524, 1525, 1526, 1527, 1528, 1529, 1533, 1534, 1535, 1541, 1543, 1544, 1545, 1546, 1547, 1551, 1553, 1554, 1568, 1574, 1577, 1581, 1582, 1583, 1586, 1587, 1588, 1589, 1590, 1592, 1593, 1604, 1605, 1611, 1621, 1622, 1623, 1631, 1633, 1634, 1635, 1636, 1639, 1686, 1689, 1697, 1700, 1701, 1785, 1786, 1787, 1788, 1802, 1803, 1804, 1874, 1875, 1880, 1884, 1890, 1893, 1894, 1895, 1896, 1898, 1899, 1902, 1912, 1913, 1920, 1929], "summary": {"covered_lines": 343, "num_statements": 662, "percent_covered": 51.81268882175227, "percent_covered_display": "52", "missing_lines": 319, "excluded_lines": 2}, "missing_lines": [146, 153, 176, 177, 178, 179, 181, 185, 186, 187, 188, 192, 202, 203, 204, 205, 207, 211, 212, 213, 214, 218, 327, 328, 333, 334, 423, 426, 430, 434, 435, 436, 437, 442, 452, 455, 459, 463, 464, 465, 466, 471, 481, 484, 488, 492, 493, 494, 495, 500, 510, 513, 517, 521, 522, 523, 524, 529, 636, 637, 638, 639, 642, 643, 644, 645, 646, 647, 648, 651, 652, 653, 654, 655, 656, 657, 658, 659, 660, 661, 662, 671, 672, 677, 681, 682, 691, 696, 697, 698, 699, 702, 707, 708, 709, 710, 711, 712, 713, 714, 715, 716, 717, 722, 723, 724, 727, 732, 733, 736, 741, 742, 745, 746, 747, 749, 753, 754, 755, 756, 757, 758, 759, 760, 763, 764, 765, 766, 767, 768, 772, 775, 776, 777, 782, 783, 788, 789, 790, 791, 797, 801, 802, 803, 804, 815, 816, 817, 847, 852, 855, 856, 857, 861, 913, 914, 916, 917, 918, 963, 1013, 1014, 1015, 1016, 1017, 1018, 1019, 1021, 1031, 1034, 1039, 1041, 1053, 1056, 1057, 1062, 1071, 1072, 1073, 1074, 1075, 1076, 1077, 1078, 1079, 1080, 1174, 1175, 1176, 1177, 1178, 1179, 1180, 1181, 1182, 1183, 1196, 1233, 1234, 1235, 1236, 1244, 1245, 1246, 1247, 1248, 1249, 1262, 1263, 1265, 1270, 1280, 1281, 1282, 1283, 1285, 1386, 1390, 1452, 1453, 1454, 1455, 1456, 1460, 1461, 1462, 1463, 1464, 1465, 1486, 1487, 1490, 1493, 1503, 1505, 1506, 1515, 1516, 1536, 1537, 1542, 1591, 1624, 1625, 1632, 1658, 1668, 1669, 1670, 1671, 1672, 1673, 1676, 1677, 1684, 1698, 1704, 1712, 1720, 1721, 1722, 1723, 1724, 1730, 1735, 1736, 1737, 1738, 1739, 1740, 1741, 1742, 1743, 1745, 1746, 1752, 1761, 1762, 1763, 1764, 1765, 1771, 1776, 1777, 1778, 1779, 1780, 1781, 1782, 1783, 1800, 1801, 1807, 1808, 1809, 1810, 1812, 1813, 1815, 1816, 1823, 1827, 1838, 1839, 1849, 1850, 1851, 1858, 1859, 1865, 1870, 1881, 1882, 1883, 1885, 1904, 1907, 1923, 1924], "excluded_lines": [39, 40], "functions": {"_sanitize_stderr_for_exception": {"executed_lines": [145, 148, 149, 150, 152, 154], "summary": {"covered_lines": 6, "num_statements": 8, "percent_covered": 75.0, "percent_covered_display": "75", "missing_lines": 2, "excluded_lines": 0}, "missing_lines": [146, 153], "excluded_lines": []}, "_timeout_from_env": {"executed_lines": [223, 224, 225, 227, 228, 229, 231, 232, 233, 234, 235, 238, 240, 241, 242], "summary": {"covered_lines": 15, "num_statements": 15, "percent_covered": 100.0, "percent_covered_display": "100", "missing_lines": 0, "excluded_lines": 0}, "missing_lines": [], "excluded_lines": []}, "get_codex_exec_timeout": {"executed_lines": [254], "summary": {"covered_lines": 1, "num_statements": 1, "percent_covered": 100.0, "percent_covered_display": "100", "missing_lines": 0, "excluded_lines": 0}, "missing_lines": [], "excluded_lines": []}, "get_claude_exec_timeout": {"executed_lines": [277], "summary": {"covered_lines": 1, "num_statements": 1, "percent_covered": 100.0, "percent_covered_display": "100", "missing_lines": 0, "excluded_lines": 0}, "missing_lines": [], "excluded_lines": []}, "ClaudeHeadlessResponse.__post_init__": {"executed_lines": [323, 324, 325, 326, 329, 330, 331, 332], "summary": {"covered_lines": 8, "num_statements": 12, "percent_covered": 66.66666666666667, "percent_covered_display": "67", "missing_lines": 4, "excluded_lines": 0}, "missing_lines": [327, 328, 333, 334], "excluded_lines": []}, "ClaudeHeadlessResponse.from_json": {"executed_lines": [354, 355, 356, 357, 358, 362, 363, 364, 377, 378, 379, 380, 381, 386, 387, 392, 393, 397, 398, 413, 414, 415, 418, 419, 427, 428, 444, 445, 446, 449, 450, 456, 457, 473, 474, 475, 478, 479, 485, 486, 502, 503, 504, 507, 508, 514, 515, 533, 534, 535, 540, 541], "summary": {"covered_lines": 52, "num_statements": 84, "percent_covered": 61.904761904761905, "percent_covered_display": "62", "missing_lines": 32, "excluded_lines": 0}, "missing_lines": [423, 426, 430, 434, 435, 436, 437, 442, 452, 455, 459, 463, 464, 465, 466, 471, 481, 484, 488, 492, 493, 494, 495, 500, 510, 513, 517, 521, 522, 523, 524, 529], "excluded_lines": []}, "parse_claude_json_response": {"executed_lines": [592, 593, 594, 595, 596, 597, 599, 600, 601, 607, 608, 609, 610, 613, 614, 619], "summary": {"covered_lines": 16, "num_statements": 16, "percent_covered": 100.0, "percent_covered_display": "100", "missing_lines": 0, "excluded_lines": 0}, "missing_lines": [], "excluded_lines": []}, "codex_exec": {"executed_lines": [], "summary": {"covered_lines": 0, "num_statements": 26, "percent_covered": 0.0, "percent_covered_display": "0", "missing_lines": 26, "excluded_lines": 0}, "missing_lines": [636, 637, 638, 639, 642, 643, 644, 645, 646, 647, 648, 651, 652, 653, 654, 655, 656, 657, 658, 659, 660, 661, 662, 671, 672, 677], "excluded_lines": []}, "parse_rate_limit_sleep": {"executed_lines": [], "summary": {"covered_lines": 0, "num_statements": 32, "percent_covered": 0.0, "percent_covered_display": "0", "missing_lines": 32, "excluded_lines": 0}, "missing_lines": [681, 682, 691, 696, 697, 698, 699, 702, 707, 708, 709, 710, 711, 712, 713, 714, 715, 716, 717, 722, 723, 724, 727, 732, 733, 736, 741, 742, 745, 746, 747, 749], "excluded_lines": []}, "coderabbit_prompt_only": {"executed_lines": [], "summary": {"covered_lines": 0, "num_statements": 25, "percent_covered": 0.0, "percent_covered_display": "0", "missing_lines": 25, "excluded_lines": 0}, "missing_lines": [753, 754, 755, 756, 757, 758, 759, 760, 763, 764, 765, 766, 767, 768, 772, 775, 776, 777, 782, 783, 788, 789, 790, 791, 797], "excluded_lines": []}, "coderabbit_has_findings": {"executed_lines": [], "summary": {"covered_lines": 0, "num_statements": 7, "percent_covered": 0.0, "percent_covered_display": "0", "missing_lines": 7, "excluded_lines": 0}, "missing_lines": [801, 802, 803, 804, 815, 816, 817], "excluded_lines": []}, "_resolve_unsafe_flag": {"executed_lines": [826, 827, 828, 829, 830], "summary": {"covered_lines": 5, "num_statements": 5, "percent_covered": 100.0, "percent_covered_display": "100", "missing_lines": 0, "excluded_lines": 0}, "missing_lines": [], "excluded_lines": []}, "_safe_typename": {"executed_lines": [845, 846], "summary": {"covered_lines": 2, "num_statements": 8, "percent_covered": 25.0, "percent_covered_display": "25", "missing_lines": 6, "excluded_lines": 0}, "missing_lines": [847, 852, 855, 856, 857, 861], "excluded_lines": []}, "_build_claude_args": {"executed_lines": [911, 912, 915, 921, 922, 923, 924, 925, 926, 927, 928, 931, 932, 933, 934, 935, 936, 939, 940, 942, 943, 944, 945, 946, 949, 950, 953, 955, 956, 959, 960, 962, 967, 968, 969, 970], "summary": {"covered_lines": 36, "num_statements": 42, "percent_covered": 85.71428571428571, "percent_covered_display": "86", "missing_lines": 6, "excluded_lines": 0}, "missing_lines": [913, 914, 916, 917, 918, 963], "excluded_lines": []}, "claude_exec": {"executed_lines": [], "summary": {"covered_lines": 0, "num_statements": 16, "percent_covered": 0.0, "percent_covered_display": "0", "missing_lines": 16, "excluded_lines": 0}, "missing_lines": [1013, 1014, 1015, 1016, 1017, 1018, 1019, 1021, 1031, 1034, 1039, 1041, 1053, 1056, 1057, 1062], "excluded_lines": []}, "_set_nonblocking": {"executed_lines": [], "summary": {"covered_lines": 0, "num_statements": 10, "percent_covered": 0.0, "percent_covered_display": "0", "missing_lines": 10, "excluded_lines": 0}, "missing_lines": [1071, 1072, 1073, 1074, 1075, 1076, 1077, 1078, 1079, 1080], "excluded_lines": []}, "_process_buffer": {"executed_lines": [1103, 1104, 1105, 1106, 1107, 1108], "summary": {"covered_lines": 6, "num_statements": 6, "percent_covered": 100.0, "percent_covered_display": "100", "missing_lines": 0, "excluded_lines": 0}, "missing_lines": [], "excluded_lines": []}, "_should_exit_streaming_loop": {"executed_lines": [1135], "summary": {"covered_lines": 1, "num_statements": 1, "percent_covered": 100.0, "percent_covered_display": "100", "missing_lines": 0, "excluded_lines": 0}, "missing_lines": [], "excluded_lines": []}, "_drain_fds_best_effort": {"executed_lines": [1164, 1165, 1166, 1167, 1171, 1172, 1173, 1184, 1202], "summary": {"covered_lines": 9, "num_statements": 20, "percent_covered": 45.0, "percent_covered_display": "45", "missing_lines": 11, "excluded_lines": 0}, "missing_lines": [1174, 1175, 1176, 1177, 1178, 1179, 1180, 1181, 1182, 1183, 1196], "excluded_lines": []}, "_cleanup_failed_process": {"executed_lines": [1228, 1230, 1232, 1242, 1243, 1257, 1258, 1261, 1269, 1278, 1279], "summary": {"covered_lines": 11, "num_statements": 30, "percent_covered": 36.666666666666664, "percent_covered_display": "37", "missing_lines": 19, "excluded_lines": 0}, "missing_lines": [1233, 1234, 1235, 1236, 1244, 1245, 1246, 1247, 1248, 1249, 1262, 1263, 1265, 1270, 1280, 1281, 1282, 1283, 1285], "excluded_lines": []}, "claude_exec_streaming": {"executed_lines": [1385, 1391, 1394, 1395, 1396, 1397, 1398, 1399, 1401, 1411, 1414, 1419, 1423, 1433, 1434, 1435, 1437, 1438, 1439, 1443, 1445, 1446, 1451, 1466, 1467, 1468, 1469, 1472, 1482, 1524, 1525, 1526, 1527, 1528, 1529, 1533, 1534, 1535, 1541, 1543, 1544, 1545, 1546, 1547, 1551, 1553, 1554, 1568, 1574, 1577, 1581, 1582, 1583, 1586, 1587, 1588, 1589, 1590, 1592, 1593, 1604, 1605, 1611, 1621, 1622, 1623, 1631, 1633, 1634, 1635, 1636, 1639, 1686, 1689, 1697, 1700, 1701, 1785, 1786, 1787, 1788, 1802, 1803, 1804, 1874, 1875, 1880, 1884, 1890, 1893, 1894, 1895, 1896, 1898, 1899, 1902, 1912, 1913, 1920, 1929], "summary": {"covered_lines": 100, "num_statements": 203, "percent_covered": 49.26108374384236, "percent_covered_display": "49", "missing_lines": 103, "excluded_lines": 0}, "missing_lines": [1386, 1390, 1452, 1453, 1454, 1455, 1456, 1460, 1461, 1462, 1463, 1464, 1465, 1486, 1487, 1490, 1493, 1503, 1505, 1506, 1515, 1516, 1536, 1537, 1542, 1591, 1624, 1625, 1632, 1658, 1668, 1669, 1670, 1671, 1672, 1673, 1676, 1677, 1684, 1698, 1704, 1712, 1720, 1721, 1722, 1723, 1724, 1730, 1735, 1736, 1737, 1738, 1739, 1740, 1741, 1742, 1743, 1745, 1746, 1752, 1761, 1762, 1763, 1764, 1765, 1771, 1776, 1777, 1778, 1779, 1780, 1781, 1782, 1783, 1800, 1801, 1807, 1808, 1809, 1810, 1812, 1813, 1815, 1816, 1823, 1827, 1838, 1839, 1849, 1850, 1851, 1858, 1859, 1865, 1870, 1881, 1882, 1883, 1885, 1904, 1907, 1923, 1924], "excluded_lines": []}, "": {"executed_lines": [1, 3, 5, 6, 7, 8, 9, 10, 11, 12, 13, 14, 15, 16, 17, 18, 19, 20, 22, 28, 29, 35, 36, 38, 42, 43, 44, 45, 46, 52, 57, 62, 84, 131, 172, 173, 174, 193, 198, 199, 200, 219, 222, 245, 260, 263, 282, 283, 284, 304, 305, 306, 307, 308, 309, 310, 311, 313, 336, 337, 553, 623, 626, 680, 752, 800, 820, 833, 864, 973, 1065, 1083, 1111, 1138, 1205, 1288], "summary": {"covered_lines": 74, "num_statements": 94, "percent_covered": 78.72340425531915, "percent_covered_display": "79", "missing_lines": 20, "excluded_lines": 2}, "missing_lines": [176, 177, 178, 179, 181, 185, 186, 187, 188, 192, 202, 203, 204, 205, 207, 211, 212, 213, 214, 218], "excluded_lines": [39, 40]}}, "classes": {"ClaudeHeadlessResponse": {"executed_lines": [323, 324, 325, 326, 329, 330, 331, 332, 354, 355, 356, 357, 358, 362, 363, 364, 377, 378, 379, 380, 381, 386, 387, 392, 393, 397, 398, 413, 414, 415, 418, 419, 427, 428, 444, 445, 446, 449, 450, 456, 457, 473, 474, 475, 478, 479, 485, 486, 502, 503, 504, 507, 508, 514, 515, 533, 534, 535, 540, 541], "summary": {"covered_lines": 60, "num_statements": 96, "percent_covered": 62.5, "percent_covered_display": "62", "missing_lines": 36, "excluded_lines": 0}, "missing_lines": [327, 328, 333, 334, 423, 426, 430, 434, 435, 436, 437, 442, 452, 455, 459, 463, 464, 465, 466, 471, 481, 484, 488, 492, 493, 494, 495, 500, 510, 513, 517, 521, 522, 523, 524, 529], "excluded_lines": []}, "": {"executed_lines": [1, 3, 5, 6, 7, 8, 9, 10, 11, 12, 13, 14, 15, 16, 17, 18, 19, 20, 22, 28, 29, 35, 36, 38, 42, 43, 44, 45, 46, 52, 57, 62, 84, 131, 145, 148, 149, 150, 152, 154, 172, 173, 174, 193, 198, 199, 200, 219, 222, 223, 224, 225, 227, 228, 229, 231, 232, 233, 234, 235, 238, 240, 241, 242, 245, 254, 260, 263, 277, 282, 283, 284, 304, 305, 306, 307, 308, 309, 310, 311, 313, 336, 337, 553, 592, 593, 594, 595, 596, 597, 599, 600, 601, 607, 608, 609, 610, 613, 614, 619, 623, 626, 680, 752, 800, 820, 826, 827, 828, 829, 830, 833, 845, 846, 864, 911, 912, 915, 921, 922, 923, 924, 925, 926, 927, 928, 931, 932, 933, 934, 935, 936, 939, 940, 942, 943, 944, 945, 946, 949, 950, 953, 955, 956, 959, 960, 962, 967, 968, 969, 970, 973, 1065, 1083, 1103, 1104, 1105, 1106, 1107, 1108, 1111, 1135, 1138, 1164, 1165, 1166, 1167, 1171, 1172, 1173, 1184, 1202, 1205, 1228, 1230, 1232, 1242, 1243, 1257, 1258, 1261, 1269, 1278, 1279, 1288, 1385, 1391, 1394, 1395, 1396, 1397, 1398, 1399, 1401, 1411, 1414, 1419, 1423, 1433, 1434, 1435, 1437, 1438, 1439, 1443, 1445, 1446, 1451, 1466, 1467, 1468, 1469, 1472, 1482, 1524, 1525, 1526, 1527, 1528, 1529, 1533, 1534, 1535, 1541, 1543, 1544, 1545, 1546, 1547, 1551, 1553, 1554, 1568, 1574, 1577, 1581, 1582, 1583, 1586, 1587, 1588, 1589, 1590, 1592, 1593, 1604, 1605, 1611, 1621, 1622, 1623, 1631, 1633, 1634, 1635, 1636, 1639, 1686, 1689, 1697, 1700, 1701, 1785, 1786, 1787, 1788, 1802, 1803, 1804, 1874, 1875, 1880, 1884, 1890, 1893, 1894, 1895, 1896, 1898, 1899, 1902, 1912, 1913, 1920, 1929], "summary": {"covered_lines": 283, "num_statements": 566, "percent_covered": 50.0, "percent_covered_display": "50", "missing_lines": 283, "excluded_lines": 2}, "missing_lines": [146, 153, 176, 177, 178, 179, 181, 185, 186, 187, 188, 192, 202, 203, 204, 205, 207, 211, 212, 213, 214, 218, 636, 637, 638, 639, 642, 643, 644, 645, 646, 647, 648, 651, 652, 653, 654, 655, 656, 657, 658, 659, 660, 661, 662, 671, 672, 677, 681, 682, 691, 696, 697, 698, 699, 702, 707, 708, 709, 710, 711, 712, 713, 714, 715, 716, 717, 722, 723, 724, 727, 732, 733, 736, 741, 742, 745, 746, 747, 749, 753, 754, 755, 756, 757, 758, 759, 760, 763, 764, 765, 766, 767, 768, 772, 775, 776, 777, 782, 783, 788, 789, 790, 791, 797, 801, 802, 803, 804, 815, 816, 817, 847, 852, 855, 856, 857, 861, 913, 914, 916, 917, 918, 963, 1013, 1014, 1015, 1016, 1017, 1018, 1019, 1021, 1031, 1034, 1039, 1041, 1053, 1056, 1057, 1062, 1071, 1072, 1073, 1074, 1075, 1076, 1077, 1078, 1079, 1080, 1174, 1175, 1176, 1177, 1178, 1179, 1180, 1181, 1182, 1183, 1196, 1233, 1234, 1235, 1236, 1244, 1245, 1246, 1247, 1248, 1249, 1262, 1263, 1265, 1270, 1280, 1281, 1282, 1283, 1285, 1386, 1390, 1452, 1453, 1454, 1455, 1456, 1460, 1461, 1462, 1463, 1464, 1465, 1486, 1487, 1490, 1493, 1503, 1505, 1506, 1515, 1516, 1536, 1537, 1542, 1591, 1624, 1625, 1632, 1658, 1668, 1669, 1670, 1671, 1672, 1673, 1676, 1677, 1684, 1698, 1704, 1712, 1720, 1721, 1722, 1723, 1724, 1730, 1735, 1736, 1737, 1738, 1739, 1740, 1741, 1742, 1743, 1745, 1746, 1752, 1761, 1762, 1763, 1764, 1765, 1771, 1776, 1777, 1778, 1779, 1780, 1781, 1782, 1783, 1800, 1801, 1807, 1808, 1809, 1810, 1812, 1813, 1815, 1816, 1823, 1827, 1838, 1839, 1849, 1850, 1851, 1858, 1859, 1865, 1870, 1881, 1882, 1883, 1885, 1904, 1907, 1923, 1924], "excluded_lines": [39, 40]}}}, "tools/auto_prd/app.py": {"executed_lines": [1, 3, 4, 5, 6, 8, 17, 18, 19, 20, 21, 39, 40, 41, 42, 43, 44, 45, 46, 47, 49, 50, 53, 63, 65, 66, 67, 70], "summary": {"covered_lines": 28, "num_statements": 323, "percent_covered": 8.6687306501548, "percent_covered_display": "9", "missing_lines": 295, "excluded_lines": 0}, "missing_lines": [71, 72, 73, 74, 75, 76, 77, 78, 79, 81, 82, 83, 85, 86, 87, 88, 89, 90, 91, 92, 93, 94, 95, 97, 98, 99, 101, 103, 104, 106, 109, 110, 111, 115, 116, 118, 120, 122, 123, 124, 126, 128, 129, 130, 132, 133, 134, 135, 136, 137, 138, 143, 144, 147, 148, 153, 158, 159, 160, 161, 163, 164, 166, 167, 168, 169, 170, 172, 174, 175, 177, 178, 179, 180, 185, 188, 189, 191, 192, 193, 196, 197, 199, 200, 201, 202, 203, 204, 205, 207, 209, 210, 211, 212, 215, 216, 217, 218, 219, 222, 224, 227, 230, 231, 232, 233, 234, 235, 236, 237, 238, 241, 242, 246, 247, 248, 249, 250, 251, 257, 261, 262, 265, 266, 267, 268, 271, 272, 276, 277, 278, 279, 280, 281, 282, 283, 285, 289, 290, 291, 292, 293, 295, 296, 299, 303, 304, 308, 313, 316, 317, 318, 319, 320, 324, 327, 328, 336, 337, 338, 340, 341, 342, 345, 346, 348, 349, 350, 351, 352, 357, 358, 359, 360, 361, 362, 365, 366, 369, 370, 371, 372, 373, 376, 378, 381, 382, 383, 384, 385, 386, 387, 391, 392, 393, 394, 397, 399, 400, 401, 402, 403, 405, 406, 407, 411, 414, 415, 416, 418, 419, 420, 421, 425, 428, 432, 433, 441, 446, 453, 454, 455, 456, 457, 463, 465, 466, 467, 471, 473, 474, 475, 476, 479, 480, 483, 484, 485, 486, 487, 488, 490, 491, 493, 505, 506, 507, 510, 511, 512, 513, 515, 527, 528, 531, 533, 534, 535, 536, 537, 538, 545, 546, 547, 553, 554, 555, 556, 558, 573, 574, 578, 579, 582, 583, 585, 596, 597, 598, 599, 600, 602, 603, 604, 608, 613, 614, 615, 616, 617, 618, 620, 622, 623, 625], "excluded_lines": [], "functions": {"_is_path_within": {"executed_lines": [63, 65, 66, 67], "summary": {"covered_lines": 4, "num_statements": 4, "percent_covered": 100.0, "percent_covered_display": "100", "missing_lines": 0, "excluded_lines": 0}, "missing_lines": [], "excluded_lines": []}, "run": {"executed_lines": [], "summary": {"covered_lines": 0, "num_statements": 294, "percent_covered": 0.0, "percent_covered_display": "0", "missing_lines": 294, "excluded_lines": 0}, "missing_lines": [71, 72, 73, 74, 75, 76, 77, 78, 79, 81, 82, 83, 85, 86, 87, 88, 89, 90, 91, 92, 93, 94, 95, 97, 98, 99, 101, 103, 104, 106, 109, 110, 111, 115, 118, 120, 122, 123, 124, 126, 128, 129, 130, 132, 133, 134, 135, 136, 137, 138, 143, 144, 147, 148, 153, 158, 159, 160, 161, 163, 164, 166, 167, 168, 169, 170, 172, 174, 175, 177, 178, 179, 180, 185, 188, 189, 191, 192, 193, 196, 197, 199, 200, 201, 202, 203, 204, 205, 207, 209, 210, 211, 212, 215, 216, 217, 218, 219, 222, 224, 227, 230, 231, 232, 233, 234, 235, 236, 237, 238, 241, 242, 246, 247, 248, 249, 250, 251, 257, 261, 262, 265, 266, 267, 268, 271, 272, 276, 277, 278, 279, 280, 281, 282, 283, 285, 289, 290, 291, 292, 293, 295, 296, 299, 303, 304, 308, 313, 316, 317, 318, 319, 320, 324, 327, 328, 336, 337, 338, 340, 341, 342, 345, 346, 348, 349, 350, 351, 352, 357, 358, 359, 360, 361, 362, 365, 366, 369, 370, 371, 372, 373, 376, 378, 381, 382, 383, 384, 385, 386, 387, 391, 392, 393, 394, 397, 399, 400, 401, 402, 403, 405, 406, 407, 411, 414, 415, 416, 418, 419, 420, 421, 425, 428, 432, 433, 441, 446, 453, 454, 455, 456, 457, 463, 465, 466, 467, 471, 473, 474, 475, 476, 479, 480, 483, 484, 485, 486, 487, 488, 490, 491, 493, 505, 506, 507, 510, 511, 512, 513, 515, 527, 528, 531, 533, 534, 535, 536, 537, 538, 545, 546, 547, 553, 554, 555, 556, 558, 573, 574, 578, 579, 582, 583, 585, 596, 597, 598, 599, 600, 602, 603, 604, 608, 613, 614, 615, 616, 617, 618, 620, 622, 623, 625], "excluded_lines": []}, "run.include": {"executed_lines": [], "summary": {"covered_lines": 0, "num_statements": 1, "percent_covered": 0.0, "percent_covered_display": "0", "missing_lines": 1, "excluded_lines": 0}, "missing_lines": [116], "excluded_lines": []}, "": {"executed_lines": [1, 3, 4, 5, 6, 8, 17, 18, 19, 20, 21, 39, 40, 41, 42, 43, 44, 45, 46, 47, 49, 50, 53, 70], "summary": {"covered_lines": 24, "num_statements": 24, "percent_covered": 100.0, "percent_covered_display": "100", "missing_lines": 0, "excluded_lines": 0}, "missing_lines": [], "excluded_lines": []}}, "classes": {"": {"executed_lines": [1, 3, 4, 5, 6, 8, 17, 18, 19, 20, 21, 39, 40, 41, 42, 43, 44, 45, 46, 47, 49, 50, 53, 63, 65, 66, 67, 70], "summary": {"covered_lines": 28, "num_statements": 323, "percent_covered": 8.6687306501548, "percent_covered_display": "9", "missing_lines": 295, "excluded_lines": 0}, "missing_lines": [71, 72, 73, 74, 75, 76, 77, 78, 79, 81, 82, 83, 85, 86, 87, 88, 89, 90, 91, 92, 93, 94, 95, 97, 98, 99, 101, 103, 104, 106, 109, 110, 111, 115, 116, 118, 120, 122, 123, 124, 126, 128, 129, 130, 132, 133, 134, 135, 136, 137, 138, 143, 144, 147, 148, 153, 158, 159, 160, 161, 163, 164, 166, 167, 168, 169, 170, 172, 174, 175, 177, 178, 179, 180, 185, 188, 189, 191, 192, 193, 196, 197, 199, 200, 201, 202, 203, 204, 205, 207, 209, 210, 211, 212, 215, 216, 217, 218, 219, 222, 224, 227, 230, 231, 232, 233, 234, 235, 236, 237, 238, 241, 242, 246, 247, 248, 249, 250, 251, 257, 261, 262, 265, 266, 267, 268, 271, 272, 276, 277, 278, 279, 280, 281, 282, 283, 285, 289, 290, 291, 292, 293, 295, 296, 299, 303, 304, 308, 313, 316, 317, 318, 319, 320, 324, 327, 328, 336, 337, 338, 340, 341, 342, 345, 346, 348, 349, 350, 351, 352, 357, 358, 359, 360, 361, 362, 365, 366, 369, 370, 371, 372, 373, 376, 378, 381, 382, 383, 384, 385, 386, 387, 391, 392, 393, 394, 397, 399, 400, 401, 402, 403, 405, 406, 407, 411, 414, 415, 416, 418, 419, 420, 421, 425, 428, 432, 433, 441, 446, 453, 454, 455, 456, 457, 463, 465, 466, 467, 471, 473, 474, 475, 476, 479, 480, 483, 484, 485, 486, 487, 488, 490, 491, 493, 505, 506, 507, 510, 511, 512, 513, 515, 527, 528, 531, 533, 534, 535, 536, 537, 538, 545, 546, 547, 553, 554, 555, 556, 558, 573, 574, 578, 579, 582, 583, 585, 596, 597, 598, 599, 600, 602, 603, 604, 608, 613, 614, 615, 616, 617, 618, 620, 622, 623, 625], "excluded_lines": []}}}, "tools/auto_prd/checkpoint.py": {"executed_lines": [1, 7, 9, 10, 11, 12, 13, 14, 15, 17, 40, 41, 43, 44, 45, 46, 47, 48, 49, 50, 51, 52, 53, 54, 57, 58, 60, 61, 62, 63, 64, 67, 68, 70, 71, 72, 73, 74, 75, 76, 79, 80, 82, 83, 84, 87, 88, 90, 91, 94, 95, 97, 98, 101, 102, 116, 117, 118, 119, 120, 121, 122, 123, 124, 125, 126, 127, 128, 129, 130, 134, 137, 140, 157, 173, 191, 200, 203, 286, 296, 297, 298, 302, 303, 307, 312, 313, 317, 318, 319, 320, 321, 322, 324, 325, 326, 328, 335, 336, 340, 343, 346, 372, 379, 399, 401, 410, 411, 456, 468, 469, 472, 473, 474, 476, 477, 478, 484, 529, 573, 591, 609, 627, 637, 653, 670, 736], "summary": {"covered_lines": 119, "num_statements": 265, "percent_covered": 44.905660377358494, "percent_covered_display": "45", "missing_lines": 146, "excluded_lines": 0}, "missing_lines": [146, 147, 148, 150, 152, 153, 154, 166, 168, 169, 170, 182, 183, 184, 185, 186, 187, 188, 224, 225, 329, 330, 331, 333, 337, 339, 355, 356, 360, 361, 402, 408, 414, 419, 420, 421, 422, 430, 431, 432, 433, 446, 448, 449, 453, 470, 479, 480, 481, 494, 495, 496, 498, 499, 501, 502, 503, 504, 505, 508, 509, 512, 513, 514, 515, 517, 518, 519, 521, 522, 525, 526, 541, 542, 543, 545, 546, 547, 548, 549, 551, 552, 553, 555, 565, 566, 569, 570, 583, 584, 585, 587, 588, 598, 599, 616, 617, 633, 634, 644, 645, 662, 663, 664, 665, 666, 667, 680, 681, 682, 684, 685, 686, 688, 689, 690, 691, 693, 694, 695, 697, 698, 699, 700, 701, 702, 703, 704, 709, 710, 713, 718, 719, 720, 721, 722, 723, 724, 725, 726, 730, 731, 733, 746, 747, 748], "excluded_lines": [], "functions": {"get_sessions_dir": {"executed_lines": [], "summary": {"covered_lines": 0, "num_statements": 7, "percent_covered": 0.0, "percent_covered_display": "0", "missing_lines": 7, "excluded_lines": 0}, "missing_lines": [146, 147, 148, 150, 152, 153, 154], "excluded_lines": []}, "generate_session_id": {"executed_lines": [], "summary": {"covered_lines": 0, "num_statements": 4, "percent_covered": 0.0, "percent_covered_display": "0", "missing_lines": 4, "excluded_lines": 0}, "missing_lines": [166, 168, 169, 170], "excluded_lines": []}, "compute_prd_hash": {"executed_lines": [], "summary": {"covered_lines": 0, "num_statements": 7, "percent_covered": 0.0, "percent_covered_display": "0", "missing_lines": 7, "excluded_lines": 0}, "missing_lines": [182, 183, 184, 185, 186, 187, 188], "excluded_lines": []}, "get_checkpoint_path": {"executed_lines": [200], "summary": {"covered_lines": 1, "num_statements": 1, "percent_covered": 100.0, "percent_covered_display": "100", "missing_lines": 0, "excluded_lines": 0}, "missing_lines": [], "excluded_lines": []}, "create_checkpoint": {"executed_lines": [], "summary": {"covered_lines": 0, "num_statements": 2, "percent_covered": 0.0, "percent_covered_display": "0", "missing_lines": 2, "excluded_lines": 0}, "missing_lines": [224, 225], "excluded_lines": []}, "save_checkpoint": {"executed_lines": [296, 297, 298, 302, 303, 307, 312, 313, 317, 318, 319, 320, 321, 322, 324, 325, 326, 328, 335, 336, 340, 343], "summary": {"covered_lines": 22, "num_statements": 28, "percent_covered": 78.57142857142857, "percent_covered_display": "79", "missing_lines": 6, "excluded_lines": 0}, "missing_lines": [329, 330, 331, 333, 337, 339], "excluded_lines": []}, "_migrate_v0_to_v1": {"executed_lines": [], "summary": {"covered_lines": 0, "num_statements": 4, "percent_covered": 0.0, "percent_covered_display": "0", "missing_lines": 4, "excluded_lines": 0}, "missing_lines": [355, 356, 360, 361], "excluded_lines": []}, "_migrate_checkpoint": {"executed_lines": [399, 401, 410, 411], "summary": {"covered_lines": 4, "num_statements": 19, "percent_covered": 21.05263157894737, "percent_covered_display": "21", "missing_lines": 15, "excluded_lines": 0}, "missing_lines": [402, 408, 414, 419, 420, 421, 422, 430, 431, 432, 433, 446, 448, 449, 453], "excluded_lines": []}, "load_checkpoint": {"executed_lines": [468, 469, 472, 473, 474, 476, 477, 478], "summary": {"covered_lines": 8, "num_statements": 12, "percent_covered": 66.66666666666667, "percent_covered_display": "67", "missing_lines": 4, "excluded_lines": 0}, "missing_lines": [470, 479, 480, 481], "excluded_lines": []}, "find_resumable_session": {"executed_lines": [], "summary": {"covered_lines": 0, "num_statements": 23, "percent_covered": 0.0, "percent_covered_display": "0", "missing_lines": 23, "excluded_lines": 0}, "missing_lines": [494, 495, 496, 498, 499, 501, 502, 503, 504, 505, 508, 509, 512, 513, 514, 515, 517, 518, 519, 521, 522, 525, 526], "excluded_lines": []}, "list_sessions": {"executed_lines": [], "summary": {"covered_lines": 0, "num_statements": 16, "percent_covered": 0.0, "percent_covered_display": "0", "missing_lines": 16, "excluded_lines": 0}, "missing_lines": [541, 542, 543, 545, 546, 547, 548, 549, 551, 552, 553, 555, 565, 566, 569, 570], "excluded_lines": []}, "update_phase_state": {"executed_lines": [], "summary": {"covered_lines": 0, "num_statements": 5, "percent_covered": 0.0, "percent_covered_display": "0", "missing_lines": 5, "excluded_lines": 0}, "missing_lines": [583, 584, 585, 587, 588], "excluded_lines": []}, "mark_phase_started": {"executed_lines": [], "summary": {"covered_lines": 0, "num_statements": 2, "percent_covered": 0.0, "percent_covered_display": "0", "missing_lines": 2, "excluded_lines": 0}, "missing_lines": [598, 599], "excluded_lines": []}, "mark_phase_complete": {"executed_lines": [], "summary": {"covered_lines": 0, "num_statements": 2, "percent_covered": 0.0, "percent_covered_display": "0", "missing_lines": 2, "excluded_lines": 0}, "missing_lines": [616, 617], "excluded_lines": []}, "mark_session_complete": {"executed_lines": [], "summary": {"covered_lines": 0, "num_statements": 2, "percent_covered": 0.0, "percent_covered_display": "0", "missing_lines": 2, "excluded_lines": 0}, "missing_lines": [633, 634], "excluded_lines": []}, "mark_session_failed": {"executed_lines": [], "summary": {"covered_lines": 0, "num_statements": 2, "percent_covered": 0.0, "percent_covered_display": "0", "missing_lines": 2, "excluded_lines": 0}, "missing_lines": [644, 645], "excluded_lines": []}, "cleanup_session": {"executed_lines": [], "summary": {"covered_lines": 0, "num_statements": 6, "percent_covered": 0.0, "percent_covered_display": "0", "missing_lines": 6, "excluded_lines": 0}, "missing_lines": [662, 663, 664, 665, 666, 667], "excluded_lines": []}, "cleanup_old_sessions": {"executed_lines": [], "summary": {"covered_lines": 0, "num_statements": 36, "percent_covered": 0.0, "percent_covered_display": "0", "missing_lines": 36, "excluded_lines": 0}, "missing_lines": [680, 681, 682, 684, 685, 686, 688, 689, 690, 691, 693, 694, 695, 697, 698, 699, 700, 701, 702, 703, 704, 709, 710, 713, 718, 719, 720, 721, 722, 723, 724, 725, 726, 730, 731, 733], "excluded_lines": []}, "prd_changed_since_checkpoint": {"executed_lines": [], "summary": {"covered_lines": 0, "num_statements": 3, "percent_covered": 0.0, "percent_covered_display": "0", "missing_lines": 3, "excluded_lines": 0}, "missing_lines": [746, 747, 748], "excluded_lines": []}, "": {"executed_lines": [1, 7, 9, 10, 11, 12, 13, 14, 15, 17, 40, 41, 43, 44, 45, 46, 47, 48, 49, 50, 51, 52, 53, 54, 57, 58, 60, 61, 62, 63, 64, 67, 68, 70, 71, 72, 73, 74, 75, 76, 79, 80, 82, 83, 84, 87, 88, 90, 91, 94, 95, 97, 98, 101, 102, 116, 117, 118, 119, 120, 121, 122, 123, 124, 125, 126, 127, 128, 129, 130, 134, 137, 140, 157, 173, 191, 203, 286, 346, 372, 379, 456, 484, 529, 573, 591, 609, 627, 637, 653, 670, 736], "summary": {"covered_lines": 84, "num_statements": 84, "percent_covered": 100.0, "percent_covered_display": "100", "missing_lines": 0, "excluded_lines": 0}, "missing_lines": [], "excluded_lines": []}}, "classes": {"LocalPhaseState": {"executed_lines": [], "summary": {"covered_lines": 0, "num_statements": 0, "percent_covered": 100.0, "percent_covered_display": "100", "missing_lines": 0, "excluded_lines": 0}, "missing_lines": [], "excluded_lines": []}, "PRPhaseState": {"executed_lines": [], "summary": {"covered_lines": 0, "num_statements": 0, "percent_covered": 100.0, "percent_covered_display": "100", "missing_lines": 0, "excluded_lines": 0}, "missing_lines": [], "excluded_lines": []}, "ReviewFixPhaseState": {"executed_lines": [], "summary": {"covered_lines": 0, "num_statements": 0, "percent_covered": 100.0, "percent_covered_display": "100", "missing_lines": 0, "excluded_lines": 0}, "missing_lines": [], "excluded_lines": []}, "PhasesDict": {"executed_lines": [], "summary": {"covered_lines": 0, "num_statements": 0, "percent_covered": 100.0, "percent_covered_display": "100", "missing_lines": 0, "excluded_lines": 0}, "missing_lines": [], "excluded_lines": []}, "GitState": {"executed_lines": [], "summary": {"covered_lines": 0, "num_statements": 0, "percent_covered": 100.0, "percent_covered_display": "100", "missing_lines": 0, "excluded_lines": 0}, "missing_lines": [], "excluded_lines": []}, "CheckpointError": {"executed_lines": [], "summary": {"covered_lines": 0, "num_statements": 0, "percent_covered": 100.0, "percent_covered_display": "100", "missing_lines": 0, "excluded_lines": 0}, "missing_lines": [], "excluded_lines": []}, "Checkpoint": {"executed_lines": [], "summary": {"covered_lines": 0, "num_statements": 0, "percent_covered": 100.0, "percent_covered_display": "100", "missing_lines": 0, "excluded_lines": 0}, "missing_lines": [], "excluded_lines": []}, "": {"executed_lines": [1, 7, 9, 10, 11, 12, 13, 14, 15, 17, 40, 41, 43, 44, 45, 46, 47, 48, 49, 50, 51, 52, 53, 54, 57, 58, 60, 61, 62, 63, 64, 67, 68, 70, 71, 72, 73, 74, 75, 76, 79, 80, 82, 83, 84, 87, 88, 90, 91, 94, 95, 97, 98, 101, 102, 116, 117, 118, 119, 120, 121, 122, 123, 124, 125, 126, 127, 128, 129, 130, 134, 137, 140, 157, 173, 191, 200, 203, 286, 296, 297, 298, 302, 303, 307, 312, 313, 317, 318, 319, 320, 321, 322, 324, 325, 326, 328, 335, 336, 340, 343, 346, 372, 379, 399, 401, 410, 411, 456, 468, 469, 472, 473, 474, 476, 477, 478, 484, 529, 573, 591, 609, 627, 637, 653, 670, 736], "summary": {"covered_lines": 119, "num_statements": 265, "percent_covered": 44.905660377358494, "percent_covered_display": "45", "missing_lines": 146, "excluded_lines": 0}, "missing_lines": [146, 147, 148, 150, 152, 153, 154, 166, 168, 169, 170, 182, 183, 184, 185, 186, 187, 188, 224, 225, 329, 330, 331, 333, 337, 339, 355, 356, 360, 361, 402, 408, 414, 419, 420, 421, 422, 430, 431, 432, 433, 446, 448, 449, 453, 470, 479, 480, 481, 494, 495, 496, 498, 499, 501, 502, 503, 504, 505, 508, 509, 512, 513, 514, 515, 517, 518, 519, 521, 522, 525, 526, 541, 542, 543, 545, 546, 547, 548, 549, 551, 552, 553, 555, 565, 566, 569, 570, 583, 584, 585, 587, 588, 598, 599, 616, 617, 633, 634, 644, 645, 662, 663, 664, 665, 666, 667, 680, 681, 682, 684, 685, 686, 688, 689, 690, 691, 693, 694, 695, 697, 698, 699, 700, 701, 702, 703, 704, 709, 710, 713, 718, 719, 720, 721, 722, 723, 724, 725, 726, 730, 731, 733, 746, 747, 748], "excluded_lines": []}}}, "tools/auto_prd/cli.py": {"executed_lines": [1, 3, 5, 6, 7, 9, 10, 11, 12, 13, 19, 22, 216, 233, 282, 349], "summary": {"covered_lines": 15, "num_statements": 132, "percent_covered": 11.363636363636363, "percent_covered_display": "11", "missing_lines": 117, "excluded_lines": 7}, "missing_lines": [23, 28, 29, 30, 31, 32, 34, 35, 38, 41, 46, 53, 56, 59, 62, 68, 74, 80, 86, 91, 96, 101, 106, 111, 117, 124, 125, 132, 140, 148, 156, 164, 172, 180, 190, 191, 196, 202, 207, 213, 218, 219, 220, 221, 223, 224, 225, 226, 227, 228, 229, 230, 239, 241, 242, 244, 245, 246, 247, 248, 249, 251, 252, 253, 254, 255, 256, 258, 259, 260, 261, 263, 264, 265, 266, 269, 271, 272, 273, 277, 279, 284, 286, 287, 290, 291, 292, 294, 297, 298, 300, 310, 314, 315, 320, 321, 323, 324, 326, 327, 328, 330, 331, 333, 334, 335, 339, 340, 341, 343, 344, 345, 346, 350, 351, 352, 353], "excluded_lines": [354, 357, 358, 359, 362, 363, 364], "functions": {"build_parser": {"executed_lines": [], "summary": {"covered_lines": 0, "num_statements": 36, "percent_covered": 0.0, "percent_covered_display": "0", "missing_lines": 36, "excluded_lines": 0}, "missing_lines": [23, 28, 34, 35, 38, 41, 46, 53, 56, 59, 62, 68, 74, 80, 86, 91, 96, 101, 106, 111, 117, 124, 125, 132, 140, 148, 156, 164, 172, 180, 190, 191, 196, 202, 207, 213], "excluded_lines": []}, "build_parser.non_negative": {"executed_lines": [], "summary": {"covered_lines": 0, "num_statements": 4, "percent_covered": 0.0, "percent_covered_display": "0", "missing_lines": 4, "excluded_lines": 0}, "missing_lines": [29, 30, 31, 32], "excluded_lines": []}, "handle_list_sessions": {"executed_lines": [], "summary": {"covered_lines": 0, "num_statements": 12, "percent_covered": 0.0, "percent_covered_display": "0", "missing_lines": 12, "excluded_lines": 0}, "missing_lines": [218, 219, 220, 221, 223, 224, 225, 226, 227, 228, 229, 230], "excluded_lines": []}, "resolve_checkpoint": {"executed_lines": [], "summary": {"covered_lines": 0, "num_statements": 29, "percent_covered": 0.0, "percent_covered_display": "0", "missing_lines": 29, "excluded_lines": 0}, "missing_lines": [239, 241, 242, 244, 245, 246, 247, 248, 249, 251, 252, 253, 254, 255, 256, 258, 259, 260, 261, 263, 264, 265, 266, 269, 271, 272, 273, 277, 279], "excluded_lines": []}, "main": {"executed_lines": [], "summary": {"covered_lines": 0, "num_statements": 31, "percent_covered": 0.0, "percent_covered_display": "0", "missing_lines": 31, "excluded_lines": 0}, "missing_lines": [284, 286, 287, 290, 291, 292, 294, 297, 298, 300, 310, 314, 315, 320, 321, 323, 324, 326, 327, 328, 330, 333, 334, 335, 339, 340, 341, 343, 344, 345, 346], "excluded_lines": []}, "main._run_once": {"executed_lines": [], "summary": {"covered_lines": 0, "num_statements": 1, "percent_covered": 0.0, "percent_covered_display": "0", "missing_lines": 1, "excluded_lines": 0}, "missing_lines": [331], "excluded_lines": []}, "": {"executed_lines": [1, 3, 5, 6, 7, 9, 10, 11, 12, 13, 19, 22, 216, 233, 282, 349], "summary": {"covered_lines": 15, "num_statements": 19, "percent_covered": 78.94736842105263, "percent_covered_display": "79", "missing_lines": 4, "excluded_lines": 7}, "missing_lines": [350, 351, 352, 353], "excluded_lines": [354, 357, 358, 359, 362, 363, 364]}}, "classes": {"": {"executed_lines": [1, 3, 5, 6, 7, 9, 10, 11, 12, 13, 19, 22, 216, 233, 282, 349], "summary": {"covered_lines": 15, "num_statements": 132, "percent_covered": 11.363636363636363, "percent_covered_display": "11", "missing_lines": 117, "excluded_lines": 7}, "missing_lines": [23, 28, 29, 30, 31, 32, 34, 35, 38, 41, 46, 53, 56, 59, 62, 68, 74, 80, 86, 91, 96, 101, 106, 111, 117, 124, 125, 132, 140, 148, 156, 164, 172, 180, 190, 191, 196, 202, 207, 213, 218, 219, 220, 221, 223, 224, 225, 226, 227, 228, 229, 230, 239, 241, 242, 244, 245, 246, 247, 248, 249, 251, 252, 253, 254, 255, 256, 258, 259, 260, 261, 263, 264, 265, 266, 269, 271, 272, 273, 277, 279, 284, 286, 287, 290, 291, 292, 294, 297, 298, 300, 310, 314, 315, 320, 321, 323, 324, 326, 327, 328, 330, 331, 333, 334, 335, 339, 340, 341, 343, 344, 345, 346, 350, 351, 352, 353], "excluded_lines": [354, 357, 358, 359, 362, 363, 364]}}}, "tools/auto_prd/command.py": {"executed_lines": [1, 3, 5, 6, 7, 8, 9, 10, 11, 12, 13, 14, 15, 16, 17, 19, 28, 29, 32, 33, 34, 52, 53, 54, 56, 64, 81, 90, 93, 114, 115, 118, 121, 131, 134, 143, 144, 146, 147, 148, 150, 151, 152, 154, 160, 166, 167, 170, 210, 211, 214, 215, 216, 219, 220, 221, 222, 223, 226, 244, 245, 246, 247, 248, 249, 250, 251, 252, 253, 257, 258, 259, 260, 261, 262, 263, 264, 265, 266, 267, 270, 271, 272, 273, 274, 275, 276, 277, 280, 281, 282, 283, 284, 285, 286, 287, 288, 291, 292, 293, 294, 295, 296, 299, 300, 305, 306, 308, 313, 314, 315, 316, 317, 319, 322, 335, 336, 337, 338, 344, 345, 346, 348, 349, 350, 353, 354, 355, 356, 357, 359, 360, 361, 364, 365, 368, 369, 370, 371, 374, 376, 377, 379, 380, 381, 382, 390, 391, 393, 394, 395, 398, 399, 400, 401, 407, 408, 422, 470, 474, 476, 481, 482, 485, 486, 487, 489, 490, 491, 492, 493, 494, 496, 497, 499, 500, 504, 506, 507, 512, 514, 516, 517, 518, 521, 522, 523, 533, 538, 539, 540, 543, 545, 546, 547, 548, 549, 551, 552, 553, 554, 560, 561, 562, 615, 629, 661, 699, 741], "summary": {"covered_lines": 207, "num_statements": 352, "percent_covered": 58.80681818181818, "percent_covered_display": "59", "missing_lines": 145, "excluded_lines": 0}, "missing_lines": [62, 75, 76, 77, 78, 79, 106, 153, 157, 171, 172, 173, 174, 175, 176, 179, 180, 181, 182, 185, 186, 188, 189, 190, 191, 192, 193, 194, 196, 197, 198, 199, 200, 201, 202, 203, 205, 207, 217, 218, 307, 318, 339, 347, 351, 352, 358, 362, 363, 366, 383, 384, 402, 403, 406, 411, 412, 413, 414, 415, 416, 417, 418, 419, 495, 501, 508, 515, 519, 534, 535, 537, 555, 556, 558, 565, 566, 574, 575, 577, 579, 580, 581, 584, 585, 586, 587, 588, 589, 591, 593, 594, 595, 596, 602, 603, 604, 607, 608, 612, 630, 631, 633, 635, 636, 639, 640, 645, 647, 648, 649, 651, 688, 689, 744, 748, 751, 752, 759, 766, 767, 770, 772, 773, 775, 776, 777, 779, 780, 817, 818, 819, 820, 821, 822, 823, 825, 826, 827, 831, 832, 833, 838, 840, 850], "excluded_lines": [], "functions": {"CommandResult.is_success": {"executed_lines": [], "summary": {"covered_lines": 0, "num_statements": 1, "percent_covered": 0.0, "percent_covered_display": "0", "missing_lines": 1, "excluded_lines": 0}, "missing_lines": [62], "excluded_lines": []}, "CommandResult.get_error_message": {"executed_lines": [], "summary": {"covered_lines": 0, "num_statements": 5, "percent_covered": 0.0, "percent_covered_display": "0", "missing_lines": 5, "excluded_lines": 0}, "missing_lines": [75, 76, 77, 78, 79], "excluded_lines": []}, "CommandResult.__iter__": {"executed_lines": [90], "summary": {"covered_lines": 1, "num_statements": 1, "percent_covered": 100.0, "percent_covered_display": "100", "missing_lines": 0, "excluded_lines": 0}, "missing_lines": [], "excluded_lines": []}, "_repo_root_not_found_msg": {"executed_lines": [], "summary": {"covered_lines": 0, "num_statements": 1, "percent_covered": 0.0, "percent_covered_display": "0", "missing_lines": 1, "excluded_lines": 0}, "missing_lines": [106], "excluded_lines": []}, "find_repo_root": {"executed_lines": [143, 144, 146, 147, 148, 150, 151, 152, 154], "summary": {"covered_lines": 9, "num_statements": 11, "percent_covered": 81.81818181818181, "percent_covered_display": "82", "missing_lines": 2, "excluded_lines": 0}, "missing_lines": [153, 157], "excluded_lines": []}, "get_claude_debug_path": {"executed_lines": [166, 167], "summary": {"covered_lines": 2, "num_statements": 2, "percent_covered": 100.0, "percent_covered_display": "100", "missing_lines": 0, "excluded_lines": 0}, "missing_lines": [], "excluded_lines": []}, "sanitize_args": {"executed_lines": [], "summary": {"covered_lines": 0, "num_statements": 29, "percent_covered": 0.0, "percent_covered_display": "0", "missing_lines": 29, "excluded_lines": 0}, "missing_lines": [171, 172, 173, 174, 175, 176, 179, 180, 181, 182, 185, 186, 188, 189, 190, 191, 192, 193, 194, 196, 197, 198, 199, 200, 201, 202, 203, 205, 207], "excluded_lines": []}, "register_safe_cwd": {"executed_lines": [211], "summary": {"covered_lines": 1, "num_statements": 1, "percent_covered": 100.0, "percent_covered_display": "100", "missing_lines": 0, "excluded_lines": 0}, "missing_lines": [], "excluded_lines": []}, "is_within": {"executed_lines": [215, 216, 219, 220, 221, 222, 223], "summary": {"covered_lines": 7, "num_statements": 9, "percent_covered": 77.77777777777777, "percent_covered_display": "78", "missing_lines": 2, "excluded_lines": 0}, "missing_lines": [217, 218], "excluded_lines": []}, "validate_command_args": {"executed_lines": [244, 245, 246, 247, 248, 249, 250, 251, 252, 253, 257, 258, 259, 260, 261, 262, 263, 264, 265, 266, 267], "summary": {"covered_lines": 21, "num_statements": 21, "percent_covered": 100.0, "percent_covered_display": "100", "missing_lines": 0, "excluded_lines": 0}, "missing_lines": [], "excluded_lines": []}, "validate_cwd": {"executed_lines": [271, 272, 273, 274, 275, 276, 277], "summary": {"covered_lines": 7, "num_statements": 7, "percent_covered": 100.0, "percent_covered_display": "100", "missing_lines": 0, "excluded_lines": 0}, "missing_lines": [], "excluded_lines": []}, "validate_stdin": {"executed_lines": [281, 282, 283, 284, 285, 286, 287, 288], "summary": {"covered_lines": 8, "num_statements": 8, "percent_covered": 100.0, "percent_covered_display": "100", "missing_lines": 0, "excluded_lines": 0}, "missing_lines": [], "excluded_lines": []}, "validate_extra_env": {"executed_lines": [292, 293, 294, 295, 296, 299, 300], "summary": {"covered_lines": 7, "num_statements": 7, "percent_covered": 100.0, "percent_covered_display": "100", "missing_lines": 0, "excluded_lines": 0}, "missing_lines": [], "excluded_lines": []}, "verify_unsafe_execution_ready": {"executed_lines": [306, 308], "summary": {"covered_lines": 2, "num_statements": 3, "percent_covered": 66.66666666666667, "percent_covered_display": "67", "missing_lines": 1, "excluded_lines": 0}, "missing_lines": [307], "excluded_lines": []}, "env_with_zsh": {"executed_lines": [314, 315, 316, 317, 319], "summary": {"covered_lines": 5, "num_statements": 6, "percent_covered": 83.33333333333333, "percent_covered_display": "83", "missing_lines": 1, "excluded_lines": 0}, "missing_lines": [318], "excluded_lines": []}, "ensure_claude_debug_dir": {"executed_lines": [335, 368, 369, 370, 371, 374, 376, 377, 379, 380, 381, 382, 390, 391, 393, 394, 395, 398, 399, 400, 401, 407, 408], "summary": {"covered_lines": 23, "num_statements": 37, "percent_covered": 62.16216216216216, "percent_covered_display": "62", "missing_lines": 14, "excluded_lines": 0}, "missing_lines": [383, 384, 402, 403, 406, 411, 412, 413, 414, 415, 416, 417, 418, 419], "excluded_lines": []}, "ensure_claude_debug_dir.normalize": {"executed_lines": [336, 337, 338, 344, 345, 346, 348, 349, 350, 353, 354, 355, 356, 357, 359, 360, 361, 364, 365], "summary": {"covered_lines": 19, "num_statements": 27, "percent_covered": 70.37037037037037, "percent_covered_display": "70", "missing_lines": 8, "excluded_lines": 0}, "missing_lines": [339, 347, 351, 352, 358, 362, 363, 366], "excluded_lines": []}, "run_cmd": {"executed_lines": [470, 474, 476, 481, 482, 485, 486, 487, 489, 490, 491, 492, 493, 494, 496, 497, 499, 500, 504, 506, 507, 512, 514, 516, 517, 518, 521, 522, 523, 533, 538, 539, 540, 543, 545, 546, 547, 548, 549, 551, 552, 553, 554, 560, 561, 562], "summary": {"covered_lines": 46, "num_statements": 82, "percent_covered": 56.09756097560975, "percent_covered_display": "56", "missing_lines": 36, "excluded_lines": 0}, "missing_lines": [495, 501, 508, 515, 519, 534, 535, 537, 555, 556, 558, 565, 566, 574, 575, 577, 579, 580, 581, 584, 585, 586, 587, 588, 589, 591, 593, 594, 595, 596, 602, 603, 604, 607, 608, 612], "excluded_lines": []}, "safe_popen": {"executed_lines": [629], "summary": {"covered_lines": 1, "num_statements": 13, "percent_covered": 7.6923076923076925, "percent_covered_display": "8", "missing_lines": 12, "excluded_lines": 0}, "missing_lines": [630, 631, 633, 635, 636, 639, 640, 645, 647, 648, 649, 651], "excluded_lines": []}, "run_sh": {"executed_lines": [], "summary": {"covered_lines": 0, "num_statements": 2, "percent_covered": 0.0, "percent_covered_display": "0", "missing_lines": 2, "excluded_lines": 0}, "missing_lines": [688, 689], "excluded_lines": []}, "popen_streaming": {"executed_lines": [741], "summary": {"covered_lines": 1, "num_statements": 32, "percent_covered": 3.125, "percent_covered_display": "3", "missing_lines": 31, "excluded_lines": 0}, "missing_lines": [744, 748, 751, 752, 759, 766, 767, 770, 772, 773, 775, 776, 777, 779, 780, 817, 818, 819, 820, 821, 822, 823, 825, 826, 827, 831, 832, 833, 838, 840, 850], "excluded_lines": []}, "": {"executed_lines": [1, 3, 5, 6, 7, 8, 9, 10, 11, 12, 13, 14, 15, 16, 17, 19, 28, 29, 32, 33, 34, 52, 53, 54, 56, 64, 81, 93, 114, 115, 118, 121, 131, 134, 160, 170, 210, 214, 226, 270, 280, 291, 305, 313, 322, 422, 615, 661, 699], "summary": {"covered_lines": 47, "num_statements": 47, "percent_covered": 100.0, "percent_covered_display": "100", "missing_lines": 0, "excluded_lines": 0}, "missing_lines": [], "excluded_lines": []}}, "classes": {"CommandResult": {"executed_lines": [90], "summary": {"covered_lines": 1, "num_statements": 7, "percent_covered": 14.285714285714286, "percent_covered_display": "14", "missing_lines": 6, "excluded_lines": 0}, "missing_lines": [62, 75, 76, 77, 78, 79], "excluded_lines": []}, "": {"executed_lines": [1, 3, 5, 6, 7, 8, 9, 10, 11, 12, 13, 14, 15, 16, 17, 19, 28, 29, 32, 33, 34, 52, 53, 54, 56, 64, 81, 93, 114, 115, 118, 121, 131, 134, 143, 144, 146, 147, 148, 150, 151, 152, 154, 160, 166, 167, 170, 210, 211, 214, 215, 216, 219, 220, 221, 222, 223, 226, 244, 245, 246, 247, 248, 249, 250, 251, 252, 253, 257, 258, 259, 260, 261, 262, 263, 264, 265, 266, 267, 270, 271, 272, 273, 274, 275, 276, 277, 280, 281, 282, 283, 284, 285, 286, 287, 288, 291, 292, 293, 294, 295, 296, 299, 300, 305, 306, 308, 313, 314, 315, 316, 317, 319, 322, 335, 336, 337, 338, 344, 345, 346, 348, 349, 350, 353, 354, 355, 356, 357, 359, 360, 361, 364, 365, 368, 369, 370, 371, 374, 376, 377, 379, 380, 381, 382, 390, 391, 393, 394, 395, 398, 399, 400, 401, 407, 408, 422, 470, 474, 476, 481, 482, 485, 486, 487, 489, 490, 491, 492, 493, 494, 496, 497, 499, 500, 504, 506, 507, 512, 514, 516, 517, 518, 521, 522, 523, 533, 538, 539, 540, 543, 545, 546, 547, 548, 549, 551, 552, 553, 554, 560, 561, 562, 615, 629, 661, 699, 741], "summary": {"covered_lines": 206, "num_statements": 345, "percent_covered": 59.710144927536234, "percent_covered_display": "60", "missing_lines": 139, "excluded_lines": 0}, "missing_lines": [106, 153, 157, 171, 172, 173, 174, 175, 176, 179, 180, 181, 182, 185, 186, 188, 189, 190, 191, 192, 193, 194, 196, 197, 198, 199, 200, 201, 202, 203, 205, 207, 217, 218, 307, 318, 339, 347, 351, 352, 358, 362, 363, 366, 383, 384, 402, 403, 406, 411, 412, 413, 414, 415, 416, 417, 418, 419, 495, 501, 508, 515, 519, 534, 535, 537, 555, 556, 558, 565, 566, 574, 575, 577, 579, 580, 581, 584, 585, 586, 587, 588, 589, 591, 593, 594, 595, 596, 602, 603, 604, 607, 608, 612, 630, 631, 633, 635, 636, 639, 640, 645, 647, 648, 649, 651, 688, 689, 744, 748, 751, 752, 759, 766, 767, 770, 772, 773, 775, 776, 777, 779, 780, 817, 818, 819, 820, 821, 822, 823, 825, 826, 827, 831, 832, 833, 838, 840, 850], "excluded_lines": []}}}, "tools/auto_prd/command_checks.py": {"executed_lines": [1, 3, 5, 6, 8, 9, 10, 12, 15, 16, 17, 20, 21, 24, 26, 28, 29, 30, 37, 42, 44, 45, 58, 59], "summary": {"covered_lines": 23, "num_statements": 31, "percent_covered": 74.19354838709677, "percent_covered_display": "74", "missing_lines": 8, "excluded_lines": 0}, "missing_lines": [18, 36, 51, 52, 57, 60, 61, 66], "excluded_lines": [], "functions": {"require_cmd": {"executed_lines": [16, 17, 20, 21, 24, 26, 28, 29, 30, 37, 42, 44, 45, 58, 59], "summary": {"covered_lines": 15, "num_statements": 23, "percent_covered": 65.21739130434783, "percent_covered_display": "65", "missing_lines": 8, "excluded_lines": 0}, "missing_lines": [18, 36, 51, 52, 57, 60, 61, 66], "excluded_lines": []}, "": {"executed_lines": [1, 3, 5, 6, 8, 9, 10, 12, 15], "summary": {"covered_lines": 8, "num_statements": 8, "percent_covered": 100.0, "percent_covered_display": "100", "missing_lines": 0, "excluded_lines": 0}, "missing_lines": [], "excluded_lines": []}}, "classes": {"": {"executed_lines": [1, 3, 5, 6, 8, 9, 10, 12, 15, 16, 17, 20, 21, 24, 26, 28, 29, 30, 37, 42, 44, 45, 58, 59], "summary": {"covered_lines": 23, "num_statements": 31, "percent_covered": 74.19354838709677, "percent_covered_display": "74", "missing_lines": 8, "excluded_lines": 0}, "missing_lines": [18, 36, 51, 52, 57, 60, 61, 66], "excluded_lines": []}}}, "tools/auto_prd/constants.py": {"executed_lines": [1, 3, 5, 6, 7, 8, 9, 10, 11, 13, 14, 15, 16, 25, 30, 33, 35, 43, 44, 45, 52, 53, 54, 55, 65, 66, 96, 127, 132, 147, 148, 149, 150, 151, 154, 156, 157, 158, 159, 161, 163, 164, 166, 167, 177, 191, 201, 204, 206, 209, 212, 213, 214, 215, 216, 217, 218, 219, 220], "summary": {"covered_lines": 58, "num_statements": 62, "percent_covered": 93.54838709677419, "percent_covered_display": "94", "missing_lines": 4, "excluded_lines": 0}, "missing_lines": [221, 222, 223, 224], "excluded_lines": [], "functions": {"get_tool_allowlist": {"executed_lines": [147, 148, 149, 150, 151], "summary": {"covered_lines": 5, "num_statements": 5, "percent_covered": 100.0, "percent_covered_display": "100", "missing_lines": 0, "excluded_lines": 0}, "missing_lines": [], "excluded_lines": []}, "require_zsh": {"executed_lines": [212, 213, 214, 215, 216, 217, 218, 219, 220], "summary": {"covered_lines": 9, "num_statements": 13, "percent_covered": 69.23076923076923, "percent_covered_display": "69", "missing_lines": 4, "excluded_lines": 0}, "missing_lines": [221, 222, 223, 224], "excluded_lines": []}, "": {"executed_lines": [1, 3, 5, 6, 7, 8, 9, 10, 11, 13, 14, 15, 16, 25, 30, 33, 35, 43, 44, 45, 52, 53, 54, 55, 65, 66, 96, 127, 132, 154, 156, 157, 158, 159, 161, 163, 164, 166, 167, 177, 191, 201, 204, 206, 209], "summary": {"covered_lines": 44, "num_statements": 44, "percent_covered": 100.0, "percent_covered_display": "100", "missing_lines": 0, "excluded_lines": 0}, "missing_lines": [], "excluded_lines": []}}, "classes": {"": {"executed_lines": [1, 3, 5, 6, 7, 8, 9, 10, 11, 13, 14, 15, 16, 25, 30, 33, 35, 43, 44, 45, 52, 53, 54, 55, 65, 66, 96, 127, 132, 147, 148, 149, 150, 151, 154, 156, 157, 158, 159, 161, 163, 164, 166, 167, 177, 191, 201, 204, 206, 209, 212, 213, 214, 215, 216, 217, 218, 219, 220], "summary": {"covered_lines": 58, "num_statements": 62, "percent_covered": 93.54838709677419, "percent_covered_display": "94", "missing_lines": 4, "excluded_lines": 0}, "missing_lines": [221, 222, 223, 224], "excluded_lines": []}}}, "tools/auto_prd/context.py": {"executed_lines": [1, 24, 26, 27, 28, 29, 30, 31, 32, 34, 35, 36, 39, 40, 47, 48, 49, 50, 53, 54, 55, 72, 73, 74, 76, 78, 79, 80, 81, 82, 83, 85, 86, 88, 91, 92, 93, 118, 119, 122, 123, 124, 125, 126, 127, 129, 143, 144, 145, 146, 147, 150, 152, 154, 165, 166, 177, 178, 182, 183, 188, 189, 190, 193, 194, 198, 199, 200, 201, 203, 204, 207, 211, 212, 215, 231, 232, 233, 234, 235, 236, 238, 241, 243, 244, 245, 248, 249, 250, 256, 267, 276, 277, 282, 283, 285, 286, 289, 338, 345, 346, 347, 348, 349, 352, 353, 356, 357, 358, 359, 361, 363, 366, 395, 396, 397, 401, 404, 406, 407, 408, 409, 411, 412, 415, 416, 418, 419, 420, 421, 422, 423, 424, 425, 426, 428, 429, 431, 436, 437, 438, 440, 441, 443, 444, 446, 449, 470, 471, 473, 474, 477, 478, 479, 481, 482, 484, 485, 487, 490, 514, 515, 516, 528, 529, 531, 532, 533, 534, 535, 541, 543, 545, 546, 548, 549, 552, 567, 568, 569, 575, 576, 577, 578, 579, 580, 581, 582, 583, 588, 601, 614, 616, 617, 622, 642, 654, 664, 665, 710, 727, 728, 729, 730, 731, 732, 735, 736, 739, 742, 743, 744, 746, 747, 749, 751, 752, 754, 756, 762, 764, 771, 773, 774, 775, 777, 780, 785, 786, 788, 795, 796, 797, 804, 805, 811, 813, 818, 819, 820, 821, 823, 824, 826, 828, 829, 831, 833, 834, 836], "summary": {"covered_lines": 245, "num_statements": 277, "percent_covered": 88.4476534296029, "percent_covered_display": "88", "missing_lines": 32, "excluded_lines": 0}, "missing_lines": [179, 180, 184, 185, 195, 196, 205, 206, 208, 209, 213, 214, 216, 217, 252, 253, 517, 518, 524, 525, 526, 544, 589, 590, 596, 603, 604, 609, 627, 629, 630, 635], "excluded_lines": [], "functions": {"LoadSessionResult.__post_init__": {"executed_lines": [78, 79, 80, 81, 82, 83], "summary": {"covered_lines": 6, "num_statements": 6, "percent_covered": 100.0, "percent_covered_display": "100", "missing_lines": 0, "excluded_lines": 0}, "missing_lines": [], "excluded_lines": []}, "LoadSessionResult.is_success": {"executed_lines": [88], "summary": {"covered_lines": 1, "num_statements": 1, "percent_covered": 100.0, "percent_covered_display": "100", "missing_lines": 0, "excluded_lines": 0}, "missing_lines": [], "excluded_lines": []}, "SessionMemory.__post_init__": {"executed_lines": [143, 144, 145, 146, 147, 150], "summary": {"covered_lines": 6, "num_statements": 6, "percent_covered": 100.0, "percent_covered_display": "100", "missing_lines": 0, "excluded_lines": 0}, "missing_lines": [], "excluded_lines": []}, "SessionMemory.to_dict": {"executed_lines": [154], "summary": {"covered_lines": 1, "num_statements": 1, "percent_covered": 100.0, "percent_covered_display": "100", "missing_lines": 0, "excluded_lines": 0}, "missing_lines": [], "excluded_lines": []}, "SessionMemory.from_dict": {"executed_lines": [177, 178, 182, 183, 188, 189, 190, 193, 194, 198, 199, 200, 201, 203, 204, 207, 211, 212, 215, 231, 232, 233, 234, 235, 236, 238, 241, 243, 244, 245, 248, 249, 250, 256], "summary": {"covered_lines": 34, "num_statements": 50, "percent_covered": 68.0, "percent_covered_display": "68", "missing_lines": 16, "excluded_lines": 0}, "missing_lines": [179, 180, 184, 185, 195, 196, 205, 206, 208, 209, 213, 214, 216, 217, 252, 253], "excluded_lines": []}, "SessionMemory.update_from_response": {"executed_lines": [276, 277, 282, 283, 285, 286], "summary": {"covered_lines": 6, "num_statements": 6, "percent_covered": 100.0, "percent_covered_display": "100", "missing_lines": 0, "excluded_lines": 0}, "missing_lines": [], "excluded_lines": []}, "build_phase_context": {"executed_lines": [338, 345, 346, 347, 348, 349, 352, 353, 356, 357, 358, 359, 361, 363], "summary": {"covered_lines": 14, "num_statements": 14, "percent_covered": 100.0, "percent_covered_display": "100", "missing_lines": 0, "excluded_lines": 0}, "missing_lines": [], "excluded_lines": []}, "compact_context": {"executed_lines": [395, 396, 397, 401, 404, 406, 407, 408, 409, 411, 412, 415, 416, 418, 419, 420, 421, 422, 423, 424, 425, 426, 428, 429, 431, 436, 437, 438, 440, 441, 443, 444, 446], "summary": {"covered_lines": 33, "num_statements": 33, "percent_covered": 100.0, "percent_covered_display": "100", "missing_lines": 0, "excluded_lines": 0}, "missing_lines": [], "excluded_lines": []}, "_generate_session_filename": {"executed_lines": [470, 471, 473, 474, 477, 478, 479, 481, 482, 484, 485, 487], "summary": {"covered_lines": 12, "num_statements": 12, "percent_covered": 100.0, "percent_covered_display": "100", "missing_lines": 0, "excluded_lines": 0}, "missing_lines": [], "excluded_lines": []}, "save_session_memory": {"executed_lines": [514, 515, 516, 528, 529, 531, 532, 533, 534, 535, 541, 543, 545, 546, 548, 549], "summary": {"covered_lines": 16, "num_statements": 22, "percent_covered": 72.72727272727273, "percent_covered_display": "73", "missing_lines": 6, "excluded_lines": 0}, "missing_lines": [517, 518, 524, 525, 526, 544], "excluded_lines": []}, "load_session_memory": {"executed_lines": [567, 568, 569, 575, 576, 577, 578, 579, 580, 581, 582, 583, 588, 601, 614, 616, 617, 622], "summary": {"covered_lines": 18, "num_statements": 28, "percent_covered": 64.28571428571429, "percent_covered_display": "64", "missing_lines": 10, "excluded_lines": 0}, "missing_lines": [589, 590, 596, 603, 604, 609, 627, 629, 630, 635], "excluded_lines": []}, "extract_progress_from_response": {"executed_lines": [654], "summary": {"covered_lines": 1, "num_statements": 1, "percent_covered": 100.0, "percent_covered_display": "100", "missing_lines": 0, "excluded_lines": 0}, "missing_lines": [], "excluded_lines": []}, "StallDetector.__init__": {"executed_lines": [727, 728, 729, 730, 731, 732, 735, 736, 739, 742, 743, 744], "summary": {"covered_lines": 12, "num_statements": 12, "percent_covered": 100.0, "percent_covered_display": "100", "missing_lines": 0, "excluded_lines": 0}, "missing_lines": [], "excluded_lines": []}, "StallDetector.no_output_threshold_seconds": {"executed_lines": [749], "summary": {"covered_lines": 1, "num_statements": 1, "percent_covered": 100.0, "percent_covered_display": "100", "missing_lines": 0, "excluded_lines": 0}, "missing_lines": [], "excluded_lines": []}, "StallDetector.no_progress_threshold_iterations": {"executed_lines": [754], "summary": {"covered_lines": 1, "num_statements": 1, "percent_covered": 100.0, "percent_covered_display": "100", "missing_lines": 0, "excluded_lines": 0}, "missing_lines": [], "excluded_lines": []}, "StallDetector.record_output": {"executed_lines": [762], "summary": {"covered_lines": 1, "num_statements": 1, "percent_covered": 100.0, "percent_covered_display": "100", "missing_lines": 0, "excluded_lines": 0}, "missing_lines": [], "excluded_lines": []}, "StallDetector.record_iteration": {"executed_lines": [771, 773, 774, 775, 777, 780, 785, 786], "summary": {"covered_lines": 8, "num_statements": 8, "percent_covered": 100.0, "percent_covered_display": "100", "missing_lines": 0, "excluded_lines": 0}, "missing_lines": [], "excluded_lines": []}, "StallDetector.check_stall": {"executed_lines": [795, 796, 797, 804, 805, 811], "summary": {"covered_lines": 6, "num_statements": 6, "percent_covered": 100.0, "percent_covered_display": "100", "missing_lines": 0, "excluded_lines": 0}, "missing_lines": [], "excluded_lines": []}, "StallDetector.reset": {"executed_lines": [818, 819, 820, 821], "summary": {"covered_lines": 4, "num_statements": 4, "percent_covered": 100.0, "percent_covered_display": "100", "missing_lines": 0, "excluded_lines": 0}, "missing_lines": [], "excluded_lines": []}, "StallDetector.iteration_count": {"executed_lines": [826], "summary": {"covered_lines": 1, "num_statements": 1, "percent_covered": 100.0, "percent_covered_display": "100", "missing_lines": 0, "excluded_lines": 0}, "missing_lines": [], "excluded_lines": []}, "StallDetector.no_progress_streak": {"executed_lines": [831], "summary": {"covered_lines": 1, "num_statements": 1, "percent_covered": 100.0, "percent_covered_display": "100", "missing_lines": 0, "excluded_lines": 0}, "missing_lines": [], "excluded_lines": []}, "StallDetector.seconds_since_output": {"executed_lines": [836], "summary": {"covered_lines": 1, "num_statements": 1, "percent_covered": 100.0, "percent_covered_display": "100", "missing_lines": 0, "excluded_lines": 0}, "missing_lines": [], "excluded_lines": []}, "": {"executed_lines": [1, 24, 26, 27, 28, 29, 30, 31, 32, 34, 35, 36, 39, 40, 47, 48, 49, 50, 53, 54, 55, 72, 73, 74, 76, 85, 86, 91, 92, 93, 118, 119, 122, 123, 124, 125, 126, 127, 129, 152, 165, 166, 267, 289, 366, 449, 490, 552, 642, 664, 665, 710, 746, 747, 751, 752, 756, 764, 788, 813, 823, 824, 828, 829, 833, 834], "summary": {"covered_lines": 61, "num_statements": 61, "percent_covered": 100.0, "percent_covered_display": "100", "missing_lines": 0, "excluded_lines": 0}, "missing_lines": [], "excluded_lines": []}}, "classes": {"LoadFailureReason": {"executed_lines": [], "summary": {"covered_lines": 0, "num_statements": 0, "percent_covered": 100.0, "percent_covered_display": "100", "missing_lines": 0, "excluded_lines": 0}, "missing_lines": [], "excluded_lines": []}, "LoadSessionResult": {"executed_lines": [78, 79, 80, 81, 82, 83, 88], "summary": {"covered_lines": 7, "num_statements": 7, "percent_covered": 100.0, "percent_covered_display": "100", "missing_lines": 0, "excluded_lines": 0}, "missing_lines": [], "excluded_lines": []}, "SessionMemory": {"executed_lines": [143, 144, 145, 146, 147, 150, 154, 177, 178, 182, 183, 188, 189, 190, 193, 194, 198, 199, 200, 201, 203, 204, 207, 211, 212, 215, 231, 232, 233, 234, 235, 236, 238, 241, 243, 244, 245, 248, 249, 250, 256, 276, 277, 282, 283, 285, 286], "summary": {"covered_lines": 47, "num_statements": 63, "percent_covered": 74.60317460317461, "percent_covered_display": "75", "missing_lines": 16, "excluded_lines": 0}, "missing_lines": [179, 180, 184, 185, 195, 196, 205, 206, 208, 209, 213, 214, 216, 217, 252, 253], "excluded_lines": []}, "StallDetector": {"executed_lines": [727, 728, 729, 730, 731, 732, 735, 736, 739, 742, 743, 744, 749, 754, 762, 771, 773, 774, 775, 777, 780, 785, 786, 795, 796, 797, 804, 805, 811, 818, 819, 820, 821, 826, 831, 836], "summary": {"covered_lines": 36, "num_statements": 36, "percent_covered": 100.0, "percent_covered_display": "100", "missing_lines": 0, "excluded_lines": 0}, "missing_lines": [], "excluded_lines": []}, "": {"executed_lines": [1, 24, 26, 27, 28, 29, 30, 31, 32, 34, 35, 36, 39, 40, 47, 48, 49, 50, 53, 54, 55, 72, 73, 74, 76, 85, 86, 91, 92, 93, 118, 119, 122, 123, 124, 125, 126, 127, 129, 152, 165, 166, 267, 289, 338, 345, 346, 347, 348, 349, 352, 353, 356, 357, 358, 359, 361, 363, 366, 395, 396, 397, 401, 404, 406, 407, 408, 409, 411, 412, 415, 416, 418, 419, 420, 421, 422, 423, 424, 425, 426, 428, 429, 431, 436, 437, 438, 440, 441, 443, 444, 446, 449, 470, 471, 473, 474, 477, 478, 479, 481, 482, 484, 485, 487, 490, 514, 515, 516, 528, 529, 531, 532, 533, 534, 535, 541, 543, 545, 546, 548, 549, 552, 567, 568, 569, 575, 576, 577, 578, 579, 580, 581, 582, 583, 588, 601, 614, 616, 617, 622, 642, 654, 664, 665, 710, 746, 747, 751, 752, 756, 764, 788, 813, 823, 824, 828, 829, 833, 834], "summary": {"covered_lines": 155, "num_statements": 171, "percent_covered": 90.64327485380117, "percent_covered_display": "91", "missing_lines": 16, "excluded_lines": 0}, "missing_lines": [517, 518, 524, 525, 526, 544, 589, 590, 596, 603, 604, 609, 627, 629, 630, 635], "excluded_lines": []}}}, "tools/auto_prd/errors.py": {"executed_lines": [], "summary": {"covered_lines": 0, "num_statements": 159, "percent_covered": 0.0, "percent_covered_display": "0", "missing_lines": 159, "excluded_lines": 0}, "missing_lines": [7, 9, 10, 11, 12, 13, 14, 15, 16, 18, 21, 24, 25, 26, 27, 28, 29, 30, 31, 32, 33, 36, 39, 40, 41, 42, 45, 46, 49, 50, 51, 52, 55, 56, 57, 58, 59, 60, 61, 62, 64, 66, 81, 83, 88, 152, 168, 184, 185, 186, 187, 189, 190, 191, 194, 195, 196, 197, 198, 199, 200, 201, 206, 207, 208, 209, 210, 211, 212, 213, 214, 215, 216, 217, 219, 220, 223, 224, 225, 226, 227, 229, 242, 245, 252, 253, 254, 255, 256, 258, 259, 261, 262, 263, 265, 266, 268, 274, 276, 277, 278, 279, 280, 283, 284, 285, 287, 288, 289, 290, 291, 292, 294, 296, 315, 316, 317, 318, 319, 321, 322, 324, 326, 327, 329, 331, 332, 334, 336, 342, 343, 345, 346, 349, 353, 362, 374, 375, 376, 377, 379, 380, 382, 383, 384, 386, 387, 388, 389, 390, 391, 392, 393, 394, 412, 413, 414, 415, 417], "excluded_lines": [], "functions": {"StructuredError.to_dict": {"executed_lines": [], "summary": {"covered_lines": 0, "num_statements": 1, "percent_covered": 0.0, "percent_covered_display": "0", "missing_lines": 1, "excluded_lines": 0}, "missing_lines": [66], "excluded_lines": []}, "StructuredError.to_json": {"executed_lines": [], "summary": {"covered_lines": 0, "num_statements": 1, "percent_covered": 0.0, "percent_covered_display": "0", "missing_lines": 1, "excluded_lines": 0}, "missing_lines": [83], "excluded_lines": []}, "classify_error": {"executed_lines": [], "summary": {"covered_lines": 0, "num_statements": 35, "percent_covered": 0.0, "percent_covered_display": "0", "missing_lines": 35, "excluded_lines": 0}, "missing_lines": [184, 185, 186, 187, 189, 190, 191, 194, 195, 196, 197, 198, 199, 200, 201, 206, 207, 208, 209, 210, 211, 212, 213, 214, 215, 216, 217, 219, 220, 223, 224, 225, 226, 227, 229], "excluded_lines": []}, "ErrorLog.__init__": {"executed_lines": [], "summary": {"covered_lines": 0, "num_statements": 5, "percent_covered": 0.0, "percent_covered_display": "0", "missing_lines": 5, "excluded_lines": 0}, "missing_lines": [252, 253, 254, 255, 256], "excluded_lines": []}, "ErrorLog._get_default_log_dir": {"executed_lines": [], "summary": {"covered_lines": 0, "num_statements": 5, "percent_covered": 0.0, "percent_covered_display": "0", "missing_lines": 5, "excluded_lines": 0}, "missing_lines": [261, 262, 263, 265, 266], "excluded_lines": []}, "ErrorLog.log": {"executed_lines": [], "summary": {"covered_lines": 0, "num_statements": 16, "percent_covered": 0.0, "percent_covered_display": "0", "missing_lines": 16, "excluded_lines": 0}, "missing_lines": [274, 276, 277, 278, 279, 280, 283, 284, 285, 287, 288, 289, 290, 291, 292, 294], "excluded_lines": []}, "ErrorLog.log_exception": {"executed_lines": [], "summary": {"covered_lines": 0, "num_statements": 5, "percent_covered": 0.0, "percent_covered_display": "0", "missing_lines": 5, "excluded_lines": 0}, "missing_lines": [315, 316, 317, 318, 319], "excluded_lines": []}, "ErrorLog.errors": {"executed_lines": [], "summary": {"covered_lines": 0, "num_statements": 1, "percent_covered": 0.0, "percent_covered_display": "0", "missing_lines": 1, "excluded_lines": 0}, "missing_lines": [324], "excluded_lines": []}, "ErrorLog.critical_errors": {"executed_lines": [], "summary": {"covered_lines": 0, "num_statements": 1, "percent_covered": 0.0, "percent_covered_display": "0", "missing_lines": 1, "excluded_lines": 0}, "missing_lines": [329], "excluded_lines": []}, "ErrorLog.retryable_errors": {"executed_lines": [], "summary": {"covered_lines": 0, "num_statements": 1, "percent_covered": 0.0, "percent_covered_display": "0", "missing_lines": 1, "excluded_lines": 0}, "missing_lines": [334], "excluded_lines": []}, "ErrorLog.get_summary": {"executed_lines": [], "summary": {"covered_lines": 0, "num_statements": 6, "percent_covered": 0.0, "percent_covered_display": "0", "missing_lines": 6, "excluded_lines": 0}, "missing_lines": [342, 343, 345, 346, 349, 353], "excluded_lines": []}, "load_error_log": {"executed_lines": [], "summary": {"covered_lines": 0, "num_statements": 23, "percent_covered": 0.0, "percent_covered_display": "0", "missing_lines": 23, "excluded_lines": 0}, "missing_lines": [374, 375, 376, 377, 379, 380, 382, 383, 384, 386, 387, 388, 389, 390, 391, 392, 393, 394, 412, 413, 414, 415, 417], "excluded_lines": []}, "": {"executed_lines": [], "summary": {"covered_lines": 0, "num_statements": 59, "percent_covered": 0.0, "percent_covered_display": "0", "missing_lines": 59, "excluded_lines": 0}, "missing_lines": [7, 9, 10, 11, 12, 13, 14, 15, 16, 18, 21, 24, 25, 26, 27, 28, 29, 30, 31, 32, 33, 36, 39, 40, 41, 42, 45, 46, 49, 50, 51, 52, 55, 56, 57, 58, 59, 60, 61, 62, 64, 81, 88, 152, 168, 242, 245, 258, 259, 268, 296, 321, 322, 326, 327, 331, 332, 336, 362], "excluded_lines": []}}, "classes": {"ErrorCategory": {"executed_lines": [], "summary": {"covered_lines": 0, "num_statements": 0, "percent_covered": 100.0, "percent_covered_display": "100", "missing_lines": 0, "excluded_lines": 0}, "missing_lines": [], "excluded_lines": []}, "ErrorSeverity": {"executed_lines": [], "summary": {"covered_lines": 0, "num_statements": 0, "percent_covered": 100.0, "percent_covered_display": "100", "missing_lines": 0, "excluded_lines": 0}, "missing_lines": [], "excluded_lines": []}, "StructuredError": {"executed_lines": [], "summary": {"covered_lines": 0, "num_statements": 2, "percent_covered": 0.0, "percent_covered_display": "0", "missing_lines": 2, "excluded_lines": 0}, "missing_lines": [66, 83], "excluded_lines": []}, "ErrorLog": {"executed_lines": [], "summary": {"covered_lines": 0, "num_statements": 40, "percent_covered": 0.0, "percent_covered_display": "0", "missing_lines": 40, "excluded_lines": 0}, "missing_lines": [252, 253, 254, 255, 256, 261, 262, 263, 265, 266, 274, 276, 277, 278, 279, 280, 283, 284, 285, 287, 288, 289, 290, 291, 292, 294, 315, 316, 317, 318, 319, 324, 329, 334, 342, 343, 345, 346, 349, 353], "excluded_lines": []}, "": {"executed_lines": [], "summary": {"covered_lines": 0, "num_statements": 117, "percent_covered": 0.0, "percent_covered_display": "0", "missing_lines": 117, "excluded_lines": 0}, "missing_lines": [7, 9, 10, 11, 12, 13, 14, 15, 16, 18, 21, 24, 25, 26, 27, 28, 29, 30, 31, 32, 33, 36, 39, 40, 41, 42, 45, 46, 49, 50, 51, 52, 55, 56, 57, 58, 59, 60, 61, 62, 64, 81, 88, 152, 168, 184, 185, 186, 187, 189, 190, 191, 194, 195, 196, 197, 198, 199, 200, 201, 206, 207, 208, 209, 210, 211, 212, 213, 214, 215, 216, 217, 219, 220, 223, 224, 225, 226, 227, 229, 242, 245, 258, 259, 268, 296, 321, 322, 326, 327, 331, 332, 336, 362, 374, 375, 376, 377, 379, 380, 382, 383, 384, 386, 387, 388, 389, 390, 391, 392, 393, 394, 412, 413, 414, 415, 417], "excluded_lines": []}}}, "tools/auto_prd/executor.py": {"executed_lines": [1, 3, 5, 7, 8, 9, 19, 20, 23, 54], "summary": {"covered_lines": 8, "num_statements": 60, "percent_covered": 13.333333333333334, "percent_covered_display": "13", "missing_lines": 52, "excluded_lines": 0}, "missing_lines": [28, 29, 30, 31, 32, 33, 34, 35, 36, 37, 38, 39, 46, 47, 48, 51, 55, 56, 57, 58, 59, 61, 62, 63, 64, 65, 66, 67, 70, 71, 72, 73, 74, 75, 76, 80, 81, 82, 83, 84, 85, 86, 87, 88, 89, 92, 93, 95, 96, 98, 105, 114], "excluded_lines": [], "functions": {"_verify_required_commands": {"executed_lines": [], "summary": {"covered_lines": 0, "num_statements": 16, "percent_covered": 0.0, "percent_covered_display": "0", "missing_lines": 16, "excluded_lines": 0}, "missing_lines": [28, 29, 30, 31, 32, 33, 34, 35, 36, 37, 38, 39, 46, 47, 48, 51], "excluded_lines": []}, "resolve_executor_policy": {"executed_lines": [], "summary": {"covered_lines": 0, "num_statements": 36, "percent_covered": 0.0, "percent_covered_display": "0", "missing_lines": 36, "excluded_lines": 0}, "missing_lines": [55, 56, 57, 58, 59, 61, 62, 63, 64, 65, 66, 67, 70, 71, 72, 73, 74, 75, 76, 80, 81, 82, 83, 84, 85, 86, 87, 88, 89, 92, 93, 95, 96, 98, 105, 114], "excluded_lines": []}, "": {"executed_lines": [1, 3, 5, 7, 8, 9, 19, 20, 23, 54], "summary": {"covered_lines": 8, "num_statements": 8, "percent_covered": 100.0, "percent_covered_display": "100", "missing_lines": 0, "excluded_lines": 0}, "missing_lines": [], "excluded_lines": []}}, "classes": {"AutoPrdError": {"executed_lines": [], "summary": {"covered_lines": 0, "num_statements": 0, "percent_covered": 100.0, "percent_covered_display": "100", "missing_lines": 0, "excluded_lines": 0}, "missing_lines": [], "excluded_lines": []}, "": {"executed_lines": [1, 3, 5, 7, 8, 9, 19, 20, 23, 54], "summary": {"covered_lines": 8, "num_statements": 60, "percent_covered": 13.333333333333334, "percent_covered_display": "13", "missing_lines": 52, "excluded_lines": 0}, "missing_lines": [28, 29, 30, 31, 32, 33, 34, 35, 36, 37, 38, 39, 46, 47, 48, 51, 55, 56, 57, 58, 59, 61, 62, 63, 64, 65, 66, 67, 70, 71, 72, 73, 74, 75, 76, 80, 81, 82, 83, 84, 85, 86, 87, 88, 89, 92, 93, 95, 96, 98, 105, 114], "excluded_lines": []}}}, "tools/auto_prd/gh_ops.py": {"executed_lines": [1, 3, 5, 6, 7, 8, 10, 11, 16, 17, 19, 41, 73, 99, 122, 123, 124, 128, 129, 133, 136, 148, 173, 187, 204, 223, 281, 305, 324, 357, 358, 360, 361, 363, 364, 365, 366, 372, 373, 374, 385, 388, 389, 390, 391, 402, 405, 406, 407, 408, 410, 411, 414, 415, 416, 420, 421, 424, 427, 428, 429, 440, 441, 442, 443, 446, 449, 451, 452, 455, 456, 457, 458, 459, 460, 462, 463, 464, 465, 468, 469, 470, 471, 472, 474, 475, 476, 477, 478, 479, 481, 482, 483, 484, 490, 492, 493, 495, 496, 497, 498, 499, 501, 505, 508], "summary": {"covered_lines": 104, "num_statements": 244, "percent_covered": 42.622950819672134, "percent_covered_display": "43", "missing_lines": 140, "excluded_lines": 0}, "missing_lines": [125, 130, 137, 139, 140, 143, 145, 149, 163, 164, 165, 166, 167, 168, 169, 170, 175, 178, 179, 180, 181, 184, 188, 189, 195, 196, 205, 206, 207, 208, 209, 210, 211, 212, 215, 216, 217, 218, 219, 220, 226, 227, 228, 229, 230, 234, 237, 238, 239, 240, 241, 242, 244, 245, 246, 247, 248, 249, 250, 251, 252, 253, 254, 255, 256, 257, 258, 259, 260, 261, 264, 265, 266, 267, 268, 278, 284, 286, 287, 302, 306, 313, 314, 321, 336, 337, 338, 339, 340, 341, 342, 343, 344, 345, 346, 351, 354, 359, 362, 367, 368, 369, 378, 379, 384, 395, 396, 401, 409, 412, 413, 418, 419, 433, 434, 439, 450, 453, 461, 466, 473, 485, 486, 487, 488, 489, 491, 494, 515, 516, 517, 518, 519, 521, 529, 530, 531, 546, 547, 548], "excluded_lines": [], "functions": {"_parse_owner_repo": {"executed_lines": [123, 124, 128, 129, 133], "summary": {"covered_lines": 5, "num_statements": 7, "percent_covered": 71.42857142857143, "percent_covered_display": "71", "missing_lines": 2, "excluded_lines": 0}, "missing_lines": [125, 130], "excluded_lines": []}, "gh_graphql": {"executed_lines": [], "summary": {"covered_lines": 0, "num_statements": 3, "percent_covered": 0.0, "percent_covered_display": "0", "missing_lines": 3, "excluded_lines": 0}, "missing_lines": [137, 139, 145], "excluded_lines": []}, "gh_graphql.action": {"executed_lines": [], "summary": {"covered_lines": 0, "num_statements": 2, "percent_covered": 0.0, "percent_covered_display": "0", "missing_lines": 2, "excluded_lines": 0}, "missing_lines": [140, 143], "excluded_lines": []}, "get_pr_number_for_head": {"executed_lines": [], "summary": {"covered_lines": 0, "num_statements": 9, "percent_covered": 0.0, "percent_covered_display": "0", "missing_lines": 9, "excluded_lines": 0}, "missing_lines": [149, 163, 164, 165, 166, 167, 168, 169, 170], "excluded_lines": []}, "branch_has_commits_since": {"executed_lines": [], "summary": {"covered_lines": 0, "num_statements": 6, "percent_covered": 0.0, "percent_covered_display": "0", "missing_lines": 6, "excluded_lines": 0}, "missing_lines": [175, 178, 179, 180, 181, 184], "excluded_lines": []}, "trigger_copilot": {"executed_lines": [], "summary": {"covered_lines": 0, "num_statements": 4, "percent_covered": 0.0, "percent_covered_display": "0", "missing_lines": 4, "excluded_lines": 0}, "missing_lines": [188, 189, 195, 196], "excluded_lines": []}, "_gather_thread_comments": {"executed_lines": [], "summary": {"covered_lines": 0, "num_statements": 14, "percent_covered": 0.0, "percent_covered_display": "0", "missing_lines": 14, "excluded_lines": 0}, "missing_lines": [205, 206, 207, 208, 209, 210, 211, 212, 215, 216, 217, 218, 219, 220], "excluded_lines": []}, "get_unresolved_feedback": {"executed_lines": [], "summary": {"covered_lines": 0, "num_statements": 36, "percent_covered": 0.0, "percent_covered_display": "0", "missing_lines": 36, "excluded_lines": 0}, "missing_lines": [226, 227, 228, 229, 230, 234, 237, 238, 239, 240, 241, 242, 244, 245, 246, 247, 248, 249, 250, 251, 252, 253, 254, 255, 256, 257, 258, 259, 260, 261, 264, 265, 266, 267, 268, 278], "excluded_lines": []}, "reply_to_review_comment": {"executed_lines": [], "summary": {"covered_lines": 0, "num_statements": 3, "percent_covered": 0.0, "percent_covered_display": "0", "missing_lines": 3, "excluded_lines": 0}, "missing_lines": [284, 286, 302], "excluded_lines": []}, "reply_to_review_comment.action": {"executed_lines": [], "summary": {"covered_lines": 0, "num_statements": 1, "percent_covered": 0.0, "percent_covered_display": "0", "missing_lines": 1, "excluded_lines": 0}, "missing_lines": [287], "excluded_lines": []}, "resolve_review_thread": {"executed_lines": [], "summary": {"covered_lines": 0, "num_statements": 3, "percent_covered": 0.0, "percent_covered_display": "0", "missing_lines": 3, "excluded_lines": 0}, "missing_lines": [306, 313, 321], "excluded_lines": []}, "resolve_review_thread.action": {"executed_lines": [], "summary": {"covered_lines": 0, "num_statements": 1, "percent_covered": 0.0, "percent_covered_display": "0", "missing_lines": 1, "excluded_lines": 0}, "missing_lines": [314], "excluded_lines": []}, "acknowledge_review_items": {"executed_lines": [], "summary": {"covered_lines": 0, "num_statements": 13, "percent_covered": 0.0, "percent_covered_display": "0", "missing_lines": 13, "excluded_lines": 0}, "missing_lines": [336, 337, 338, 339, 340, 341, 342, 343, 344, 345, 346, 351, 354], "excluded_lines": []}, "_parse_iso8601": {"executed_lines": [358, 360, 361, 363, 364, 365, 366], "summary": {"covered_lines": 7, "num_statements": 12, "percent_covered": 58.333333333333336, "percent_covered_display": "58", "missing_lines": 5, "excluded_lines": 0}, "missing_lines": [359, 362, 367, 368, 369], "excluded_lines": []}, "_commit_timestamp": {"executed_lines": [373, 374, 385], "summary": {"covered_lines": 3, "num_statements": 6, "percent_covered": 50.0, "percent_covered_display": "50", "missing_lines": 3, "excluded_lines": 0}, "missing_lines": [378, 379, 384], "excluded_lines": []}, "_collect_commit_status_contexts": {"executed_lines": [389,
[...]
splay": "0", "missing_lines": 2, "excluded_lines": 0}, "missing_lines": [203, 204], "excluded_lines": []}, "VerificationPersistence.is_verification_fresh": {"executed_lines": [], "summary": {"covered_lines": 0, "num_statements": 1, "percent_covered": 0.0, "percent_covered_display": "0", "missing_lines": 1, "excluded_lines": 0}, "missing_lines": [227], "excluded_lines": []}, "VerificationPersistence.is_run_fresh": {"executed_lines": [], "summary": {"covered_lines": 0, "num_statements": 4, "percent_covered": 0.0, "percent_covered_display": "0", "missing_lines": 4, "excluded_lines": 0}, "missing_lines": [246, 247, 248, 250], "excluded_lines": []}, "VerificationPersistence._dict_to_run": {"executed_lines": [], "summary": {"covered_lines": 0, "num_statements": 5, "percent_covered": 0.0, "percent_covered_display": "0", "missing_lines": 5, "excluded_lines": 0}, "missing_lines": [267, 268, 269, 285, 287], "excluded_lines": []}, "generate_run_id": {"executed_lines": [], "summary": {"covered_lines": 0, "num_statements": 1, "percent_covered": 0.0, "percent_covered_display": "0", "missing_lines": 1, "excluded_lines": 0}, "missing_lines": [304], "excluded_lines": []}, "create_verification_run": {"executed_lines": [], "summary": {"covered_lines": 0, "num_statements": 5, "percent_covered": 0.0, "percent_covered_display": "0", "missing_lines": 5, "excluded_lines": 0}, "missing_lines": [325, 326, 328, 329, 331], "excluded_lines": []}, "": {"executed_lines": [1, 8, 10, 11, 12, 13, 14, 15, 17, 18, 21, 22, 23, 24, 25, 26, 29, 30, 31, 32, 33, 34, 35, 38, 39, 40, 42, 43, 44, 45, 46, 47, 48, 49, 50, 51, 52, 53, 54, 55, 57, 68, 69, 70, 72, 73, 74, 75, 76, 77, 78, 79, 80, 81, 82, 84, 98, 99, 105, 111, 132, 190, 206, 232, 254, 302, 307], "summary": {"covered_lines": 63, "num_statements": 63, "percent_covered": 100.0, "percent_covered_display": "100", "missing_lines": 0, "excluded_lines": 0}, "missing_lines": [], "excluded_lines": []}}, "classes": {"VerificationStatus": {"executed_lines": [], "summary": {"covered_lines": 0, "num_statements": 0, "percent_covered": 100.0, "percent_covered_display": "100", "missing_lines": 0, "excluded_lines": 0}, "missing_lines": [], "excluded_lines": []}, "VerifierType": {"executed_lines": [], "summary": {"covered_lines": 0, "num_statements": 0, "percent_covered": 100.0, "percent_covered_display": "100", "missing_lines": 0, "excluded_lines": 0}, "missing_lines": [], "excluded_lines": []}, "VerifierResult": {"executed_lines": [], "summary": {"covered_lines": 0, "num_statements": 4, "percent_covered": 0.0, "percent_covered_display": "0", "missing_lines": 4, "excluded_lines": 0}, "missing_lines": [59, 61, 62, 65], "excluded_lines": []}, "VerificationRun": {"executed_lines": [], "summary": {"covered_lines": 0, "num_statements": 4, "percent_covered": 0.0, "percent_covered_display": "0", "missing_lines": 4, "excluded_lines": 0}, "missing_lines": [86, 88, 94, 95], "excluded_lines": []}, "VerificationPersistence": {"executed_lines": [106, 107, 108, 109], "summary": {"covered_lines": 4, "num_statements": 45, "percent_covered": 8.88888888888889, "percent_covered_display": "9", "missing_lines": 41, "excluded_lines": 0}, "missing_lines": [119, 121, 124, 129, 130, 151, 152, 154, 155, 156, 157, 158, 159, 160, 161, 163, 166, 167, 168, 169, 170, 171, 172, 174, 175, 182, 185, 186, 188, 203, 204, 227, 246, 247, 248, 250, 267, 268, 269, 285, 287], "excluded_lines": []}, "": {"executed_lines": [1, 8, 10, 11, 12, 13, 14, 15, 17, 18, 21, 22, 23, 24, 25, 26, 29, 30, 31, 32, 33, 34, 35, 38, 39, 40, 42, 43, 44, 45, 46, 47, 48, 49, 50, 51, 52, 53, 54, 55, 57, 68, 69, 70, 72, 73, 74, 75, 76, 77, 78, 79, 80, 81, 82, 84, 98, 99, 105, 111, 132, 190, 206, 232, 254, 302, 307], "summary": {"covered_lines": 63, "num_statements": 69, "percent_covered": 91.30434782608695, "percent_covered_display": "91", "missing_lines": 6, "excluded_lines": 0}, "missing_lines": [304, 325, 326, 328, 329, 331], "excluded_lines": []}}}, "tools/auto_prd/versioned_criteria.py": {"executed_lines": [1, 11, 13, 14, 15, 16, 17, 20, 21, 22, 24, 25, 26, 27, 28, 29, 30, 33, 34, 35, 37, 38, 39, 40, 41, 44, 45, 56, 57, 58, 59, 61, 63, 66, 71, 73, 74, 76, 78, 79, 89, 91, 93, 94, 95, 98, 102, 104, 105, 106, 109, 113, 117, 121, 122, 126, 128, 145, 146, 149, 150, 151, 152, 154, 155, 156, 158, 159, 161, 162, 165, 166, 167, 170, 177, 181, 183, 187, 188, 190, 192, 202, 204, 208, 209, 214, 215, 216, 218, 219, 220, 223, 227, 228, 231, 232, 233, 234, 235, 237, 239, 240, 243, 244, 245, 246, 248, 249, 251, 268, 269, 272, 275, 276, 279, 281, 283, 284, 285, 286, 287, 295, 297, 343], "summary": {"covered_lines": 120, "num_statements": 178, "percent_covered": 67.41573033707866, "percent_covered_display": "67", "missing_lines": 58, "excluded_lines": 0}, "missing_lines": [64, 65, 80, 81, 82, 83, 84, 85, 86, 87, 88, 96, 103, 107, 114, 115, 123, 124, 125, 147, 210, 221, 229, 241, 270, 310, 311, 312, 314, 316, 317, 322, 323, 324, 325, 326, 327, 328, 330, 331, 333, 335, 345, 347, 348, 349, 355, 356, 357, 358, 359, 363, 364, 365, 366, 367, 368, 369], "excluded_lines": [], "functions": {"VersionedCriteriaManager.__init__": {"executed_lines": [57, 58, 59], "summary": {"covered_lines": 3, "num_statements": 3, "percent_covered": 100.0, "percent_covered_display": "100", "missing_lines": 0, "excluded_lines": 0}, "missing_lines": [], "excluded_lines": []}, "VersionedCriteriaManager._load_tracker": {"executed_lines": [63, 66], "summary": {"covered_lines": 2, "num_statements": 4, "percent_covered": 50.0, "percent_covered_display": "50", "missing_lines": 2, "excluded_lines": 0}, "missing_lines": [64, 65], "excluded_lines": []}, "VersionedCriteriaManager._save_tracker": {"executed_lines": [73, 74], "summary": {"covered_lines": 2, "num_statements": 2, "percent_covered": 100.0, "percent_covered_display": "100", "missing_lines": 0, "excluded_lines": 0}, "missing_lines": [], "excluded_lines": []}, "VersionedCriteriaManager._find_next_criterion_id": {"executed_lines": [78, 79, 89], "summary": {"covered_lines": 3, "num_statements": 12, "percent_covered": 25.0, "percent_covered_display": "25", "missing_lines": 9, "excluded_lines": 0}, "missing_lines": [80, 81, 82, 83, 84, 85, 86, 87, 88], "excluded_lines": []}, "VersionedCriteriaManager.get_feature": {"executed_lines": [93, 94, 95], "summary": {"covered_lines": 3, "num_statements": 4, "percent_covered": 75.0, "percent_covered_display": "75", "missing_lines": 1, "excluded_lines": 0}, "missing_lines": [96], "excluded_lines": []}, "VersionedCriteriaManager.find_criterion": {"executed_lines": [102, 104, 105, 106], "summary": {"covered_lines": 4, "num_statements": 6, "percent_covered": 66.66666666666667, "percent_covered_display": "67", "missing_lines": 2, "excluded_lines": 0}, "missing_lines": [103, 107], "excluded_lines": []}, "VersionedCriteriaManager.mark_tasks_needing_reverify": {"executed_lines": [113], "summary": {"covered_lines": 1, "num_statements": 3, "percent_covered": 33.333333333333336, "percent_covered_display": "33", "missing_lines": 2, "excluded_lines": 0}, "missing_lines": [114, 115], "excluded_lines": []}, "VersionedCriteriaManager.get_invalidated_tasks": {"executed_lines": [121, 122, 126], "summary": {"covered_lines": 3, "num_statements": 6, "percent_covered": 50.0, "percent_covered_display": "50", "missing_lines": 3, "excluded_lines": 0}, "missing_lines": [123, 124, 125], "excluded_lines": []}, "VersionedCriteriaManager.update_acceptance_criteria": {"executed_lines": [145, 146, 149, 150, 151, 152, 154, 155, 156, 158, 159, 161, 162, 165, 166, 167, 170, 177, 181], "summary": {"covered_lines": 19, "num_statements": 20, "percent_covered": 95.0, "percent_covered_display": "95", "missing_lines": 1, "excluded_lines": 0}, "missing_lines": [147], "excluded_lines": []}, "VersionedCriteriaManager._add_criterion": {"executed_lines": [187, 188, 190, 192, 202], "summary": {"covered_lines": 5, "num_statements": 5, "percent_covered": 100.0, "percent_covered_display": "100", "missing_lines": 0, "excluded_lines": 0}, "missing_lines": [], "excluded_lines": []}, "VersionedCriteriaManager._modify_criterion": {"executed_lines": [208, 209, 214, 215, 216, 218, 219, 220], "summary": {"covered_lines": 8, "num_statements": 10, "percent_covered": 80.0, "percent_covered_display": "80", "missing_lines": 2, "excluded_lines": 0}, "missing_lines": [210, 221], "excluded_lines": []}, "VersionedCriteriaManager._remove_criterion": {"executed_lines": [227, 228, 231, 232, 233, 234, 235], "summary": {"covered_lines": 7, "num_statements": 8, "percent_covered": 87.5, "percent_covered_display": "88", "missing_lines": 1, "excluded_lines": 0}, "missing_lines": [229], "excluded_lines": []}, "VersionedCriteriaManager.bump_criteria_version": {"executed_lines": [239, 240, 243, 244, 245, 246, 248, 249], "summary": {"covered_lines": 8, "num_statements": 9, "percent_covered": 88.88888888888889, "percent_covered_display": "89", "missing_lines": 1, "excluded_lines": 0}, "missing_lines": [241], "excluded_lines": []}, "VersionedCriteriaManager.is_criteria_fresh": {"executed_lines": [268, 269, 272, 275, 276, 279], "summary": {"covered_lines": 6, "num_statements": 7, "percent_covered": 85.71428571428571, "percent_covered_display": "86", "missing_lines": 1, "excluded_lines": 0}, "missing_lines": [270], "excluded_lines": []}, "VersionedCriteriaManager.get_criteria_history": {"executed_lines": [283, 284, 285, 286, 287, 295], "summary": {"covered_lines": 6, "num_statements": 6, "percent_covered": 100.0, "percent_covered_display": "100", "missing_lines": 0, "excluded_lines": 0}, "missing_lines": [], "excluded_lines": []}, "VersionedCriteriaManager.rollback_to_version": {"executed_lines": [], "summary": {"covered_lines": 0, "num_statements": 17, "percent_covered": 0.0, "percent_covered_display": "0", "missing_lines": 17, "excluded_lines": 0}, "missing_lines": [310, 311, 312, 314, 316, 317, 322, 323, 324, 325, 326, 327, 328, 330, 331, 333, 335], "excluded_lines": []}, "VersionedCriteriaManager._revert_change": {"executed_lines": [], "summary": {"covered_lines": 0, "num_statements": 16, "percent_covered": 0.0, "percent_covered_display": "0", "missing_lines": 16, "excluded_lines": 0}, "missing_lines": [345, 347, 348, 349, 355, 356, 357, 358, 359, 363, 364, 365, 366, 367, 368, 369], "excluded_lines": []}, "": {"executed_lines": [1, 11, 13, 14, 15, 16, 17, 20, 21, 22, 24, 25, 26, 27, 28, 29, 30, 33, 34, 35, 37, 38, 39, 40, 41, 44, 45, 56, 61, 71, 76, 91, 98, 109, 117, 128, 183, 204, 223, 237, 251, 281, 297, 343], "summary": {"covered_lines": 40, "num_statements": 40, "percent_covered": 100.0, "percent_covered_display": "100", "missing_lines": 0, "excluded_lines": 0}, "missing_lines": [], "excluded_lines": []}}, "classes": {"CriteriaChange": {"executed_lines": [], "summary": {"covered_lines": 0, "num_statements": 0, "percent_covered": 100.0, "percent_covered_display": "100", "missing_lines": 0, "excluded_lines": 0}, "missing_lines": [], "excluded_lines": []}, "ChangelogEntry": {"executed_lines": [], "summary": {"covered_lines": 0, "num_statements": 0, "percent_covered": 100.0, "percent_covered_display": "100", "missing_lines": 0, "excluded_lines": 0}, "missing_lines": [], "excluded_lines": []}, "VersionedCriteriaManager": {"executed_lines": [57, 58, 59, 63, 66, 73, 74, 78, 79, 89, 93, 94, 95, 102, 104, 105, 106, 113, 121, 122, 126, 145, 146, 149, 150, 151, 152, 154, 155, 156, 158, 159, 161, 162, 165, 166, 167, 170, 177, 181, 187, 188, 190, 192, 202, 208, 209, 214, 215, 216, 218, 219, 220, 227, 228, 231, 232, 233, 234, 235, 239, 240, 243, 244, 245, 246, 248, 249, 268, 269, 272, 275, 276, 279, 283, 284, 285, 286, 287, 295], "summary": {"covered_lines": 80, "num_statements": 138, "percent_covered": 57.971014492753625, "percent_covered_display": "58", "missing_lines": 58, "excluded_lines": 0}, "missing_lines": [64, 65, 80, 81, 82, 83, 84, 85, 86, 87, 88, 96, 103, 107, 114, 115, 123, 124, 125, 147, 210, 221, 229, 241, 270, 310, 311, 312, 314, 316, 317, 322, 323, 324, 325, 326, 327, 328, 330, 331, 333, 335, 345, 347, 348, 349, 355, 356, 357, 358, 359, 363, 364, 365, 366, 367, 368, 369], "excluded_lines": []}, "": {"executed_lines": [1, 11, 13, 14, 15, 16, 17, 20, 21, 22, 24, 25, 26, 27, 28, 29, 30, 33, 34, 35, 37, 38, 39, 40, 41, 44, 45, 56, 61, 71, 76, 91, 98, 109, 117, 128, 183, 204, 223, 237, 251, 281, 297, 343], "summary": {"covered_lines": 40, "num_statements": 40, "percent_covered": 100.0, "percent_covered_display": "100", "missing_lines": 0, "excluded_lines": 0}, "missing_lines": [], "excluded_lines": []}}}, "tools/auto_prd/worker.py": {"executed_lines": [], "summary": {"covered_lines": 0, "num_statements": 214, "percent_covered": 0.0, "percent_covered_display": "0", "missing_lines": 214, "excluded_lines": 0}, "missing_lines": [11, 13, 14, 15, 16, 17, 19, 20, 21, 22, 23, 24, 25, 31, 34, 37, 43, 44, 47, 48, 49, 50, 51, 54, 55, 58, 59, 60, 61, 62, 63, 64, 65, 67, 68, 70, 77, 97, 116, 117, 119, 120, 121, 122, 123, 124, 125, 127, 136, 137, 138, 139, 141, 155, 156, 157, 167, 168, 169, 170, 171, 173, 176, 177, 180, 181, 182, 183, 184, 186, 187, 188, 190, 191, 193, 194, 195, 196, 197, 198, 199, 200, 202, 203, 204, 205, 207, 208, 209, 210, 211, 212, 213, 215, 218, 219, 229, 232, 233, 236, 237, 238, 242, 243, 244, 245, 247, 248, 256, 257, 258, 259, 266, 268, 279, 291, 292, 293, 294, 296, 298, 310, 312, 313, 314, 321, 325, 326, 327, 328, 329, 331, 337, 338, 340, 341, 342, 344, 345, 346, 347, 355, 356, 357, 365, 366, 367, 369, 370, 371, 373, 374, 375, 376, 378, 385, 395, 396, 397, 398, 401, 407, 408, 413, 414, 419, 450, 452, 464, 465, 467, 468, 469, 470, 475, 476, 477, 478, 479, 480, 482, 484, 490, 491, 492, 495, 503, 504, 505, 506, 510, 512, 513, 514, 520, 521, 522, 524, 525, 526, 527, 528, 531, 532, 534, 536, 539, 562, 563, 564, 566, 575, 576, 578], "excluded_lines": [], "functions": {"FeatureResult.success": {"executed_lines": [], "summary": {"covered_lines": 0, "num_statements": 1, "percent_covered": 0.0, "percent_covered_display": "0", "missing_lines": 1, "excluded_lines": 0}, "missing_lines": [70], "excluded_lines": []}, "IncrementalWorker.__init__": {"executed_lines": [], "summary": {"covered_lines": 0, "num_statements": 9, "percent_covered": 0.0, "percent_covered_display": "0", "missing_lines": 9, "excluded_lines": 0}, "missing_lines": [116, 117, 119, 120, 121, 122, 123, 124, 125], "excluded_lines": []}, "IncrementalWorker.get_feature": {"executed_lines": [], "summary": {"covered_lines": 0, "num_statements": 4, "percent_covered": 0.0, "percent_covered_display": "0", "missing_lines": 4, "excluded_lines": 0}, "missing_lines": [136, 137, 138, 139], "excluded_lines": []}, "IncrementalWorker.run_feature": {"executed_lines": [], "summary": {"covered_lines": 0, "num_statements": 61, "percent_covered": 0.0, "percent_covered_display": "0", "missing_lines": 61, "excluded_lines": 0}, "missing_lines": [155, 156, 157, 167, 168, 169, 170, 171, 173, 176, 177, 180, 181, 182, 183, 184, 186, 187, 188, 190, 191, 193, 194, 195, 196, 197, 198, 199, 200, 202, 203, 204, 205, 207, 208, 209, 210, 211, 212, 213, 215, 218, 219, 229, 232, 233, 236, 237, 238, 242, 243, 244, 245, 247, 248, 256, 257, 258, 259, 266, 268], "excluded_lines": []}, "IncrementalWorker.run_next_feature": {"executed_lines": [], "summary": {"covered_lines": 0, "num_statements": 5, "percent_covered": 0.0, "percent_covered_display": "0", "missing_lines": 5, "excluded_lines": 0}, "missing_lines": [291, 292, 293, 294, 296], "excluded_lines": []}, "IncrementalWorker._implement_task": {"executed_lines": [], "summary": {"covered_lines": 0, "num_statements": 34, "percent_covered": 0.0, "percent_covered_display": "0", "missing_lines": 34, "excluded_lines": 0}, "missing_lines": [310, 312, 313, 314, 321, 325, 326, 327, 328, 329, 331, 337, 338, 340, 341, 342, 344, 345, 346, 347, 355, 356, 357, 365, 366, 367, 369, 370, 371, 373, 374, 375, 376, 378], "excluded_lines": []}, "IncrementalWorker._build_task_prompt": {"executed_lines": [], "summary": {"covered_lines": 0, "num_statements": 11, "percent_covered": 0.0, "percent_covered_display": "0", "missing_lines": 11, "excluded_lines": 0}, "missing_lines": [395, 396, 397, 398, 401, 407, 408, 413, 414, 419, 450], "excluded_lines": []}, "IncrementalWorker._commit_task_changes": {"executed_lines": [], "summary": {"covered_lines": 0, "num_statements": 13, "percent_covered": 0.0, "percent_covered_display": "0", "missing_lines": 13, "excluded_lines": 0}, "missing_lines": [464, 465, 467, 468, 469, 470, 475, 476, 477, 478, 479, 480, 482], "excluded_lines": []}, "IncrementalWorker._verify_feature": {"executed_lines": [], "summary": {"covered_lines": 0, "num_statements": 22, "percent_covered": 0.0, "percent_covered_display": "0", "missing_lines": 22, "excluded_lines": 0}, "missing_lines": [490, 491, 492, 495, 503, 504, 505, 506, 510, 512, 513, 514, 520, 521, 522, 524, 525, 526, 527, 528, 531, 532], "excluded_lines": []}, "IncrementalWorker._save_tracker": {"executed_lines": [], "summary": {"covered_lines": 0, "num_statements": 1, "percent_covered": 0.0, "percent_covered_display": "0", "missing_lines": 1, "excluded_lines": 0}, "missing_lines": [536], "excluded_lines": []}, "run_worker": {"executed_lines": [], "summary": {"covered_lines": 0, "num_statements": 7, "percent_covered": 0.0, "percent_covered_display": "0", "missing_lines": 7, "excluded_lines": 0}, "missing_lines": [562, 563, 564, 566, 575, 576, 578], "excluded_lines": []}, "": {"executed_lines": [], "summary": {"covered_lines": 0, "num_statements": 46, "percent_covered": 0.0, "percent_covered_display": "0", "missing_lines": 46, "excluded_lines": 0}, "missing_lines": [11, 13, 14, 15, 16, 17, 19, 20, 21, 22, 23, 24, 25, 31, 34, 37, 43, 44, 47, 48, 49, 50, 51, 54, 55, 58, 59, 60, 61, 62, 63, 64, 65, 67, 68, 77, 97, 127, 141, 279, 298, 385, 452, 484, 534, 539], "excluded_lines": []}}, "classes": {"TaskResult": {"executed_lines": [], "summary": {"covered_lines": 0, "num_statements": 0, "percent_covered": 100.0, "percent_covered_display": "100", "missing_lines": 0, "excluded_lines": 0}, "missing_lines": [], "excluded_lines": []}, "FeatureResult": {"executed_lines": [], "summary": {"covered_lines": 0, "num_statements": 1, "percent_covered": 0.0, "percent_covered_display": "0", "missing_lines": 1, "excluded_lines": 0}, "missing_lines": [70], "excluded_lines": []}, "IncrementalWorker": {"executed_lines": [], "summary": {"covered_lines": 0, "num_statements": 160, "percent_covered": 0.0, "percent_covered_display": "0", "missing_lines": 160, "excluded_lines": 0}, "missing_lines": [116, 117, 119, 120, 121, 122, 123, 124, 125, 136, 137, 138, 139, 155, 156, 157, 167, 168, 169, 170, 171, 173, 176, 177, 180, 181, 182, 183, 184, 186, 187, 188, 190, 191, 193, 194, 195, 196, 197, 198, 199, 200, 202, 203, 204, 205, 207, 208, 209, 210, 211, 212, 213, 215, 218, 219, 229, 232, 233, 236, 237, 238, 242, 243, 244, 245, 247, 248, 256, 257, 258, 259, 266, 268, 291, 292, 293, 294, 296, 310, 312, 313, 314, 321, 325, 326, 327, 328, 329, 331, 337, 338, 340, 341, 342, 344, 345, 346, 347, 355, 356, 357, 365, 366, 367, 369, 370, 371, 373, 374, 375, 376, 378, 395, 396, 397, 398, 401, 407, 408, 413, 414, 419, 450, 464, 465, 467, 468, 469, 470, 475, 476, 477, 478, 479, 480, 482, 490, 491, 492, 495, 503, 504, 505, 506, 510, 512, 513, 514, 520, 521, 522, 524, 525, 526, 527, 528, 531, 532, 536], "excluded_lines": []}, "": {"executed_lines": [], "summary": {"covered_lines": 0, "num_statements": 53, "percent_covered": 0.0, "percent_covered_display": "0", "missing_lines": 53, "excluded_lines": 0}, "missing_lines": [11, 13, 14, 15, 16, 17, 19, 20, 21, 22, 23, 24, 25, 31, 34, 37, 43, 44, 47, 48, 49, 50, 51, 54, 55, 58, 59, 60, 61, 62, 63, 64, 65, 67, 68, 77, 97, 127, 141, 279, 298, 385, 452, 484, 534, 539, 562, 563, 564, 566, 575, 576, 578], "excluded_lines": []}}}}, "totals": {"covered_lines": 6689, "num_statements": 11607, "percent_covered": 57.62901697251659, "percent_covered_display": "58", "missing_lines": 4918, "excluded_lines": 21}}